{"meta": {"format": 3, "version": "7.10.7", "timestamp": "2025-11-20T14:35:19.086715", "branch_coverage": false, "show_contexts": false}, "files": {"src/chuk_tool_processor/__init__.py": {"executed_lines": [1, 23, 26, 29, 32, 33, 34, 37, 44, 47, 48, 51, 57, 60, 63, 79, 108], "summary": {"covered_lines": 14, "num_statements": 14, "percent_covered": 100.0, "percent_covered_display": "100.00", "missing_lines": 0, "excluded_lines": 10}, "missing_lines": [], "excluded_lines": [63, 66, 67, 70, 71, 72, 73, 76, 108, 109], "functions": {"": {"executed_lines": [1, 23, 26, 29, 32, 33, 34, 37, 44, 47, 48, 51, 57, 60, 63, 79, 108], "summary": {"covered_lines": 14, "num_statements": 14, "percent_covered": 100.0, "percent_covered_display": "100.00", "missing_lines": 0, "excluded_lines": 10}, "missing_lines": [], "excluded_lines": [63, 66, 67, 70, 71, 72, 73, 76, 108, 109]}}, "classes": {"": {"executed_lines": [1, 23, 26, 29, 32, 33, 34, 37, 44, 47, 48, 51, 57, 60, 63, 79, 108], "summary": {"covered_lines": 14, "num_statements": 14, "percent_covered": 100.0, "percent_covered_display": "100.00", "missing_lines": 0, "excluded_lines": 10}, "missing_lines": [], "excluded_lines": [63, 66, 67, 70, 71, 72, 73, 76, 108, 109]}}}, "src/chuk_tool_processor/core/__init__.py": {"executed_lines": [2, 4, 19], "summary": {"covered_lines": 2, "num_statements": 2, "percent_covered": 100.0, "percent_covered_display": "100.00", "missing_lines": 0, "excluded_lines": 0}, "missing_lines": [], "excluded_lines": [], "functions": {"": {"executed_lines": [2, 4, 19], "summary": {"covered_lines": 2, "num_statements": 2, "percent_covered": 100.0, "percent_covered_display": "100.00", "missing_lines": 0, "excluded_lines": 0}, "missing_lines": [], "excluded_lines": []}}, "classes": {"": {"executed_lines": [2, 4, 19], "summary": {"covered_lines": 2, "num_statements": 2, "percent_covered": 100.0, "percent_covered_display": "100.00", "missing_lines": 0, "excluded_lines": 0}, "missing_lines": [], "excluded_lines": []}}}, "src/chuk_tool_processor/core/exceptions.py": {"executed_lines": [2, 3, 4, 7, 8, 11, 12, 15, 16, 17, 20, 21, 22, 25, 26, 29, 30, 33, 34, 35, 36, 39, 40, 43, 44, 46, 53, 54, 55, 56, 58, 60, 66, 67, 71, 74, 75, 77, 84, 85, 88, 91, 92, 94, 105, 106, 108, 112, 116, 121, 124, 125, 126, 127, 129, 132, 139, 140, 142, 148, 149, 150, 151, 153, 154, 155, 157, 165, 166, 168, 169, 170, 172, 178, 181, 182, 184, 190, 191, 192, 193, 200, 201, 203, 209, 210, 211, 212, 213, 214, 216, 217, 224, 225, 227, 233, 234, 235, 236, 237, 238, 239, 246, 247, 249, 255, 256, 257, 258, 259, 260, 261, 268, 269, 271, 278, 279, 280, 281, 284, 285, 287, 288, 289, 290, 291, 299, 300, 302, 303], "summary": {"covered_lines": 118, "num_statements": 128, "percent_covered": 92.1875, "percent_covered_display": "92.19", "missing_lines": 10, "excluded_lines": 0}, "missing_lines": [96, 97, 99, 100, 101, 102, 109, 113, 128, 130], "excluded_lines": [], "functions": {"ToolProcessorError.__init__": {"executed_lines": [53, 54, 55, 56], "summary": {"covered_lines": 4, "num_statements": 4, "percent_covered": 100.0, "percent_covered_display": "100.00", "missing_lines": 0, "excluded_lines": 0}, "missing_lines": [], "excluded_lines": []}, "ToolProcessorError.to_dict": {"executed_lines": [60, 66, 67, 71], "summary": {"covered_lines": 4, "num_statements": 4, "percent_covered": 100.0, "percent_covered_display": "100.00", "missing_lines": 0, "excluded_lines": 0}, "missing_lines": [], "excluded_lines": []}, "ToolNotFoundError.__init__": {"executed_lines": [84, 85, 88, 91, 92, 94, 105, 106, 108, 112, 116, 121, 124, 125, 126, 127, 129, 132], "summary": {"covered_lines": 18, "num_statements": 28, "percent_covered": 64.28571428571429, "percent_covered_display": "64.29", "missing_lines": 10, "excluded_lines": 0}, "missing_lines": [96, 97, 99, 100, 101, 102, 109, 113, 128, 130], "excluded_lines": []}, "ToolExecutionError.__init__": {"executed_lines": [148, 149, 150, 151, 153, 154, 155, 157], "summary": {"covered_lines": 8, "num_statements": 8, "percent_covered": 100.0, "percent_covered_display": "100.00", "missing_lines": 0, "excluded_lines": 0}, "missing_lines": [], "excluded_lines": []}, "ToolTimeoutError.__init__": {"executed_lines": [169, 170, 172, 178], "summary": {"covered_lines": 4, "num_statements": 4, "percent_covered": 100.0, "percent_covered_display": "100.00", "missing_lines": 0, "excluded_lines": 0}, "missing_lines": [], "excluded_lines": []}, "ToolValidationError.__init__": {"executed_lines": [190, 191, 192, 193], "summary": {"covered_lines": 4, "num_statements": 4, "percent_covered": 100.0, "percent_covered_display": "100.00", "missing_lines": 0, "excluded_lines": 0}, "missing_lines": [], "excluded_lines": []}, "ParserError.__init__": {"executed_lines": [209, 210, 211, 212, 213, 214, 216, 217], "summary": {"covered_lines": 8, "num_statements": 8, "percent_covered": 100.0, "percent_covered_display": "100.00", "missing_lines": 0, "excluded_lines": 0}, "missing_lines": [], "excluded_lines": []}, "ToolRateLimitedError.__init__": {"executed_lines": [233, 234, 235, 236, 237, 238, 239], "summary": {"covered_lines": 7, "num_statements": 7, "percent_covered": 100.0, "percent_covered_display": "100.00", "missing_lines": 0, "excluded_lines": 0}, "missing_lines": [], "excluded_lines": []}, "ToolCircuitOpenError.__init__": {"executed_lines": [255, 256, 257, 258, 259, 260, 261], "summary": {"covered_lines": 7, "num_statements": 7, "percent_covered": 100.0, "percent_covered_display": "100.00", "missing_lines": 0, "excluded_lines": 0}, "missing_lines": [], "excluded_lines": []}, "MCPError.__init__": {"executed_lines": [278, 279, 280, 281], "summary": {"covered_lines": 4, "num_statements": 4, "percent_covered": 100.0, "percent_covered_display": "100.00", "missing_lines": 0, "excluded_lines": 0}, "missing_lines": [], "excluded_lines": []}, "MCPConnectionError.__init__": {"executed_lines": [288, 289, 290, 291], "summary": {"covered_lines": 4, "num_statements": 4, "percent_covered": 100.0, "percent_covered_display": "100.00", "missing_lines": 0, "excluded_lines": 0}, "missing_lines": [], "excluded_lines": []}, "MCPTimeoutError.__init__": {"executed_lines": [303], "summary": {"covered_lines": 1, "num_statements": 1, "percent_covered": 100.0, "percent_covered_display": "100.00", "missing_lines": 0, "excluded_lines": 0}, "missing_lines": [], "excluded_lines": []}, "": {"executed_lines": [2, 3, 4, 7, 8, 11, 12, 15, 16, 17, 20, 21, 22, 25, 26, 29, 30, 33, 34, 35, 36, 39, 40, 43, 44, 46, 58, 74, 75, 77, 139, 140, 142, 165, 166, 168, 181, 182, 184, 200, 201, 203, 224, 225, 227, 246, 247, 249, 268, 269, 271, 284, 285, 287, 299, 300, 302], "summary": {"covered_lines": 45, "num_statements": 45, "percent_covered": 100.0, "percent_covered_display": "100.00", "missing_lines": 0, "excluded_lines": 0}, "missing_lines": [], "excluded_lines": []}}, "classes": {"ErrorCode": {"executed_lines": [], "summary": {"covered_lines": 0, "num_statements": 0, "percent_covered": 100.0, "percent_covered_display": "100.00", "missing_lines": 0, "excluded_lines": 0}, "missing_lines": [], "excluded_lines": []}, "ToolProcessorError": {"executed_lines": [53, 54, 55, 56, 60, 66, 67, 71], "summary": {"covered_lines": 8, "num_statements": 8, "percent_covered": 100.0, "percent_covered_display": "100.00", "missing_lines": 0, "excluded_lines": 0}, "missing_lines": [], "excluded_lines": []}, "ToolNotFoundError": {"executed_lines": [84, 85, 88, 91, 92, 94, 105, 106, 108, 112, 116, 121, 124, 125, 126, 127, 129, 132], "summary": {"covered_lines": 18, "num_statements": 28, "percent_covered": 64.28571428571429, "percent_covered_display": "64.29", "missing_lines": 10, "excluded_lines": 0}, "missing_lines": [96, 97, 99, 100, 101, 102, 109, 113, 128, 130], "excluded_lines": []}, "ToolExecutionError": {"executed_lines": [148, 149, 150, 151, 153, 154, 155, 157], "summary": {"covered_lines": 8, "num_statements": 8, "percent_covered": 100.0, "percent_covered_display": "100.00", "missing_lines": 0, "excluded_lines": 0}, "missing_lines": [], "excluded_lines": []}, "ToolTimeoutError": {"executed_lines": [169, 170, 172, 178], "summary": {"covered_lines": 4, "num_statements": 4, "percent_covered": 100.0, "percent_covered_display": "100.00", "missing_lines": 0, "excluded_lines": 0}, "missing_lines": [], "excluded_lines": []}, "ToolValidationError": {"executed_lines": [190, 191, 192, 193], "summary": {"covered_lines": 4, "num_statements": 4, "percent_covered": 100.0, "percent_covered_display": "100.00", "missing_lines": 0, "excluded_lines": 0}, "missing_lines": [], "excluded_lines": []}, "ParserError": {"executed_lines": [209, 210, 211, 212, 213, 214, 216, 217], "summary": {"covered_lines": 8, "num_statements": 8, "percent_covered": 100.0, "percent_covered_display": "100.00", "missing_lines": 0, "excluded_lines": 0}, "missing_lines": [], "excluded_lines": []}, "ToolRateLimitedError": {"executed_lines": [233, 234, 235, 236, 237, 238, 239], "summary": {"covered_lines": 7, "num_statements": 7, "percent_covered": 100.0, "percent_covered_display": "100.00", "missing_lines": 0, "excluded_lines": 0}, "missing_lines": [], "excluded_lines": []}, "ToolCircuitOpenError": {"executed_lines": [255, 256, 257, 258, 259, 260, 261], "summary": {"covered_lines": 7, "num_statements": 7, "percent_covered": 100.0, "percent_covered_display": "100.00", "missing_lines": 0, "excluded_lines": 0}, "missing_lines": [], "excluded_lines": []}, "MCPError": {"executed_lines": [278, 279, 280, 281], "summary": {"covered_lines": 4, "num_statements": 4, "percent_covered": 100.0, "percent_covered_display": "100.00", "missing_lines": 0, "excluded_lines": 0}, "missing_lines": [], "excluded_lines": []}, "MCPConnectionError": {"executed_lines": [288, 289, 290, 291], "summary": {"covered_lines": 4, "num_statements": 4, "percent_covered": 100.0, "percent_covered_display": "100.00", "missing_lines": 0, "excluded_lines": 0}, "missing_lines": [], "excluded_lines": []}, "MCPTimeoutError": {"executed_lines": [303], "summary": {"covered_lines": 1, "num_statements": 1, "percent_covered": 100.0, "percent_covered_display": "100.00", "missing_lines": 0, "excluded_lines": 0}, "missing_lines": [], "excluded_lines": []}, "": {"executed_lines": [2, 3, 4, 7, 8, 11, 12, 15, 16, 17, 20, 21, 22, 25, 26, 29, 30, 33, 34, 35, 36, 39, 40, 43, 44, 46, 58, 74, 75, 77, 139, 140, 142, 165, 166, 168, 181, 182, 184, 200, 201, 203, 224, 225, 227, 246, 247, 249, 268, 269, 271, 284, 285, 287, 299, 300, 302], "summary": {"covered_lines": 45, "num_statements": 45, "percent_covered": 100.0, "percent_covered_display": "100.00", "missing_lines": 0, "excluded_lines": 0}, "missing_lines": [], "excluded_lines": []}}}, "src/chuk_tool_processor/core/processor.py": {"executed_lines": [2, 11, 13, 14, 15, 16, 17, 19, 20, 21, 25, 26, 27, 28, 29, 30, 31, 32, 35, 36, 90, 169, 172, 173, 174, 175, 176, 177, 178, 179, 180, 181, 182, 183, 184, 185, 186, 187, 190, 191, 192, 193, 196, 197, 199, 207, 208, 209, 211, 214, 215, 217, 220, 221, 223, 230, 234, 235, 236, 240, 245, 246, 248, 249, 254, 255, 256, 260, 265, 266, 267, 268, 274, 278, 279, 280, 281, 284, 285, 291, 293, 294, 296, 387, 390, 392, 394, 395, 396, 398, 399, 400, 401, 402, 403, 404, 407, 408, 409, 410, 412, 414, 415, 416, 417, 420, 421, 423, 427, 428, 430, 431, 432, 434, 437, 439, 440, 443, 444, 445, 447, 448, 449, 451, 452, 455, 458, 459, 462, 463, 472, 474, 495, 502, 557, 560, 561, 564, 569, 571, 584, 587, 590, 593, 596, 599, 604, 621, 624, 625, 628, 631, 633, 635, 638, 640, 653, 654, 660, 663, 664, 666, 667, 668, 669, 671, 673, 675, 677, 678, 680, 682, 685, 686, 693, 695, 697, 698, 704, 705, 710, 729, 731, 732, 735, 736, 738, 750, 752, 753, 755, 756, 761, 763, 764, 766, 768, 769, 771, 778, 780, 782, 783, 784, 785, 786, 787, 790, 791, 792, 793, 794, 795, 797, 798, 801, 803, 804, 805, 806, 807, 808, 809, 811, 812, 813, 814, 815, 817, 819, 820, 824, 825, 828, 832, 833, 834, 835, 836, 838, 841, 859, 860, 868, 888, 889], "summary": {"covered_lines": 244, "num_statements": 256, "percent_covered": 95.3125, "percent_covered_display": "95.31", "missing_lines": 12, "excluded_lines": 0}, "missing_lines": [595, 598, 601, 605, 606, 607, 609, 611, 613, 615, 616, 618], "excluded_lines": [], "functions": {"ToolProcessor.__init__": {"executed_lines": [169, 172, 173, 174, 175, 176, 177, 178, 179, 180, 181, 182, 183, 184, 185, 186, 187, 190, 191, 192, 193, 196, 197], "summary": {"covered_lines": 23, "num_statements": 23, "percent_covered": 100.0, "percent_covered_display": "100.00", "missing_lines": 0, "excluded_lines": 0}, "missing_lines": [], "excluded_lines": []}, "ToolProcessor.initialize": {"executed_lines": [207, 208, 209, 211, 214, 215, 217, 220, 221, 223, 230, 234, 235, 236, 240, 245, 246, 248, 249, 254, 255, 256, 260, 265, 266, 267, 268, 274, 278, 279, 280, 281, 284, 285, 291, 293, 294], "summary": {"covered_lines": 37, "num_statements": 37, "percent_covered": 100.0, "percent_covered_display": "100.00", "missing_lines": 0, "excluded_lines": 0}, "missing_lines": [], "excluded_lines": []}, "ToolProcessor.process": {"executed_lines": [387, 390, 392, 394, 395, 396, 398, 399, 400, 401, 402, 403, 404, 407, 408, 409, 410, 412, 414, 415, 416, 417, 420, 421, 423, 427, 428, 430, 431, 432, 434, 437, 439, 440, 443, 444, 445, 447, 448, 449, 451, 452, 455, 458, 459, 462, 463, 472], "summary": {"covered_lines": 48, "num_statements": 48, "percent_covered": 100.0, "percent_covered_display": "100.00", "missing_lines": 0, "excluded_lines": 0}, "missing_lines": [], "excluded_lines": []}, "ToolProcessor.process_text": {"executed_lines": [495], "summary": {"covered_lines": 1, "num_statements": 1, "percent_covered": 100.0, "percent_covered_display": "100.00", "missing_lines": 0, "excluded_lines": 0}, "missing_lines": [], "excluded_lines": []}, "ToolProcessor.execute": {"executed_lines": [557, 560, 561, 564, 569], "summary": {"covered_lines": 5, "num_statements": 5, "percent_covered": 100.0, "percent_covered_display": "100.00", "missing_lines": 0, "excluded_lines": 0}, "missing_lines": [], "excluded_lines": []}, "ToolProcessor._extract_tool_calls": {"executed_lines": [584, 587, 590, 593, 596, 599, 604, 621, 624, 625, 628, 631, 633, 635, 638], "summary": {"covered_lines": 15, "num_statements": 27, "percent_covered": 55.55555555555556, "percent_covered_display": "55.56", "missing_lines": 12, "excluded_lines": 0}, "missing_lines": [595, 598, 601, 605, 606, 607, 609, 611, 613, 615, 616, 618], "excluded_lines": []}, "ToolProcessor._deduplicate_calls": {"executed_lines": [653, 654, 660, 666, 667, 668, 669, 671], "summary": {"covered_lines": 8, "num_statements": 8, "percent_covered": 100.0, "percent_covered_display": "100.00", "missing_lines": 0, "excluded_lines": 0}, "missing_lines": [], "excluded_lines": []}, "ToolProcessor._deduplicate_calls._args_digest": {"executed_lines": [663, 664], "summary": {"covered_lines": 2, "num_statements": 2, "percent_covered": 100.0, "percent_covered_display": "100.00", "missing_lines": 0, "excluded_lines": 0}, "missing_lines": [], "excluded_lines": []}, "ToolProcessor._try_parser": {"executed_lines": [675, 677, 678, 680, 682, 685, 686, 693, 695, 697, 698, 704, 705], "summary": {"covered_lines": 13, "num_statements": 13, "percent_covered": 100.0, "percent_covered_display": "100.00", "missing_lines": 0, "excluded_lines": 0}, "missing_lines": [], "excluded_lines": []}, "ToolProcessor.list_tools": {"executed_lines": [729, 731, 732, 735, 736], "summary": {"covered_lines": 5, "num_statements": 5, "percent_covered": 100.0, "percent_covered_display": "100.00", "missing_lines": 0, "excluded_lines": 0}, "missing_lines": [], "excluded_lines": []}, "ToolProcessor.get_tool_count": {"executed_lines": [750, 752, 753, 755, 756], "summary": {"covered_lines": 5, "num_statements": 5, "percent_covered": 100.0, "percent_covered_display": "100.00", "missing_lines": 0, "excluded_lines": 0}, "missing_lines": [], "excluded_lines": []}, "ToolProcessor.__aenter__": {"executed_lines": [763, 764], "summary": {"covered_lines": 2, "num_statements": 2, "percent_covered": 100.0, "percent_covered_display": "100.00", "missing_lines": 0, "excluded_lines": 0}, "missing_lines": [], "excluded_lines": []}, "ToolProcessor.__aexit__": {"executed_lines": [768, 769], "summary": {"covered_lines": 2, "num_statements": 2, "percent_covered": 100.0, "percent_covered_display": "100.00", "missing_lines": 0, "excluded_lines": 0}, "missing_lines": [], "excluded_lines": []}, "ToolProcessor.close": {"executed_lines": [778, 780, 782, 783, 784, 785, 786, 787, 790, 791, 792, 793, 794, 795, 797, 798, 801, 803, 804, 805, 806, 807, 808, 809, 811, 812, 813, 814, 815, 817, 819, 820], "summary": {"covered_lines": 32, "num_statements": 32, "percent_covered": 100.0, "percent_covered_display": "100.00", "missing_lines": 0, "excluded_lines": 0}, "missing_lines": [], "excluded_lines": []}, "get_default_processor": {"executed_lines": [832, 833, 834, 835, 836, 838], "summary": {"covered_lines": 6, "num_statements": 6, "percent_covered": 100.0, "percent_covered_display": "100.00", "missing_lines": 0, "excluded_lines": 0}, "missing_lines": [], "excluded_lines": []}, "process": {"executed_lines": [859, 860], "summary": {"covered_lines": 2, "num_statements": 2, "percent_covered": 100.0, "percent_covered_display": "100.00", "missing_lines": 0, "excluded_lines": 0}, "missing_lines": [], "excluded_lines": []}, "process_text": {"executed_lines": [888, 889], "summary": {"covered_lines": 2, "num_statements": 2, "percent_covered": 100.0, "percent_covered_display": "100.00", "missing_lines": 0, "excluded_lines": 0}, "missing_lines": [], "excluded_lines": []}, "": {"executed_lines": [2, 11, 13, 14, 15, 16, 17, 19, 20, 21, 25, 26, 27, 28, 29, 30, 31, 32, 35, 36, 90, 199, 296, 474, 502, 571, 640, 673, 710, 738, 761, 766, 771, 824, 825, 828, 841, 868], "summary": {"covered_lines": 36, "num_statements": 36, "percent_covered": 100.0, "percent_covered_display": "100.00", "missing_lines": 0, "excluded_lines": 0}, "missing_lines": [], "excluded_lines": []}}, "classes": {"ToolProcessor": {"executed_lines": [169, 172, 173, 174, 175, 176, 177, 178, 179, 180, 181, 182, 183, 184, 185, 186, 187, 190, 191, 192, 193, 196, 197, 207, 208, 209, 211, 214, 215, 217, 220, 221, 223, 230, 234, 235, 236, 240, 245, 246, 248, 249, 254, 255, 256, 260, 265, 266, 267, 268, 274, 278, 279, 280, 281, 284, 285, 291, 293, 294, 387, 390, 392, 394, 395, 396, 398, 399, 400, 401, 402, 403, 404, 407, 408, 409, 410, 412, 414, 415, 416, 417, 420, 421, 423, 427, 428, 430, 431, 432, 434, 437, 439, 440, 443, 444, 445, 447, 448, 449, 451, 452, 455, 458, 459, 462, 463, 472, 495, 557, 560, 561, 564, 569, 584, 587, 590, 593, 596, 599, 604, 621, 624, 625, 628, 631, 633, 635, 638, 653, 654, 660, 663, 664, 666, 667, 668, 669, 671, 675, 677, 678, 680, 682, 685, 686, 693, 695, 697, 698, 704, 705, 729, 731, 732, 735, 736, 750, 752, 753, 755, 756, 763, 764, 768, 769, 778, 780, 782, 783, 784, 785, 786, 787, 790, 791, 792, 793, 794, 795, 797, 798, 801, 803, 804, 805, 806, 807, 808, 809, 811, 812, 813, 814, 815, 817, 819, 820], "summary": {"covered_lines": 198, "num_statements": 210, "percent_covered": 94.28571428571429, "percent_covered_display": "94.29", "missing_lines": 12, "excluded_lines": 0}, "missing_lines": [595, 598, 601, 605, 606, 607, 609, 611, 613, 615, 616, 618], "excluded_lines": []}, "": {"executed_lines": [2, 11, 13, 14, 15, 16, 17, 19, 20, 21, 25, 26, 27, 28, 29, 30, 31, 32, 35, 36, 90, 199, 296, 474, 502, 571, 640, 673, 710, 738, 761, 766, 771, 824, 825, 828, 832, 833, 834, 835, 836, 838, 841, 859, 860, 868, 888, 889], "summary": {"covered_lines": 46, "num_statements": 46, "percent_covered": 100.0, "percent_covered_display": "100.00", "missing_lines": 0, "excluded_lines": 0}, "missing_lines": [], "excluded_lines": []}}}, "src/chuk_tool_processor/execution/__init__.py": {"executed_lines": [0], "summary": {"covered_lines": 0, "num_statements": 0, "percent_covered": 100.0, "percent_covered_display": "100.00", "missing_lines": 0, "excluded_lines": 0}, "missing_lines": [], "excluded_lines": [], "functions": {"": {"executed_lines": [], "summary": {"covered_lines": 0, "num_statements": 0, "percent_covered": 100.0, "percent_covered_display": "100.00", "missing_lines": 0, "excluded_lines": 0}, "missing_lines": [], "excluded_lines": []}}, "classes": {"": {"executed_lines": [], "summary": {"covered_lines": 0, "num_statements": 0, "percent_covered": 100.0, "percent_covered_display": "100.00", "missing_lines": 0, "excluded_lines": 0}, "missing_lines": [], "excluded_lines": []}}}, "src/chuk_tool_processor/execution/strategies/__init__.py": {"executed_lines": [1, 3, 4, 6], "summary": {"covered_lines": 3, "num_statements": 3, "percent_covered": 100.0, "percent_covered_display": "100.00", "missing_lines": 0, "excluded_lines": 0}, "missing_lines": [], "excluded_lines": [], "functions": {"": {"executed_lines": [1, 3, 4, 6], "summary": {"covered_lines": 3, "num_statements": 3, "percent_covered": 100.0, "percent_covered_display": "100.00", "missing_lines": 0, "excluded_lines": 0}, "missing_lines": [], "excluded_lines": []}}, "classes": {"": {"executed_lines": [1, 3, 4, 6], "summary": {"covered_lines": 3, "num_statements": 3, "percent_covered": 100.0, "percent_covered_display": "100.00", "missing_lines": 0, "excluded_lines": 0}, "missing_lines": [], "excluded_lines": []}}}, "src/chuk_tool_processor/execution/strategies/inprocess_strategy.py": {"executed_lines": [3, 19, 21, 22, 23, 24, 25, 26, 27, 28, 29, 31, 32, 33, 34, 35, 37, 43, 44, 45, 49, 50, 52, 66, 67, 68, 71, 72, 73, 77, 79, 86, 94, 96, 98, 103, 116, 119, 134, 135, 138, 139, 141, 142, 143, 146, 147, 148, 150, 151, 154, 163, 164, 167, 169, 170, 180, 181, 182, 183, 184, 185, 188, 189, 190, 192, 210, 213, 215, 216, 225, 226, 228, 230, 231, 233, 234, 243, 244, 246, 249, 252, 254, 256, 258, 261, 262, 264, 266, 267, 276, 278, 280, 281, 290, 292, 311, 312, 313, 315, 318, 319, 320, 322, 323, 332, 333, 335, 336, 345, 347, 349, 350, 352, 354, 355, 356, 358, 367, 369, 385, 393, 394, 396, 397, 400, 418, 419, 420, 422, 425, 426, 436, 438, 439, 440, 450, 453, 456, 458, 459, 460, 472, 474, 483, 484, 485, 495, 518, 519, 520, 521, 523, 535, 537, 539, 540, 542, 543, 544, 546, 555, 557, 558, 559, 561, 571, 573, 574, 583, 584, 585, 586, 587, 589, 599, 617, 620, 621, 622, 623, 625, 627, 628, 629, 630, 632, 633, 636, 637, 638, 639, 640, 641, 644, 645, 646, 647, 648, 649, 652, 654, 656, 657, 660, 661, 662, 664, 665, 666, 667, 668, 671, 672, 675, 676, 683, 685, 686, 688, 689, 691, 692, 694, 696, 704, 705, 707, 708, 711, 712, 713, 716, 717, 718, 719, 723, 724, 727, 728], "summary": {"covered_lines": 238, "num_statements": 254, "percent_covered": 93.7007874015748, "percent_covered_display": "93.70", "missing_lines": 16, "excluded_lines": 0}, "missing_lines": [211, 371, 372, 374, 383, 461, 462, 463, 677, 678, 679, 680, 720, 721, 729, 731], "excluded_lines": [], "functions": {"_noop_cm": {"executed_lines": [45], "summary": {"covered_lines": 1, "num_statements": 1, "percent_covered": 100.0, "percent_covered_display": "100.00", "missing_lines": 0, "excluded_lines": 0}, "missing_lines": [], "excluded_lines": []}, "InProcessStrategy.__init__": {"executed_lines": [66, 67, 68, 71, 72, 73, 77, 79], "summary": {"covered_lines": 8, "num_statements": 8, "percent_covered": 100.0, "percent_covered_display": "100.00", "missing_lines": 0, "excluded_lines": 0}, "missing_lines": [], "excluded_lines": []}, "InProcessStrategy.mark_direct_streaming": {"executed_lines": [94], "summary": {"covered_lines": 1, "num_statements": 1, "percent_covered": 100.0, "percent_covered_display": "100.00", "missing_lines": 0, "excluded_lines": 0}, "missing_lines": [], "excluded_lines": []}, "InProcessStrategy.clear_direct_streaming": {"executed_lines": [98], "summary": {"covered_lines": 1, "num_statements": 1, "percent_covered": 100.0, "percent_covered_display": "100.00", "missing_lines": 0, "excluded_lines": 0}, "missing_lines": [], "excluded_lines": []}, "InProcessStrategy.execute": {"executed_lines": [116], "summary": {"covered_lines": 1, "num_statements": 1, "percent_covered": 100.0, "percent_covered_display": "100.00", "missing_lines": 0, "excluded_lines": 0}, "missing_lines": [], "excluded_lines": []}, "InProcessStrategy.run": {"executed_lines": [134, 135, 138, 139, 141, 142, 143, 146, 147, 148, 150, 151], "summary": {"covered_lines": 12, "num_statements": 12, "percent_covered": 100.0, "percent_covered_display": "100.00", "missing_lines": 0, "excluded_lines": 0}, "missing_lines": [], "excluded_lines": []}, "InProcessStrategy.stream_run": {"executed_lines": [163, 164, 167, 169, 170, 180, 181, 182, 183, 184, 185, 188, 189, 190], "summary": {"covered_lines": 14, "num_statements": 14, "percent_covered": 100.0, "percent_covered_display": "100.00", "missing_lines": 0, "excluded_lines": 0}, "missing_lines": [], "excluded_lines": []}, "InProcessStrategy._stream_tool_call": {"executed_lines": [210, 213, 215, 216, 225, 226, 228, 230, 231, 233, 234, 243, 244, 246, 249, 252, 254, 256, 258, 261, 262, 264, 266, 267, 276, 278, 280, 281, 290], "summary": {"covered_lines": 29, "num_statements": 30, "percent_covered": 96.66666666666667, "percent_covered_display": "96.67", "missing_lines": 1, "excluded_lines": 0}, "missing_lines": [211], "excluded_lines": []}, "InProcessStrategy._stream_with_timeout": {"executed_lines": [311, 312, 313, 315, 318, 347, 349, 350, 352, 354, 355, 356, 358, 367, 369], "summary": {"covered_lines": 15, "num_statements": 19, "percent_covered": 78.94736842105263, "percent_covered_display": "78.95", "missing_lines": 4, "excluded_lines": 0}, "missing_lines": [371, 372, 374, 383], "excluded_lines": []}, "InProcessStrategy._stream_with_timeout.streamer": {"executed_lines": [319, 320, 322, 323, 332, 333, 335, 336, 345], "summary": {"covered_lines": 9, "num_statements": 9, "percent_covered": 100.0, "percent_covered_display": "100.00", "missing_lines": 0, "excluded_lines": 0}, "missing_lines": [], "excluded_lines": []}, "InProcessStrategy._execute_to_queue": {"executed_lines": [393, 394, 396, 397], "summary": {"covered_lines": 4, "num_statements": 4, "percent_covered": 100.0, "percent_covered_display": "100.00", "missing_lines": 0, "excluded_lines": 0}, "missing_lines": [], "excluded_lines": []}, "InProcessStrategy._execute_single_call": {"executed_lines": [418, 419, 420, 422, 425, 426, 436, 438, 439, 440, 450, 453, 456, 458, 459, 460, 472, 474, 483, 484, 485], "summary": {"covered_lines": 21, "num_statements": 24, "percent_covered": 87.5, "percent_covered_display": "87.50", "missing_lines": 3, "excluded_lines": 0}, "missing_lines": [461, 462, 463], "excluded_lines": []}, "InProcessStrategy._run_with_timeout": {"executed_lines": [518, 519, 520, 521, 523, 535, 537, 539, 540, 542, 543, 544, 546, 555, 557, 558, 559, 561, 571, 573, 574, 583, 584, 585, 586, 587, 589], "summary": {"covered_lines": 27, "num_statements": 27, "percent_covered": 100.0, "percent_covered_display": "100.00", "missing_lines": 0, "excluded_lines": 0}, "missing_lines": [], "excluded_lines": []}, "InProcessStrategy._resolve_tool_info": {"executed_lines": [617, 620, 621, 622, 623, 625, 627, 628, 629, 630, 632, 633, 636, 637, 638, 639, 640, 641, 644, 645, 646, 647, 648, 649, 652, 654, 656, 657, 660, 661, 662, 664, 665, 666, 667, 668, 671, 672, 675, 676, 683, 685, 686, 688, 689], "summary": {"covered_lines": 45, "num_statements": 49, "percent_covered": 91.83673469387755, "percent_covered_display": "91.84", "missing_lines": 4, "excluded_lines": 0}, "missing_lines": [677, 678, 679, 680], "excluded_lines": []}, "InProcessStrategy.supports_streaming": {"executed_lines": [694], "summary": {"covered_lines": 1, "num_statements": 1, "percent_covered": 100.0, "percent_covered_display": "100.00", "missing_lines": 0, "excluded_lines": 0}, "missing_lines": [], "excluded_lines": []}, "InProcessStrategy.shutdown": {"executed_lines": [704, 705, 707, 708, 711, 712, 713, 716, 717, 718, 719, 723, 724, 727, 728], "summary": {"covered_lines": 15, "num_statements": 19, "percent_covered": 78.94736842105263, "percent_covered_display": "78.95", "missing_lines": 4, "excluded_lines": 0}, "missing_lines": [720, 721, 729, 731], "excluded_lines": []}, "": {"executed_lines": [3, 19, 21, 22, 23, 24, 25, 26, 27, 28, 29, 31, 32, 33, 34, 35, 37, 43, 44, 49, 50, 52, 86, 96, 103, 119, 154, 192, 292, 385, 400, 495, 599, 691, 692, 696], "summary": {"covered_lines": 34, "num_statements": 34, "percent_covered": 100.0, "percent_covered_display": "100.00", "missing_lines": 0, "excluded_lines": 0}, "missing_lines": [], "excluded_lines": []}}, "classes": {"InProcessStrategy": {"executed_lines": [66, 67, 68, 71, 72, 73, 77, 79, 94, 98, 116, 134, 135, 138, 139, 141, 142, 143, 146, 147, 148, 150, 151, 163, 164, 167, 169, 170, 180, 181, 182, 183, 184, 185, 188, 189, 190, 210, 213, 215, 216, 225, 226, 228, 230, 231, 233, 234, 243, 244, 246, 249, 252, 254, 256, 258, 261, 262, 264, 266, 267, 276, 278, 280, 281, 290, 311, 312, 313, 315, 318, 319, 320, 322, 323, 332, 333, 335, 336, 345, 347, 349, 350, 352, 354, 355, 356, 358, 367, 369, 393, 394, 396, 397, 418, 419, 420, 422, 425, 426, 436, 438, 439, 440, 450, 453, 456, 458, 459, 460, 472, 474, 483, 484, 485, 518, 519, 520, 521, 523, 535, 537, 539, 540, 542, 543, 544, 546, 555, 557, 558, 559, 561, 571, 573, 574, 583, 584, 585, 586, 587, 589, 617, 620, 621, 622, 623, 625, 627, 628, 629, 630, 632, 633, 636, 637, 638, 639, 640, 641, 644, 645, 646, 647, 648, 649, 652, 654, 656, 657, 660, 661, 662, 664, 665, 666, 667, 668, 671, 672, 675, 676, 683, 685, 686, 688, 689, 694, 704, 705, 707, 708, 711, 712, 713, 716, 717, 718, 719, 723, 724, 727, 728], "summary": {"covered_lines": 203, "num_statements": 219, "percent_covered": 92.69406392694064, "percent_covered_display": "92.69", "missing_lines": 16, "excluded_lines": 0}, "missing_lines": [211, 371, 372, 374, 383, 461, 462, 463, 677, 678, 679, 680, 720, 721, 729, 731], "excluded_lines": []}, "": {"executed_lines": [3, 19, 21, 22, 23, 24, 25, 26, 27, 28, 29, 31, 32, 33, 34, 35, 37, 43, 44, 45, 49, 50, 52, 86, 96, 103, 119, 154, 192, 292, 385, 400, 495, 599, 691, 692, 696], "summary": {"covered_lines": 35, "num_statements": 35, "percent_covered": 100.0, "percent_covered_display": "100.00", "missing_lines": 0, "excluded_lines": 0}, "missing_lines": [], "excluded_lines": []}}}, "src/chuk_tool_processor/execution/strategies/subprocess_strategy.py": {"executed_lines": [3, 17, 19, 20, 21, 22, 23, 24, 25, 26, 27, 28, 29, 30, 32, 33, 34, 35, 36, 38, 45, 48, 51, 53, 56, 75, 76, 77, 78, 79, 81, 82, 83, 85, 96, 99, 104, 105, 108, 109, 110, 111, 112, 113, 114, 115, 118, 122, 123, 124, 125, 128, 129, 131, 133, 134, 138, 140, 141, 142, 143, 146, 148, 149, 151, 152, 158, 159, 169, 186, 187, 188, 189, 192, 193, 196, 197, 198, 200, 205, 206, 207, 208, 213, 215, 216, 218, 219, 223, 229, 230, 232, 235, 236, 238, 239, 240, 241, 246, 259, 261, 276, 277, 279, 281, 295, 296, 299, 300, 301, 307, 308, 309, 312, 313, 315, 330, 331, 333, 335, 336, 345, 348, 351, 354, 355, 356, 363, 364, 365, 368, 370, 371, 374, 377, 378, 379, 383, 390, 391, 393, 408, 410, 412, 414, 417, 418, 419, 429, 432, 435, 436, 439, 440, 443, 444, 445, 446, 447, 448, 459, 460, 462, 463, 479, 480, 482, 483, 485, 486, 488, 489, 493, 496, 506, 526, 527, 528, 529, 530, 532, 542, 543, 544, 554, 555, 556, 557, 558, 560, 570, 588, 591, 592, 593, 594, 596, 598, 599, 600, 601, 603, 604, 607, 608, 609, 610, 611, 612, 615, 616, 617, 618, 619, 620, 623, 625, 627, 628, 631, 632, 633, 635, 636, 637, 638, 639, 642, 643, 646, 647, 654, 656, 657, 659, 660, 662, 663, 665, 667, 669, 670, 671, 673, 675, 676, 678, 679, 682, 683, 684, 687, 688, 689, 690, 694, 695, 698, 699, 701, 703, 704, 707, 708, 709, 711, 712, 715, 730, 731, 733], "summary": {"covered_lines": 269, "num_statements": 297, "percent_covered": 90.57239057239057, "percent_covered_display": "90.57", "missing_lines": 28, "excluded_lines": 0}, "missing_lines": [119, 136, 209, 211, 220, 380, 381, 507, 508, 509, 516, 648, 649, 650, 651, 691, 692, 700, 702, 721, 722, 723, 724, 725, 726, 727, 728, 729], "excluded_lines": [], "functions": {"_init_worker": {"executed_lines": [48], "summary": {"covered_lines": 1, "num_statements": 1, "percent_covered": 100.0, "percent_covered_display": "100.00", "missing_lines": 0, "excluded_lines": 0}, "missing_lines": [], "excluded_lines": []}, "_pool_test_func": {"executed_lines": [53], "summary": {"covered_lines": 1, "num_statements": 1, "percent_covered": 100.0, "percent_covered_display": "100.00", "missing_lines": 0, "excluded_lines": 0}, "missing_lines": [], "excluded_lines": []}, "_serialized_tool_worker": {"executed_lines": [75, 76, 77, 78, 79, 81, 82, 83, 85, 96, 99, 104, 105, 108, 109, 110, 111, 112, 113, 114, 115, 118, 122, 123, 124, 125, 128, 129, 131, 133, 134, 138, 140, 141, 142, 143, 146, 148, 149, 151, 152], "summary": {"covered_lines": 41, "num_statements": 43, "percent_covered": 95.34883720930233, "percent_covered_display": "95.35", "missing_lines": 2, "excluded_lines": 0}, "missing_lines": [119, 136], "excluded_lines": []}, "SubprocessStrategy.__init__": {"executed_lines": [186, 187, 188, 189, 192, 193, 196, 197, 198, 200, 205, 206, 207, 208], "summary": {"covered_lines": 14, "num_statements": 16, "percent_covered": 87.5, "percent_covered_display": "87.50", "missing_lines": 2, "excluded_lines": 0}, "missing_lines": [209, 211], "excluded_lines": []}, "SubprocessStrategy._ensure_pool": {"executed_lines": [215, 216, 218, 219, 223, 229, 230, 232, 235, 236, 238, 239, 240, 241], "summary": {"covered_lines": 14, "num_statements": 15, "percent_covered": 93.33333333333333, "percent_covered_display": "93.33", "missing_lines": 1, "excluded_lines": 0}, "missing_lines": [220], "excluded_lines": []}, "SubprocessStrategy.execute": {"executed_lines": [259], "summary": {"covered_lines": 1, "num_statements": 1, "percent_covered": 100.0, "percent_covered_display": "100.00", "missing_lines": 0, "excluded_lines": 0}, "missing_lines": [], "excluded_lines": []}, "SubprocessStrategy.run": {"executed_lines": [276, 277, 279, 281, 295, 296, 299, 300, 301, 307, 308, 309, 312, 313], "summary": {"covered_lines": 14, "num_statements": 14, "percent_covered": 100.0, "percent_covered_display": "100.00", "missing_lines": 0, "excluded_lines": 0}, "missing_lines": [], "excluded_lines": []}, "SubprocessStrategy.stream_run": {"executed_lines": [330, 331, 333, 335, 336, 345, 348, 351, 354, 355, 356, 363, 364, 365, 368, 370, 371, 374, 377, 378, 379], "summary": {"covered_lines": 21, "num_statements": 23, "percent_covered": 91.30434782608695, "percent_covered_display": "91.30", "missing_lines": 2, "excluded_lines": 0}, "missing_lines": [380, 381], "excluded_lines": []}, "SubprocessStrategy._execute_to_queue": {"executed_lines": [390, 391], "summary": {"covered_lines": 2, "num_statements": 2, "percent_covered": 100.0, "percent_covered_display": "100.00", "missing_lines": 0, "excluded_lines": 0}, "missing_lines": [], "excluded_lines": []}, "SubprocessStrategy._execute_single_call": {"executed_lines": [408, 410, 412, 414, 417, 418, 419, 429, 432, 435, 436, 439, 440, 443, 444, 445, 446, 447, 448, 459, 460, 462, 463, 479, 480, 482, 483, 485, 486, 488, 489, 493, 496, 506, 526, 527, 528, 529, 530, 532, 542, 543, 544, 554, 555, 556, 557, 558, 560], "summary": {"covered_lines": 49, "num_statements": 53, "percent_covered": 92.45283018867924, "percent_covered_display": "92.45", "missing_lines": 4, "excluded_lines": 0}, "missing_lines": [507, 508, 509, 516], "excluded_lines": []}, "SubprocessStrategy._resolve_tool_info": {"executed_lines": [588, 591, 592, 593, 594, 596, 598, 599, 600, 601, 603, 604, 607, 608, 609, 610, 611, 612, 615, 616, 617, 618, 619, 620, 623, 625, 627, 628, 631, 632, 633, 635, 636, 637, 638, 639, 642, 643, 646, 647, 654, 656, 657, 659, 660], "summary": {"covered_lines": 45, "num_statements": 49, "percent_covered": 91.83673469387755, "percent_covered_display": "91.84", "missing_lines": 4, "excluded_lines": 0}, "missing_lines": [648, 649, 650, 651], "excluded_lines": []}, "SubprocessStrategy.supports_streaming": {"executed_lines": [665], "summary": {"covered_lines": 1, "num_statements": 1, "percent_covered": 100.0, "percent_covered_display": "100.00", "missing_lines": 0, "excluded_lines": 0}, "missing_lines": [], "excluded_lines": []}, "SubprocessStrategy._signal_handler": {"executed_lines": [669, 670, 671], "summary": {"covered_lines": 3, "num_statements": 3, "percent_covered": 100.0, "percent_covered_display": "100.00", "missing_lines": 0, "excluded_lines": 0}, "missing_lines": [], "excluded_lines": []}, "SubprocessStrategy.shutdown": {"executed_lines": [675, 676, 678, 679, 682, 683, 684, 687, 688, 689, 690, 694, 695, 698, 699, 701, 703, 704, 707, 708, 709, 711, 712, 715, 730, 731, 733], "summary": {"covered_lines": 27, "num_statements": 40, "percent_covered": 67.5, "percent_covered_display": "67.50", "missing_lines": 13, "excluded_lines": 0}, "missing_lines": [691, 692, 700, 702, 721, 722, 723, 724, 725, 726, 727, 728, 729], "excluded_lines": []}, "": {"executed_lines": [3, 17, 19, 20, 21, 22, 23, 24, 25, 26, 27, 28, 29, 30, 32, 33, 34, 35, 36, 38, 45, 51, 56, 158, 159, 169, 213, 246, 261, 315, 383, 393, 570, 662, 663, 667, 673], "summary": {"covered_lines": 35, "num_statements": 35, "percent_covered": 100.0, "percent_covered_display": "100.00", "missing_lines": 0, "excluded_lines": 0}, "missing_lines": [], "excluded_lines": []}}, "classes": {"SubprocessStrategy": {"executed_lines": [186, 187, 188, 189, 192, 193, 196, 197, 198, 200, 205, 206, 207, 208, 215, 216, 218, 219, 223, 229, 230, 232, 235, 236, 238, 239, 240, 241, 259, 276, 277, 279, 281, 295, 296, 299, 300, 301, 307, 308, 309, 312, 313, 330, 331, 333, 335, 336, 345, 348, 351, 354, 355, 356, 363, 364, 365, 368, 370, 371, 374, 377, 378, 379, 390, 391, 408, 410, 412, 414, 417, 418, 419, 429, 432, 435, 436, 439, 440, 443, 444, 445, 446, 447, 448, 459, 460, 462, 463, 479, 480, 482, 483, 485, 486, 488, 489, 493, 496, 506, 526, 527, 528, 529, 530, 532, 542, 543, 544, 554, 555, 556, 557, 558, 560, 588, 591, 592, 593, 594, 596, 598, 599, 600, 601, 603, 604, 607, 608, 609, 610, 611, 612, 615, 616, 617, 618, 619, 620, 623, 625, 627, 628, 631, 632, 633, 635, 636, 637, 638, 639, 642, 643, 646, 647, 654, 656, 657, 659, 660, 665, 669, 670, 671, 675, 676, 678, 679, 682, 683, 684, 687, 688, 689, 690, 694, 695, 698, 699, 701, 703, 704, 707, 708, 709, 711, 712, 715, 730, 731, 733], "summary": {"covered_lines": 191, "num_statements": 217, "percent_covered": 88.0184331797235, "percent_covered_display": "88.02", "missing_lines": 26, "excluded_lines": 0}, "missing_lines": [209, 211, 220, 380, 381, 507, 508, 509, 516, 648, 649, 650, 651, 691, 692, 700, 702, 721, 722, 723, 724, 725, 726, 727, 728, 729], "excluded_lines": []}, "": {"executed_lines": [3, 17, 19, 20, 21, 22, 23, 24, 25, 26, 27, 28, 29, 30, 32, 33, 34, 35, 36, 38, 45, 48, 51, 53, 56, 75, 76, 77, 78, 79, 81, 82, 83, 85, 96, 99, 104, 105, 108, 109, 110, 111, 112, 113, 114, 115, 118, 122, 123, 124, 125, 128, 129, 131, 133, 134, 138, 140, 141, 142, 143, 146, 148, 149, 151, 152, 158, 159, 169, 213, 246, 261, 315, 383, 393, 570, 662, 663, 667, 673], "summary": {"covered_lines": 78, "num_statements": 80, "percent_covered": 97.5, "percent_covered_display": "97.50", "missing_lines": 2, "excluded_lines": 0}, "missing_lines": [119, 136], "excluded_lines": []}}}, "src/chuk_tool_processor/execution/tool_executor.py": {"executed_lines": [3, 12, 13, 14, 15, 17, 18, 19, 20, 21, 23, 26, 27, 36, 53, 56, 58, 60, 61, 63, 66, 68, 74, 80, 81, 82, 83, 84, 85, 87, 88, 90, 91, 93, 95, 112, 113, 118, 120, 125, 127, 146, 147, 150, 152, 163, 165, 166, 168, 170, 171, 173, 174, 177, 180, 181, 183, 186, 188, 191, 194, 195, 197, 200, 201, 202, 205, 207, 208, 209, 211, 212, 213, 216, 217, 219, 220, 221, 223, 224, 227, 232, 233, 234, 239, 240, 243, 244, 245, 247, 257, 258, 259, 261, 264, 265, 266, 268, 269, 278, 279, 281, 282, 291, 293, 294, 295, 296, 300, 302, 303, 304, 306, 315, 332, 334, 336, 337, 338, 339, 340], "summary": {"covered_lines": 119, "num_statements": 128, "percent_covered": 92.96875, "percent_covered_display": "92.97", "missing_lines": 9, "excluded_lines": 0}, "missing_lines": [235, 236, 298, 299, 316, 318, 319, 321, 330], "excluded_lines": [], "functions": {"ToolExecutor.__init__": {"executed_lines": [53, 56, 58, 60, 61, 63, 66, 68, 74, 80, 81, 82, 83, 84, 85, 87, 88], "summary": {"covered_lines": 17, "num_statements": 17, "percent_covered": 100.0, "percent_covered_display": "100.00", "missing_lines": 0, "excluded_lines": 0}, "missing_lines": [], "excluded_lines": []}, "ToolExecutor.supports_streaming": {"executed_lines": [93], "summary": {"covered_lines": 1, "num_statements": 1, "percent_covered": 100.0, "percent_covered_display": "100.00", "missing_lines": 0, "excluded_lines": 0}, "missing_lines": [], "excluded_lines": []}, "ToolExecutor.execute": {"executed_lines": [112, 113, 118, 120, 125], "summary": {"covered_lines": 5, "num_statements": 5, "percent_covered": 100.0, "percent_covered_display": "100.00", "missing_lines": 0, "excluded_lines": 0}, "missing_lines": [], "excluded_lines": []}, "ToolExecutor.stream_execute": {"executed_lines": [146, 147, 150, 152, 163, 165, 166, 168, 170, 171, 173, 174, 177, 180, 181, 183, 186, 188, 191, 194, 195, 197, 200, 201, 202, 205, 207, 211, 212, 213, 216, 217, 219, 220, 221, 223, 224, 227, 232, 233, 234, 239, 240, 243, 244, 245], "summary": {"covered_lines": 46, "num_statements": 48, "percent_covered": 95.83333333333333, "percent_covered_display": "95.83", "missing_lines": 2, "excluded_lines": 0}, "missing_lines": [235, 236], "excluded_lines": []}, "ToolExecutor.stream_execute.strategy_streamer": {"executed_lines": [208, 209], "summary": {"covered_lines": 2, "num_statements": 2, "percent_covered": 100.0, "percent_covered_display": "100.00", "missing_lines": 0, "excluded_lines": 0}, "missing_lines": [], "excluded_lines": []}, "ToolExecutor._direct_stream_tool": {"executed_lines": [257, 258, 259, 261, 264, 293, 294, 295, 296, 300, 302, 303, 304, 306, 315], "summary": {"covered_lines": 15, "num_statements": 22, "percent_covered": 68.18181818181819, "percent_covered_display": "68.18", "missing_lines": 7, "excluded_lines": 0}, "missing_lines": [298, 299, 316, 318, 319, 321, 330], "excluded_lines": []}, "ToolExecutor._direct_stream_tool.stream_with_timeout": {"executed_lines": [265, 266, 268, 269, 278, 279, 281, 282, 291], "summary": {"covered_lines": 9, "num_statements": 9, "percent_covered": 100.0, "percent_covered_display": "100.00", "missing_lines": 0, "excluded_lines": 0}, "missing_lines": [], "excluded_lines": []}, "ToolExecutor.shutdown": {"executed_lines": [334, 336, 337, 338, 339, 340], "summary": {"covered_lines": 6, "num_statements": 6, "percent_covered": 100.0, "percent_covered_display": "100.00", "missing_lines": 0, "excluded_lines": 0}, "missing_lines": [], "excluded_lines": []}, "": {"executed_lines": [3, 12, 13, 14, 15, 17, 18, 19, 20, 21, 23, 26, 27, 36, 90, 91, 95, 127, 247, 332], "summary": {"covered_lines": 18, "num_statements": 18, "percent_covered": 100.0, "percent_covered_display": "100.00", "missing_lines": 0, "excluded_lines": 0}, "missing_lines": [], "excluded_lines": []}}, "classes": {"ToolExecutor": {"executed_lines": [53, 56, 58, 60, 61, 63, 66, 68, 74, 80, 81, 82, 83, 84, 85, 87, 88, 93, 112, 113, 118, 120, 125, 146, 147, 150, 152, 163, 165, 166, 168, 170, 171, 173, 174, 177, 180, 181, 183, 186, 188, 191, 194, 195, 197, 200, 201, 202, 205, 207, 208, 209, 211, 212, 213, 216, 217, 219, 220, 221, 223, 224, 227, 232, 233, 234, 239, 240, 243, 244, 245, 257, 258, 259, 261, 264, 265, 266, 268, 269, 278, 279, 281, 282, 291, 293, 294, 295, 296, 300, 302, 303, 304, 306, 315, 334, 336, 337, 338, 339, 340], "summary": {"covered_lines": 101, "num_statements": 110, "percent_covered": 91.81818181818181, "percent_covered_display": "91.82", "missing_lines": 9, "excluded_lines": 0}, "missing_lines": [235, 236, 298, 299, 316, 318, 319, 321, 330], "excluded_lines": []}, "": {"executed_lines": [3, 12, 13, 14, 15, 17, 18, 19, 20, 21, 23, 26, 27, 36, 90, 91, 95, 127, 247, 332], "summary": {"covered_lines": 18, "num_statements": 18, "percent_covered": 100.0, "percent_covered_display": "100.00", "missing_lines": 0, "excluded_lines": 0}, "missing_lines": [], "excluded_lines": []}}}, "src/chuk_tool_processor/execution/wrappers/__init__.py": {"executed_lines": [2, 4, 10, 15, 19, 25], "summary": {"covered_lines": 5, "num_statements": 5, "percent_covered": 100.0, "percent_covered_display": "100.00", "missing_lines": 0, "excluded_lines": 0}, "missing_lines": [], "excluded_lines": [], "functions": {"": {"executed_lines": [2, 4, 10, 15, 19, 25], "summary": {"covered_lines": 5, "num_statements": 5, "percent_covered": 100.0, "percent_covered_display": "100.00", "missing_lines": 0, "excluded_lines": 0}, "missing_lines": [], "excluded_lines": []}}, "classes": {"": {"executed_lines": [2, 4, 10, 15, 19, 25], "summary": {"covered_lines": 5, "num_statements": 5, "percent_covered": 100.0, "percent_covered_display": "100.00", "missing_lines": 0, "excluded_lines": 0}, "missing_lines": [], "excluded_lines": []}}}, "src/chuk_tool_processor/execution/wrappers/caching.py": {"executed_lines": [2, 15, 17, 18, 19, 20, 21, 22, 24, 26, 27, 28, 30, 33, 34, 35, 37, 54, 55, 66, 67, 68, 69, 70, 73, 74, 80, 81, 94, 95, 114, 115, 125, 132, 134, 141, 144, 145, 152, 159, 160, 161, 162, 170, 173, 175, 177, 184, 185, 187, 188, 189, 190, 191, 192, 193, 194, 195, 198, 199, 201, 204, 215, 216, 218, 219, 220, 222, 224, 225, 226, 228, 229, 230, 232, 233, 235, 252, 253, 256, 257, 260, 269, 270, 272, 274, 282, 283, 284, 286, 288, 289, 290, 291, 292, 295, 296, 297, 298, 300, 302, 303, 304, 305, 306, 308, 315, 316, 317, 318, 319, 322, 323, 325, 331, 332, 340, 359, 360, 361, 362, 363, 365, 370, 371, 381, 383, 384, 390, 400, 402, 412, 415, 434, 435, 440, 441, 443, 444, 445, 446, 447, 448, 452, 455, 456, 459, 460, 461, 463, 465, 466, 469, 470, 471, 488, 489, 492, 493, 494, 499, 501, 502, 503, 505, 510, 511, 512, 514, 515, 516, 517, 521, 525, 526, 527, 528, 529, 531, 534, 535, 541, 542, 547, 548, 549, 550, 551, 554, 560, 577, 578, 579, 580, 581, 583, 586, 602, 603, 605, 608, 609, 611, 612, 614], "summary": {"covered_lines": 199, "num_statements": 213, "percent_covered": 93.42723004694835, "percent_covered_display": "93.43", "missing_lines": 14, "excluded_lines": 1}, "missing_lines": [38, 39, 42, 43, 45, 46, 48, 92, 112, 123, 385, 386, 388, 538], "excluded_lines": [132], "functions": {"CacheInterface.get": {"executed_lines": [], "summary": {"covered_lines": 0, "num_statements": 1, "percent_covered": 0.0, "percent_covered_display": "0.00", "missing_lines": 1, "excluded_lines": 0}, "missing_lines": [92], "excluded_lines": []}, "CacheInterface.set": {"executed_lines": [], "summary": {"covered_lines": 0, "num_statements": 1, "percent_covered": 0.0, "percent_covered_display": "0.00", "missing_lines": 1, "excluded_lines": 0}, "missing_lines": [112], "excluded_lines": []}, "CacheInterface.invalidate": {"executed_lines": [], "summary": {"covered_lines": 0, "num_statements": 1, "percent_covered": 0.0, "percent_covered_display": "0.00", "missing_lines": 1, "excluded_lines": 0}, "missing_lines": [123], "excluded_lines": []}, "CacheInterface.clear": {"executed_lines": [132], "summary": {"covered_lines": 0, "num_statements": 0, "percent_covered": 100.0, "percent_covered_display": "100.00", "missing_lines": 0, "excluded_lines": 1}, "missing_lines": [], "excluded_lines": [132]}, "CacheInterface.get_stats": {"executed_lines": [141], "summary": {"covered_lines": 1, "num_statements": 1, "percent_covered": 100.0, "percent_covered_display": "100.00", "missing_lines": 0, "excluded_lines": 0}, "missing_lines": [], "excluded_lines": []}, "InMemoryCache.__init__": {"executed_lines": [159, 160, 161, 162, 170], "summary": {"covered_lines": 5, "num_statements": 5, "percent_covered": 100.0, "percent_covered_display": "100.00", "missing_lines": 0, "excluded_lines": 0}, "missing_lines": [], "excluded_lines": []}, "InMemoryCache._is_expired": {"executed_lines": [175], "summary": {"covered_lines": 1, "num_statements": 1, "percent_covered": 100.0, "percent_covered_display": "100.00", "missing_lines": 0, "excluded_lines": 0}, "missing_lines": [], "excluded_lines": []}, "InMemoryCache._prune_expired": {"executed_lines": [184, 185, 187, 188, 189, 190, 191, 192, 193, 194, 195, 198, 199, 201], "summary": {"covered_lines": 14, "num_statements": 14, "percent_covered": 100.0, "percent_covered_display": "100.00", "missing_lines": 0, "excluded_lines": 0}, "missing_lines": [], "excluded_lines": []}, "InMemoryCache.get": {"executed_lines": [215, 216, 218, 219, 220, 222, 224, 225, 226, 228, 229, 230, 232, 233], "summary": {"covered_lines": 14, "num_statements": 14, "percent_covered": 100.0, "percent_covered_display": "100.00", "missing_lines": 0, "excluded_lines": 0}, "missing_lines": [], "excluded_lines": []}, "InMemoryCache.set": {"executed_lines": [252, 253, 256, 257, 260, 269, 270, 272], "summary": {"covered_lines": 8, "num_statements": 8, "percent_covered": 100.0, "percent_covered_display": "100.00", "missing_lines": 0, "excluded_lines": 0}, "missing_lines": [], "excluded_lines": []}, "InMemoryCache.invalidate": {"executed_lines": [282, 283, 284, 286, 288, 289, 290, 291, 292, 295, 296, 297, 298], "summary": {"covered_lines": 13, "num_statements": 13, "percent_covered": 100.0, "percent_covered_display": "100.00", "missing_lines": 0, "excluded_lines": 0}, "missing_lines": [], "excluded_lines": []}, "InMemoryCache.clear": {"executed_lines": [302, 303, 304, 305, 306], "summary": {"covered_lines": 5, "num_statements": 5, "percent_covered": 100.0, "percent_covered_display": "100.00", "missing_lines": 0, "excluded_lines": 0}, "missing_lines": [], "excluded_lines": []}, "InMemoryCache.get_stats": {"executed_lines": [315, 316, 317, 318, 319, 322, 323, 325], "summary": {"covered_lines": 8, "num_statements": 8, "percent_covered": 100.0, "percent_covered_display": "100.00", "missing_lines": 0, "excluded_lines": 0}, "missing_lines": [], "excluded_lines": []}, "CachingToolExecutor.__init__": {"executed_lines": [359, 360, 361, 362, 363, 365], "summary": {"covered_lines": 6, "num_statements": 6, "percent_covered": 100.0, "percent_covered_display": "100.00", "missing_lines": 0, "excluded_lines": 0}, "missing_lines": [], "excluded_lines": []}, "CachingToolExecutor._hash_arguments": {"executed_lines": [381, 383, 384], "summary": {"covered_lines": 3, "num_statements": 6, "percent_covered": 50.0, "percent_covered_display": "50.00", "missing_lines": 3, "excluded_lines": 0}, "missing_lines": [385, 386, 388], "excluded_lines": []}, "CachingToolExecutor._is_cacheable": {"executed_lines": [400], "summary": {"covered_lines": 1, "num_statements": 1, "percent_covered": 100.0, "percent_covered_display": "100.00", "missing_lines": 0, "excluded_lines": 0}, "missing_lines": [], "excluded_lines": []}, "CachingToolExecutor._ttl_for": {"executed_lines": [412], "summary": {"covered_lines": 1, "num_statements": 1, "percent_covered": 100.0, "percent_covered_display": "100.00", "missing_lines": 0, "excluded_lines": 0}, "missing_lines": [], "excluded_lines": []}, "CachingToolExecutor.execute": {"executed_lines": [434, 435, 440, 441, 443, 444, 445, 446, 447, 448, 452, 455, 456, 459, 460, 461, 463, 465, 466, 469, 470, 471, 488, 489, 492, 493, 494, 499, 501, 502, 503, 505, 510, 511, 512, 514, 515, 516, 517, 521, 525, 531, 534, 535, 541, 542, 547, 548, 549, 550, 551, 554], "summary": {"covered_lines": 52, "num_statements": 53, "percent_covered": 98.11320754716981, "percent_covered_display": "98.11", "missing_lines": 1, "excluded_lines": 0}, "missing_lines": [538], "excluded_lines": []}, "CachingToolExecutor.execute.cache_with_trace": {"executed_lines": [526, 527, 528, 529], "summary": {"covered_lines": 4, "num_statements": 4, "percent_covered": 100.0, "percent_covered_display": "100.00", "missing_lines": 0, "excluded_lines": 0}, "missing_lines": [], "excluded_lines": []}, "cacheable": {"executed_lines": [577, 583], "summary": {"covered_lines": 2, "num_statements": 2, "percent_covered": 100.0, "percent_covered_display": "100.00", "missing_lines": 0, "excluded_lines": 0}, "missing_lines": [], "excluded_lines": []}, "cacheable.decorator": {"executed_lines": [578, 579, 580, 581], "summary": {"covered_lines": 4, "num_statements": 4, "percent_covered": 100.0, "percent_covered_display": "100.00", "missing_lines": 0, "excluded_lines": 0}, "missing_lines": [], "excluded_lines": []}, "invalidate_cache": {"executed_lines": [602, 614], "summary": {"covered_lines": 2, "num_statements": 2, "percent_covered": 100.0, "percent_covered_display": "100.00", "missing_lines": 0, "excluded_lines": 0}, "missing_lines": [], "excluded_lines": []}, "invalidate_cache._invalidate": {"executed_lines": [603, 605, 608, 609, 611, 612], "summary": {"covered_lines": 6, "num_statements": 6, "percent_covered": 100.0, "percent_covered_display": "100.00", "missing_lines": 0, "excluded_lines": 0}, "missing_lines": [], "excluded_lines": []}, "": {"executed_lines": [2, 15, 17, 18, 19, 20, 21, 22, 24, 26, 27, 28, 30, 33, 34, 35, 37, 54, 55, 66, 67, 68, 69, 70, 73, 74, 80, 81, 94, 95, 114, 115, 125, 134, 144, 145, 152, 173, 177, 204, 235, 274, 300, 308, 331, 332, 340, 370, 371, 390, 402, 415, 560, 586], "summary": {"covered_lines": 49, "num_statements": 56, "percent_covered": 87.5, "percent_covered_display": "87.50", "missing_lines": 7, "excluded_lines": 0}, "missing_lines": [38, 39, 42, 43, 45, 46, 48], "excluded_lines": []}}, "classes": {"CacheEntry": {"executed_lines": [], "summary": {"covered_lines": 0, "num_statements": 0, "percent_covered": 100.0, "percent_covered_display": "100.00", "missing_lines": 0, "excluded_lines": 0}, "missing_lines": [], "excluded_lines": []}, "CacheInterface": {"executed_lines": [132, 141], "summary": {"covered_lines": 1, "num_statements": 4, "percent_covered": 25.0, "percent_covered_display": "25.00", "missing_lines": 3, "excluded_lines": 1}, "missing_lines": [92, 112, 123], "excluded_lines": [132]}, "InMemoryCache": {"executed_lines": [159, 160, 161, 162, 170, 175, 184, 185, 187, 188, 189, 190, 191, 192, 193, 194, 195, 198, 199, 201, 215, 216, 218, 219, 220, 222, 224, 225, 226, 228, 229, 230, 232, 233, 252, 253, 256, 257, 260, 269, 270, 272, 282, 283, 284, 286, 288, 289, 290, 291, 292, 295, 296, 297, 298, 302, 303, 304, 305, 306, 315, 316, 317, 318, 319, 322, 323, 325], "summary": {"covered_lines": 68, "num_statements": 68, "percent_covered": 100.0, "percent_covered_display": "100.00", "missing_lines": 0, "excluded_lines": 0}, "missing_lines": [], "excluded_lines": []}, "CachingToolExecutor": {"executed_lines": [359, 360, 361, 362, 363, 365, 381, 383, 384, 400, 412, 434, 435, 440, 441, 443, 444, 445, 446, 447, 448, 452, 455, 456, 459, 460, 461, 463, 465, 466, 469, 470, 471, 488, 489, 492, 493, 494, 499, 501, 502, 503, 505, 510, 511, 512, 514, 515, 516, 517, 521, 525, 526, 527, 528, 529, 531, 534, 535, 541, 542, 547, 548, 549, 550, 551, 554], "summary": {"covered_lines": 67, "num_statements": 71, "percent_covered": 94.36619718309859, "percent_covered_display": "94.37", "missing_lines": 4, "excluded_lines": 0}, "missing_lines": [385, 386, 388, 538], "excluded_lines": []}, "": {"executed_lines": [2, 15, 17, 18, 19, 20, 21, 22, 24, 26, 27, 28, 30, 33, 34, 35, 37, 54, 55, 66, 67, 68, 69, 70, 73, 74, 80, 81, 94, 95, 114, 115, 125, 134, 144, 145, 152, 173, 177, 204, 235, 274, 300, 308, 331, 332, 340, 370, 371, 390, 402, 415, 560, 577, 578, 579, 580, 581, 583, 586, 602, 603, 605, 608, 609, 611, 612, 614], "summary": {"covered_lines": 63, "num_statements": 70, "percent_covered": 90.0, "percent_covered_display": "90.00", "missing_lines": 7, "excluded_lines": 0}, "missing_lines": [38, 39, 42, 43, 45, 46, 48], "excluded_lines": []}}}, "src/chuk_tool_processor/execution/wrappers/circuit_breaker.py": {"executed_lines": [2, 16, 18, 19, 20, 21, 22, 24, 25, 26, 27, 29, 32, 33, 34, 36, 53, 54, 56, 57, 58, 61, 62, 64, 82, 83, 84, 85, 86, 89, 90, 92, 93, 94, 95, 96, 97, 98, 99, 100, 102, 104, 105, 106, 107, 110, 111, 112, 113, 114, 115, 116, 119, 121, 123, 124, 125, 126, 128, 130, 131, 132, 133, 134, 136, 137, 138, 139, 140, 142, 144, 145, 146, 148, 150, 151, 152, 153, 156, 157, 158, 159, 160, 161, 162, 163, 165, 167, 169, 170, 171, 173, 175, 191, 192, 199, 214, 215, 216, 217, 218, 220, 222, 223, 224, 225, 226, 227, 229, 247, 248, 250, 252, 253, 256, 257, 261, 262, 264, 266, 267, 269, 270, 276, 277, 288, 291, 292, 294, 295, 298, 299, 302, 305, 306, 308, 309, 311, 314, 316, 318, 320, 322, 323, 337, 338, 340, 342, 349, 350, 351, 352, 353, 355, 362, 363, 364, 365, 366, 367, 368, 369, 370], "summary": {"covered_lines": 158, "num_statements": 168, "percent_covered": 94.04761904761905, "percent_covered_display": "94.05", "missing_lines": 10, "excluded_lines": 0}, "missing_lines": [37, 38, 41, 42, 44, 45, 47, 258, 296, 312], "excluded_lines": [], "functions": {"CircuitBreakerConfig.__init__": {"executed_lines": [82, 83, 84, 85, 86], "summary": {"covered_lines": 5, "num_statements": 5, "percent_covered": 100.0, "percent_covered_display": "100.00", "missing_lines": 0, "excluded_lines": 0}, "missing_lines": [], "excluded_lines": []}, "CircuitBreakerState.__init__": {"executed_lines": [93, 94, 95, 96, 97, 98, 99, 100], "summary": {"covered_lines": 8, "num_statements": 8, "percent_covered": 100.0, "percent_covered_display": "100.00", "missing_lines": 0, "excluded_lines": 0}, "missing_lines": [], "excluded_lines": []}, "CircuitBreakerState.record_success": {"executed_lines": [104, 105, 106, 107, 110, 111, 112, 113, 114, 115, 116, 119], "summary": {"covered_lines": 12, "num_statements": 12, "percent_covered": 100.0, "percent_covered_display": "100.00", "missing_lines": 0, "excluded_lines": 0}, "missing_lines": [], "excluded_lines": []}, "CircuitBreakerState.record_failure": {"executed_lines": [123, 124, 125, 126, 128, 130, 131, 132, 133, 134, 136, 137, 138, 139, 140], "summary": {"covered_lines": 15, "num_statements": 15, "percent_covered": 100.0, "percent_covered_display": "100.00", "missing_lines": 0, "excluded_lines": 0}, "missing_lines": [], "excluded_lines": []}, "CircuitBreakerState.can_execute": {"executed_lines": [144, 145, 146, 148, 150, 151, 152, 153, 156, 157, 158, 159, 160, 161, 162, 163, 165], "summary": {"covered_lines": 17, "num_statements": 17, "percent_covered": 100.0, "percent_covered_display": "100.00", "missing_lines": 0, "excluded_lines": 0}, "missing_lines": [], "excluded_lines": []}, "CircuitBreakerState.release_half_open_slot": {"executed_lines": [169, 170, 171], "summary": {"covered_lines": 3, "num_statements": 3, "percent_covered": 100.0, "percent_covered_display": "100.00", "missing_lines": 0, "excluded_lines": 0}, "missing_lines": [], "excluded_lines": []}, "CircuitBreakerState.get_state": {"executed_lines": [175], "summary": {"covered_lines": 1, "num_statements": 1, "percent_covered": 100.0, "percent_covered_display": "100.00", "missing_lines": 0, "excluded_lines": 0}, "missing_lines": [], "excluded_lines": []}, "CircuitBreakerExecutor.__init__": {"executed_lines": [214, 215, 216, 217, 218], "summary": {"covered_lines": 5, "num_statements": 5, "percent_covered": 100.0, "percent_covered_display": "100.00", "missing_lines": 0, "excluded_lines": 0}, "missing_lines": [], "excluded_lines": []}, "CircuitBreakerExecutor._get_state": {"executed_lines": [222, 223, 224, 225, 226, 227], "summary": {"covered_lines": 6, "num_statements": 6, "percent_covered": 100.0, "percent_covered_display": "100.00", "missing_lines": 0, "excluded_lines": 0}, "missing_lines": [], "excluded_lines": []}, "CircuitBreakerExecutor.execute": {"executed_lines": [247, 248, 250, 252, 253, 256, 257, 261, 262, 264, 266, 267, 269, 270, 276, 277, 288, 291, 292, 294, 295, 298, 299, 302, 305, 306, 308, 309, 311, 314, 316, 318, 320, 322, 323, 337, 338, 340], "summary": {"covered_lines": 38, "num_statements": 41, "percent_covered": 92.6829268292683, "percent_covered_display": "92.68", "missing_lines": 3, "excluded_lines": 0}, "missing_lines": [258, 296, 312], "excluded_lines": []}, "CircuitBreakerExecutor.get_circuit_states": {"executed_lines": [349, 350, 351, 352, 353], "summary": {"covered_lines": 5, "num_statements": 5, "percent_covered": 100.0, "percent_covered_display": "100.00", "missing_lines": 0, "excluded_lines": 0}, "missing_lines": [], "excluded_lines": []}, "CircuitBreakerExecutor.reset_circuit": {"executed_lines": [362, 363, 364, 365, 366, 367, 368, 369, 370], "summary": {"covered_lines": 9, "num_statements": 9, "percent_covered": 100.0, "percent_covered_display": "100.00", "missing_lines": 0, "excluded_lines": 0}, "missing_lines": [], "excluded_lines": []}, "": {"executed_lines": [2, 16, 18, 19, 20, 21, 22, 24, 25, 26, 27, 29, 32, 33, 34, 36, 53, 54, 56, 57, 58, 61, 62, 64, 89, 90, 92, 102, 121, 142, 167, 173, 191, 192, 199, 220, 229, 342, 355], "summary": {"covered_lines": 34, "num_statements": 41, "percent_covered": 82.92682926829268, "percent_covered_display": "82.93", "missing_lines": 7, "excluded_lines": 0}, "missing_lines": [37, 38, 41, 42, 44, 45, 47], "excluded_lines": []}}, "classes": {"CircuitState": {"executed_lines": [], "summary": {"covered_lines": 0, "num_statements": 0, "percent_covered": 100.0, "percent_covered_display": "100.00", "missing_lines": 0, "excluded_lines": 0}, "missing_lines": [], "excluded_lines": []}, "CircuitBreakerConfig": {"executed_lines": [82, 83, 84, 85, 86], "summary": {"covered_lines": 5, "num_statements": 5, "percent_covered": 100.0, "percent_covered_display": "100.00", "missing_lines": 0, "excluded_lines": 0}, "missing_lines": [], "excluded_lines": []}, "CircuitBreakerState": {"executed_lines": [93, 94, 95, 96, 97, 98, 99, 100, 104, 105, 106, 107, 110, 111, 112, 113, 114, 115, 116, 119, 123, 124, 125, 126, 128, 130, 131, 132, 133, 134, 136, 137, 138, 139, 140, 144, 145, 146, 148, 150, 151, 152, 153, 156, 157, 158, 159, 160, 161, 162, 163, 165, 169, 170, 171, 175], "summary": {"covered_lines": 56, "num_statements": 56, "percent_covered": 100.0, "percent_covered_display": "100.00", "missing_lines": 0, "excluded_lines": 0}, "missing_lines": [], "excluded_lines": []}, "CircuitBreakerExecutor": {"executed_lines": [214, 215, 216, 217, 218, 222, 223, 224, 225, 226, 227, 247, 248, 250, 252, 253, 256, 257, 261, 262, 264, 266, 267, 269, 270, 276, 277, 288, 291, 292, 294, 295, 298, 299, 302, 305, 306, 308, 309, 311, 314, 316, 318, 320, 322, 323, 337, 338, 340, 349, 350, 351, 352, 353, 362, 363, 364, 365, 366, 367, 368, 369, 370], "summary": {"covered_lines": 63, "num_statements": 66, "percent_covered": 95.45454545454545, "percent_covered_display": "95.45", "missing_lines": 3, "excluded_lines": 0}, "missing_lines": [258, 296, 312], "excluded_lines": []}, "": {"executed_lines": [2, 16, 18, 19, 20, 21, 22, 24, 25, 26, 27, 29, 32, 33, 34, 36, 53, 54, 56, 57, 58, 61, 62, 64, 89, 90, 92, 102, 121, 142, 167, 173, 191, 192, 199, 220, 229, 342, 355], "summary": {"covered_lines": 34, "num_statements": 41, "percent_covered": 82.92682926829268, "percent_covered_display": "82.93", "missing_lines": 7, "excluded_lines": 0}, "missing_lines": [37, 38, 41, 42, 44, 45, 47], "excluded_lines": []}}}, "src/chuk_tool_processor/execution/wrappers/rate_limiting.py": {"executed_lines": [2, 15, 17, 18, 19, 20, 22, 23, 24, 26, 29, 30, 31, 33, 50, 51, 58, 73, 74, 75, 78, 79, 82, 83, 85, 91, 93, 94, 96, 97, 98, 99, 102, 105, 106, 107, 110, 112, 113, 115, 117, 118, 120, 121, 122, 124, 125, 126, 127, 130, 133, 134, 135, 138, 140, 141, 144, 154, 155, 157, 170, 171, 174, 175, 176, 177, 178, 179, 182, 183, 184, 185, 186, 187, 188, 189, 191, 197, 198, 205, 213, 214, 215, 217, 237, 238, 241, 243, 245, 246, 249, 250, 253, 257, 258, 259, 260, 269, 290, 291, 292, 293, 295], "summary": {"covered_lines": 100, "num_statements": 109, "percent_covered": 91.74311926605505, "percent_covered_display": "91.74", "missing_lines": 9, "excluded_lines": 0}, "missing_lines": [34, 35, 38, 39, 41, 42, 44, 254, 263], "excluded_lines": [], "functions": {"RateLimiter.__init__": {"executed_lines": [73, 74, 75, 78, 79, 82, 83, 85], "summary": {"covered_lines": 8, "num_statements": 8, "percent_covered": 100.0, "percent_covered_display": "100.00", "missing_lines": 0, "excluded_lines": 0}, "missing_lines": [], "excluded_lines": []}, "RateLimiter._acquire_global": {"executed_lines": [93, 94, 96, 97, 98, 99, 102, 105, 106, 107, 110, 112, 113], "summary": {"covered_lines": 13, "num_statements": 13, "percent_covered": 100.0, "percent_covered_display": "100.00", "missing_lines": 0, "excluded_lines": 0}, "missing_lines": [], "excluded_lines": []}, "RateLimiter._acquire_tool": {"executed_lines": [117, 118, 120, 121, 122, 124, 125, 126, 127, 130, 133, 134, 135, 138, 140, 141], "summary": {"covered_lines": 16, "num_statements": 16, "percent_covered": 100.0, "percent_covered_display": "100.00", "missing_lines": 0, "excluded_lines": 0}, "missing_lines": [], "excluded_lines": []}, "RateLimiter.wait": {"executed_lines": [154, 155], "summary": {"covered_lines": 2, "num_statements": 2, "percent_covered": 100.0, "percent_covered_display": "100.00", "missing_lines": 0, "excluded_lines": 0}, "missing_lines": [], "excluded_lines": []}, "RateLimiter.check_limits": {"executed_lines": [170, 171, 174, 175, 176, 177, 178, 179, 182, 183, 184, 185, 186, 187, 188, 189, 191], "summary": {"covered_lines": 17, "num_statements": 17, "percent_covered": 100.0, "percent_covered_display": "100.00", "missing_lines": 0, "excluded_lines": 0}, "missing_lines": [], "excluded_lines": []}, "RateLimitedToolExecutor.__init__": {"executed_lines": [213, 214, 215], "summary": {"covered_lines": 3, "num_statements": 3, "percent_covered": 100.0, "percent_covered_display": "100.00", "missing_lines": 0, "excluded_lines": 0}, "missing_lines": [], "excluded_lines": []}, "RateLimitedToolExecutor.execute": {"executed_lines": [237, 238, 241, 243, 245, 246, 249, 250, 253, 257, 258, 259, 260], "summary": {"covered_lines": 13, "num_statements": 15, "percent_covered": 86.66666666666667, "percent_covered_display": "86.67", "missing_lines": 2, "excluded_lines": 0}, "missing_lines": [254, 263], "excluded_lines": []}, "rate_limited": {"executed_lines": [290, 295], "summary": {"covered_lines": 2, "num_statements": 2, "percent_covered": 100.0, "percent_covered_display": "100.00", "missing_lines": 0, "excluded_lines": 0}, "missing_lines": [], "excluded_lines": []}, "rate_limited.decorator": {"executed_lines": [291, 292, 293], "summary": {"covered_lines": 3, "num_statements": 3, "percent_covered": 100.0, "percent_covered_display": "100.00", "missing_lines": 0, "excluded_lines": 0}, "missing_lines": [], "excluded_lines": []}, "": {"executed_lines": [2, 15, 17, 18, 19, 20, 22, 23, 24, 26, 29, 30, 31, 33, 50, 51, 58, 91, 115, 144, 157, 197, 198, 205, 217, 269], "summary": {"covered_lines": 23, "num_statements": 30, "percent_covered": 76.66666666666667, "percent_covered_display": "76.67", "missing_lines": 7, "excluded_lines": 0}, "missing_lines": [34, 35, 38, 39, 41, 42, 44], "excluded_lines": []}}, "classes": {"RateLimiter": {"executed_lines": [73, 74, 75, 78, 79, 82, 83, 85, 93, 94, 96, 97, 98, 99, 102, 105, 106, 107, 110, 112, 113, 117, 118, 120, 121, 122, 124, 125, 126, 127, 130, 133, 134, 135, 138, 140, 141, 154, 155, 170, 171, 174, 175, 176, 177, 178, 179, 182, 183, 184, 185, 186, 187, 188, 189, 191], "summary": {"covered_lines": 56, "num_statements": 56, "percent_covered": 100.0, "percent_covered_display": "100.00", "missing_lines": 0, "excluded_lines": 0}, "missing_lines": [], "excluded_lines": []}, "RateLimitedToolExecutor": {"executed_lines": [213, 214, 215, 237, 238, 241, 243, 245, 246, 249, 250, 253, 257, 258, 259, 260], "summary": {"covered_lines": 16, "num_statements": 18, "percent_covered": 88.88888888888889, "percent_covered_display": "88.89", "missing_lines": 2, "excluded_lines": 0}, "missing_lines": [254, 263], "excluded_lines": []}, "": {"executed_lines": [2, 15, 17, 18, 19, 20, 22, 23, 24, 26, 29, 30, 31, 33, 50, 51, 58, 91, 115, 144, 157, 197, 198, 205, 217, 269, 290, 291, 292, 293, 295], "summary": {"covered_lines": 28, "num_statements": 35, "percent_covered": 80.0, "percent_covered_display": "80.00", "missing_lines": 7, "excluded_lines": 0}, "missing_lines": [34, 35, 38, 39, 41, 42, 44], "excluded_lines": []}}}, "src/chuk_tool_processor/execution/wrappers/retry.py": {"executed_lines": [2, 10, 12, 13, 14, 15, 16, 18, 19, 20, 22, 25, 26, 27, 29, 30, 31, 34, 35, 37, 38, 40, 46, 47, 49, 59, 60, 61, 62, 63, 64, 65, 66, 67, 72, 80, 81, 85, 86, 87, 88, 89, 92, 93, 95, 96, 98, 103, 105, 106, 107, 108, 114, 115, 119, 126, 127, 128, 133, 134, 136, 143, 144, 146, 147, 148, 149, 150, 155, 162, 163, 164, 165, 170, 171, 172, 174, 178, 179, 180, 181, 192, 197, 200, 201, 202, 203, 204, 206, 207, 208, 211, 212, 214, 215, 218, 219, 220, 223, 224, 225, 227, 228, 229, 230, 231, 232, 235, 236, 237, 242, 243, 244, 245, 246, 247, 248, 249, 250, 251, 252, 254, 255, 269, 270, 271, 272, 273, 279, 301, 302, 311, 313], "summary": {"covered_lines": 130, "num_statements": 130, "percent_covered": 100.0, "percent_covered_display": "100.00", "missing_lines": 0, "excluded_lines": 0}, "missing_lines": [], "excluded_lines": [], "functions": {"RetryConfig.__init__": {"executed_lines": [59, 60, 61, 62, 63, 64, 65, 66, 67], "summary": {"covered_lines": 9, "num_statements": 9, "percent_covered": 100.0, "percent_covered_display": "100.00", "missing_lines": 0, "excluded_lines": 0}, "missing_lines": [], "excluded_lines": []}, "RetryConfig.should_retry": {"executed_lines": [80, 81, 85, 86, 87, 88, 89, 92, 93, 95, 96, 98], "summary": {"covered_lines": 12, "num_statements": 12, "percent_covered": 100.0, "percent_covered_display": "100.00", "missing_lines": 0, "excluded_lines": 0}, "missing_lines": [], "excluded_lines": []}, "RetryConfig.get_delay": {"executed_lines": [105, 106, 107, 108], "summary": {"covered_lines": 4, "num_statements": 4, "percent_covered": 100.0, "percent_covered_display": "100.00", "missing_lines": 0, "excluded_lines": 0}, "missing_lines": [], "excluded_lines": []}, "RetryableToolExecutor.__init__": {"executed_lines": [126, 127, 128], "summary": {"covered_lines": 3, "num_statements": 3, "percent_covered": 100.0, "percent_covered_display": "100.00", "missing_lines": 0, "excluded_lines": 0}, "missing_lines": [], "excluded_lines": []}, "RetryableToolExecutor._config_for": {"executed_lines": [134], "summary": {"covered_lines": 1, "num_statements": 1, "percent_covered": 100.0, "percent_covered_display": "100.00", "missing_lines": 0, "excluded_lines": 0}, "missing_lines": [], "excluded_lines": []}, "RetryableToolExecutor.execute": {"executed_lines": [143, 144, 146, 147, 148, 149, 150], "summary": {"covered_lines": 7, "num_statements": 7, "percent_covered": 100.0, "percent_covered_display": "100.00", "missing_lines": 0, "excluded_lines": 0}, "missing_lines": [], "excluded_lines": []}, "RetryableToolExecutor._execute_single": {"executed_lines": [162, 163, 164, 165, 170, 171, 172, 174, 178, 179, 180, 181, 192, 197, 200, 201, 202, 203, 204, 206, 207, 208, 211, 212, 214, 215, 218, 219, 220, 223, 224, 225, 227, 228, 229, 230, 231, 232, 235, 236, 237, 242, 243, 244, 245, 246, 247, 248, 249, 250, 251, 252, 254, 255], "summary": {"covered_lines": 54, "num_statements": 54, "percent_covered": 100.0, "percent_covered_display": "100.00", "missing_lines": 0, "excluded_lines": 0}, "missing_lines": [], "excluded_lines": []}, "RetryableToolExecutor._wrap_error": {"executed_lines": [271, 272, 273], "summary": {"covered_lines": 3, "num_statements": 3, "percent_covered": 100.0, "percent_covered_display": "100.00", "missing_lines": 0, "excluded_lines": 0}, "missing_lines": [], "excluded_lines": []}, "retryable": {"executed_lines": [301, 313], "summary": {"covered_lines": 2, "num_statements": 2, "percent_covered": 100.0, "percent_covered_display": "100.00", "missing_lines": 0, "excluded_lines": 0}, "missing_lines": [], "excluded_lines": []}, "retryable._decorator": {"executed_lines": [302, 311], "summary": {"covered_lines": 2, "num_statements": 2, "percent_covered": 100.0, "percent_covered_display": "100.00", "missing_lines": 0, "excluded_lines": 0}, "missing_lines": [], "excluded_lines": []}, "": {"executed_lines": [2, 10, 12, 13, 14, 15, 16, 18, 19, 20, 22, 25, 26, 27, 29, 30, 31, 34, 35, 37, 38, 40, 46, 47, 49, 72, 103, 114, 115, 119, 133, 136, 155, 269, 270, 279], "summary": {"covered_lines": 33, "num_statements": 33, "percent_covered": 100.0, "percent_covered_display": "100.00", "missing_lines": 0, "excluded_lines": 0}, "missing_lines": [], "excluded_lines": []}}, "classes": {"RetryConfig": {"executed_lines": [59, 60, 61, 62, 63, 64, 65, 66, 67, 80, 81, 85, 86, 87, 88, 89, 92, 93, 95, 96, 98, 105, 106, 107, 108], "summary": {"covered_lines": 25, "num_statements": 25, "percent_covered": 100.0, "percent_covered_display": "100.00", "missing_lines": 0, "excluded_lines": 0}, "missing_lines": [], "excluded_lines": []}, "RetryableToolExecutor": {"executed_lines": [126, 127, 128, 134, 143, 144, 146, 147, 148, 149, 150, 162, 163, 164, 165, 170, 171, 172, 174, 178, 179, 180, 181, 192, 197, 200, 201, 202, 203, 204, 206, 207, 208, 211, 212, 214, 215, 218, 219, 220, 223, 224, 225, 227, 228, 229, 230, 231, 232, 235, 236, 237, 242, 243, 244, 245, 246, 247, 248, 249, 250, 251, 252, 254, 255, 271, 272, 273], "summary": {"covered_lines": 68, "num_statements": 68, "percent_covered": 100.0, "percent_covered_display": "100.00", "missing_lines": 0, "excluded_lines": 0}, "missing_lines": [], "excluded_lines": []}, "": {"executed_lines": [2, 10, 12, 13, 14, 15, 16, 18, 19, 20, 22, 25, 26, 27, 29, 30, 31, 34, 35, 37, 38, 40, 46, 47, 49, 72, 103, 114, 115, 119, 133, 136, 155, 269, 270, 279, 301, 302, 311, 313], "summary": {"covered_lines": 37, "num_statements": 37, "percent_covered": 100.0, "percent_covered_display": "100.00", "missing_lines": 0, "excluded_lines": 0}, "missing_lines": [], "excluded_lines": []}}}, "src/chuk_tool_processor/logging/__init__.py": {"executed_lines": [2, 15, 17, 18, 22, 26, 30, 35, 36, 39, 42, 44, 61, 75, 76, 79, 86, 87, 88, 91, 92, 95, 96, 97, 98, 101, 102, 103, 104, 105, 108, 109, 115, 116, 118, 119, 120, 121], "summary": {"covered_lines": 37, "num_statements": 37, "percent_covered": 100.0, "percent_covered_display": "100.00", "missing_lines": 0, "excluded_lines": 0}, "missing_lines": [], "excluded_lines": [], "functions": {"_initialize_shutdown_fixes": {"executed_lines": [26], "summary": {"covered_lines": 1, "num_statements": 1, "percent_covered": 100.0, "percent_covered_display": "100.00", "missing_lines": 0, "excluded_lines": 0}, "missing_lines": [], "excluded_lines": []}, "setup_logging": {"executed_lines": [75, 76, 79, 86, 87, 88, 91, 92, 95, 96, 97, 98, 101, 102, 103, 104, 105, 108, 109], "summary": {"covered_lines": 19, "num_statements": 19, "percent_covered": 100.0, "percent_covered_display": "100.00", "missing_lines": 0, "excluded_lines": 0}, "missing_lines": [], "excluded_lines": []}, "": {"executed_lines": [2, 15, 17, 18, 22, 30, 35, 36, 39, 42, 44, 61, 115, 116, 118, 119, 120, 121], "summary": {"covered_lines": 17, "num_statements": 17, "percent_covered": 100.0, "percent_covered_display": "100.00", "missing_lines": 0, "excluded_lines": 0}, "missing_lines": [], "excluded_lines": []}}, "classes": {"": {"executed_lines": [2, 15, 17, 18, 22, 26, 30, 35, 36, 39, 42, 44, 61, 75, 76, 79, 86, 87, 88, 91, 92, 95, 96, 97, 98, 101, 102, 103, 104, 105, 108, 109, 115, 116, 118, 119, 120, 121], "summary": {"covered_lines": 37, "num_statements": 37, "percent_covered": 100.0, "percent_covered_display": "100.00", "missing_lines": 0, "excluded_lines": 0}, "missing_lines": [], "excluded_lines": []}}}, "src/chuk_tool_processor/logging/context.py": {"executed_lines": [2, 15, 17, 18, 19, 20, 21, 22, 23, 24, 25, 26, 28, 34, 35, 44, 56, 58, 59, 61, 62, 63, 65, 68, 69, 76, 77, 78, 80, 82, 83, 84, 86, 87, 88, 90, 92, 95, 96, 97, 100, 102, 105, 111, 112, 113, 117, 120, 123, 129, 135, 136, 138, 139, 141, 142, 144, 145, 146, 148, 151, 152, 153, 154, 157, 158, 159, 165, 166, 176, 177, 179, 180, 185, 186, 188, 189, 191, 192, 194, 197, 199, 200, 201, 203, 205, 207, 209, 212, 218, 219, 220, 221, 222, 224, 226, 231, 232, 233, 234, 235, 237, 239, 250, 252, 253, 254, 255, 256, 257, 259, 261, 268, 272, 278, 279, 289, 290, 291, 292, 293, 294, 295, 296, 299, 301, 302, 304, 305, 307, 308, 310, 311, 313, 315, 316, 318, 319, 321, 323, 329, 336, 338], "summary": {"covered_lines": 137, "num_statements": 137, "percent_covered": 100.0, "percent_covered_display": "100.00", "missing_lines": 0, "excluded_lines": 0}, "missing_lines": [], "excluded_lines": [], "functions": {"LibraryShutdownFilter.filter": {"executed_lines": [58, 59, 61, 62, 63, 65], "summary": {"covered_lines": 6, "num_statements": 6, "percent_covered": 100.0, "percent_covered_display": "100.00", "missing_lines": 0, "excluded_lines": 0}, "missing_lines": [], "excluded_lines": []}, "LibraryLoggingManager.__init__": {"executed_lines": [77, 78], "summary": {"covered_lines": 2, "num_statements": 2, "percent_covered": 100.0, "percent_covered_display": "100.00", "missing_lines": 0, "excluded_lines": 0}, "missing_lines": [], "excluded_lines": []}, "LibraryLoggingManager.initialize": {"executed_lines": [82, 83, 84, 86, 87, 88], "summary": {"covered_lines": 6, "num_statements": 6, "percent_covered": 100.0, "percent_covered_display": "100.00", "missing_lines": 0, "excluded_lines": 0}, "missing_lines": [], "excluded_lines": []}, "LibraryLoggingManager._setup_shutdown_handling": {"executed_lines": [92, 95, 96, 97, 100], "summary": {"covered_lines": 5, "num_statements": 5, "percent_covered": 100.0, "percent_covered_display": "100.00", "missing_lines": 0, "excluded_lines": 0}, "missing_lines": [], "excluded_lines": []}, "LibraryLoggingManager._setup_warning_filters": {"executed_lines": [105, 111, 112, 113], "summary": {"covered_lines": 4, "num_statements": 4, "percent_covered": 100.0, "percent_covered_display": "100.00", "missing_lines": 0, "excluded_lines": 0}, "missing_lines": [], "excluded_lines": []}, "AsyncContextManagerWrapper.__init__": {"executed_lines": [139], "summary": {"covered_lines": 1, "num_statements": 1, "percent_covered": 100.0, "percent_covered_display": "100.00", "missing_lines": 0, "excluded_lines": 0}, "missing_lines": [], "excluded_lines": []}, "AsyncContextManagerWrapper.__aenter__": {"executed_lines": [142], "summary": {"covered_lines": 1, "num_statements": 1, "percent_covered": 100.0, "percent_covered_display": "100.00", "missing_lines": 0, "excluded_lines": 0}, "missing_lines": [], "excluded_lines": []}, "AsyncContextManagerWrapper.__aexit__": {"executed_lines": [145, 146, 148, 151, 152, 153, 154, 157, 158, 159], "summary": {"covered_lines": 10, "num_statements": 10, "percent_covered": 100.0, "percent_covered_display": "100.00", "missing_lines": 0, "excluded_lines": 0}, "missing_lines": [], "excluded_lines": []}, "LogContext.__init__": {"executed_lines": [177], "summary": {"covered_lines": 1, "num_statements": 1, "percent_covered": 100.0, "percent_covered_display": "100.00", "missing_lines": 0, "excluded_lines": 0}, "missing_lines": [], "excluded_lines": []}, "LogContext._reset_token": {"executed_lines": [180], "summary": {"covered_lines": 1, "num_statements": 1, "percent_covered": 100.0, "percent_covered_display": "100.00", "missing_lines": 0, "excluded_lines": 0}, "missing_lines": [], "excluded_lines": []}, "LogContext.context": {"executed_lines": [188, 189], "summary": {"covered_lines": 2, "num_statements": 2, "percent_covered": 100.0, "percent_covered_display": "100.00", "missing_lines": 0, "excluded_lines": 0}, "missing_lines": [], "excluded_lines": []}, "LogContext.request_id": {"executed_lines": [194], "summary": {"covered_lines": 1, "num_statements": 1, "percent_covered": 100.0, "percent_covered_display": "100.00", "missing_lines": 0, "excluded_lines": 0}, "missing_lines": [], "excluded_lines": []}, "LogContext.update": {"execu
[...]
nes": 0, "excluded_lines": 0}, "missing_lines": [], "excluded_lines": []}, "": {"executed_lines": [2, 6, 8, 9, 11, 14, 15, 30, 32, 33, 35, 40, 41, 63, 64, 65, 66, 67, 68, 69, 70, 71, 72, 73, 74, 75, 76, 77, 78, 81, 82, 83, 85, 86, 91, 95, 100, 101, 103, 104, 105, 108, 109, 111, 112, 113], "summary": {"covered_lines": 41, "num_statements": 41, "percent_covered": 100.0, "percent_covered_display": "100.00", "missing_lines": 0, "excluded_lines": 0}, "missing_lines": [], "excluded_lines": []}}, "classes": {"ToolInfo": {"executed_lines": [], "summary": {"covered_lines": 0, "num_statements": 1, "percent_covered": 0.0, "percent_covered_display": "0.00", "missing_lines": 1, "excluded_lines": 0}, "missing_lines": [37], "excluded_lines": []}, "ToolMetadata": {"executed_lines": [88, 89, 93, 97], "summary": {"covered_lines": 4, "num_statements": 4, "percent_covered": 100.0, "percent_covered_display": "100.00", "missing_lines": 0, "excluded_lines": 0}, "missing_lines": [], "excluded_lines": []}, "RateLimitConfig": {"executed_lines": [], "summary": {"covered_lines": 0, "num_statements": 0, "percent_covered": 100.0, "percent_covered_display": "100.00", "missing_lines": 0, "excluded_lines": 0}, "missing_lines": [], "excluded_lines": []}, "StreamingToolMetadata": {"executed_lines": [], "summary": {"covered_lines": 0, "num_statements": 0, "percent_covered": 100.0, "percent_covered_display": "100.00", "missing_lines": 0, "excluded_lines": 0}, "missing_lines": [], "excluded_lines": []}, "": {"executed_lines": [2, 6, 8, 9, 11, 14, 15, 30, 32, 33, 35, 40, 41, 63, 64, 65, 66, 67, 68, 69, 70, 71, 72, 73, 74, 75, 76, 77, 78, 81, 82, 83, 85, 86, 91, 95, 100, 101, 103, 104, 105, 108, 109, 111, 112, 113], "summary": {"covered_lines": 41, "num_statements": 41, "percent_covered": 100.0, "percent_covered_display": "100.00", "missing_lines": 0, "excluded_lines": 0}, "missing_lines": [], "excluded_lines": []}}}, "src/chuk_tool_processor/registry/provider.py": {"executed_lines": [2, 23, 25, 26, 27, 30, 35, 36, 40, 43, 45, 48, 56, 57, 59, 60, 61, 64, 72, 73, 79, 80, 83, 84, 87, 88, 94, 95, 97, 99, 100, 102, 104, 106, 107, 116, 117, 119, 120, 126, 127, 128, 130, 131], "summary": {"covered_lines": 42, "num_statements": 43, "percent_covered": 97.67441860465117, "percent_covered_display": "97.67", "missing_lines": 1, "excluded_lines": 0}, "missing_lines": [137], "excluded_lines": [], "functions": {"_default_registry": {"executed_lines": [43, 45], "summary": {"covered_lines": 2, "num_statements": 2, "percent_covered": 100.0, "percent_covered_display": "100.00", "missing_lines": 0, "excluded_lines": 0}, "missing_lines": [], "excluded_lines": []}, "get_registry": {"executed_lines": [56, 57, 59, 60, 61], "summary": {"covered_lines": 5, "num_statements": 5, "percent_covered": 100.0, "percent_covered_display": "100.00", "missing_lines": 0, "excluded_lines": 0}, "missing_lines": [], "excluded_lines": []}, "set_registry": {"executed_lines": [72, 73], "summary": {"covered_lines": 2, "num_statements": 2, "percent_covered": 100.0, "percent_covered_display": "100.00", "missing_lines": 0, "excluded_lines": 0}, "missing_lines": [], "excluded_lines": []}, "ToolRegistryProvider.get_registry": {"executed_lines": [94, 95, 97, 99, 100, 102, 104], "summary": {"covered_lines": 7, "num_statements": 7, "percent_covered": 100.0, "percent_covered_display": "100.00", "missing_lines": 0, "excluded_lines": 0}, "missing_lines": [], "excluded_lines": []}, "ToolRegistryProvider.set_registry": {"executed_lines": [116, 117], "summary": {"covered_lines": 2, "num_statements": 2, "percent_covered": 100.0, "percent_covered_display": "100.00", "missing_lines": 0, "excluded_lines": 0}, "missing_lines": [], "excluded_lines": []}, "ToolRegistryProvider.reset": {"executed_lines": [126, 127, 128], "summary": {"covered_lines": 3, "num_statements": 3, "percent_covered": 100.0, "percent_covered_display": "100.00", "missing_lines": 0, "excluded_lines": 0}, "missing_lines": [], "excluded_lines": []}, "ToolRegistryProvider.get_global_registry": {"executed_lines": [], "summary": {"covered_lines": 0, "num_statements": 1, "percent_covered": 0.0, "percent_covered_display": "0.00", "missing_lines": 1, "excluded_lines": 0}, "missing_lines": [137], "excluded_lines": []}, "": {"executed_lines": [2, 23, 25, 26, 27, 30, 35, 36, 40, 48, 64, 79, 80, 83, 84, 87, 88, 106, 107, 119, 120, 130, 131], "summary": {"covered_lines": 21, "num_statements": 21, "percent_covered": 100.0, "percent_covered_display": "100.00", "missing_lines": 0, "excluded_lines": 0}, "missing_lines": [], "excluded_lines": []}}, "classes": {"ToolRegistryProvider": {"executed_lines": [94, 95, 97, 99, 100, 102, 104, 116, 117, 126, 127, 128], "summary": {"covered_lines": 12, "num_statements": 13, "percent_covered": 92.3076923076923, "percent_covered_display": "92.31", "missing_lines": 1, "excluded_lines": 0}, "missing_lines": [137], "excluded_lines": []}, "": {"executed_lines": [2, 23, 25, 26, 27, 30, 35, 36, 40, 43, 45, 48, 56, 57, 59, 60, 61, 64, 72, 73, 79, 80, 83, 84, 87, 88, 106, 107, 119, 120, 130, 131], "summary": {"covered_lines": 30, "num_statements": 30, "percent_covered": 100.0, "percent_covered_display": "100.00", "missing_lines": 0, "excluded_lines": 0}, "missing_lines": [], "excluded_lines": []}}}, "src/chuk_tool_processor/registry/providers/__init__.py": {"executed_lines": [2, 6, 7, 8, 10, 13, 14, 17, 40, 41, 44, 45, 46, 49, 50, 53, 55, 59, 61, 63, 65, 68, 69, 72, 78], "summary": {"covered_lines": 24, "num_statements": 25, "percent_covered": 96.0, "percent_covered_display": "96.00", "missing_lines": 1, "excluded_lines": 0}, "missing_lines": [56], "excluded_lines": [], "functions": {"get_registry": {"executed_lines": [40, 41, 44, 45, 46, 49, 50, 53, 55, 59, 61, 63, 65, 68, 69], "summary": {"covered_lines": 15, "num_statements": 16, "percent_covered": 93.75, "percent_covered_display": "93.75", "missing_lines": 1, "excluded_lines": 0}, "missing_lines": [56], "excluded_lines": []}, "clear_registry_cache": {"executed_lines": [78], "summary": {"covered_lines": 1, "num_statements": 1, "percent_covered": 100.0, "percent_covered_display": "100.00", "missing_lines": 0, "excluded_lines": 0}, "missing_lines": [], "excluded_lines": []}, "": {"executed_lines": [2, 6, 7, 8, 10, 13, 14, 17, 72], "summary": {"covered_lines": 8, "num_statements": 8, "percent_covered": 100.0, "percent_covered_display": "100.00", "missing_lines": 0, "excluded_lines": 0}, "missing_lines": [], "excluded_lines": []}}, "classes": {"": {"executed_lines": [2, 6, 7, 8, 10, 13, 14, 17, 40, 41, 44, 45, 46, 49, 50, 53, 55, 59, 61, 63, 65, 68, 69, 72, 78], "summary": {"covered_lines": 24, "num_statements": 25, "percent_covered": 96.0, "percent_covered_display": "96.00", "missing_lines": 1, "excluded_lines": 0}, "missing_lines": [56], "excluded_lines": []}}}, "src/chuk_tool_processor/registry/providers/memory.py": {"executed_lines": [2, 6, 8, 9, 10, 12, 13, 14, 17, 18, 29, 31, 33, 35, 41, 49, 51, 52, 54, 55, 58, 61, 63, 68, 69, 70, 71, 73, 79, 82, 84, 86, 87, 89, 90, 91, 93, 99, 101, 103, 109, 119, 120, 122, 123, 124, 125, 127, 129, 131, 143, 144, 147, 148, 149, 150], "summary": {"covered_lines": 54, "num_statements": 54, "percent_covered": 100.0, "percent_covered_display": "100.00", "missing_lines": 0, "excluded_lines": 0}, "missing_lines": [], "excluded_lines": [], "functions": {"InMemoryToolRegistry.__init__": {"executed_lines": [31, 33, 35], "summary": {"covered_lines": 3, "num_statements": 3, "percent_covered": 100.0, "percent_covered_display": "100.00", "missing_lines": 0, "excluded_lines": 0}, "missing_lines": [], "excluded_lines": []}, "InMemoryToolRegistry.register_tool": {"executed_lines": [49, 51, 52, 54, 55, 58, 61, 63, 68, 69, 70, 71, 73], "summary": {"covered_lines": 13, "num_statements": 13, "percent_covered": 100.0, "percent_covered_display": "100.00", "missing_lines": 0, "excluded_lines": 0}, "missing_lines": [], "excluded_lines": []}, "InMemoryToolRegistry.get_tool": {"executed_lines": [82], "summary": {"covered_lines": 1, "num_statements": 1, "percent_covered": 100.0, "percent_covered_display": "100.00", "missing_lines": 0, "excluded_lines": 0}, "missing_lines": [], "excluded_lines": []}, "InMemoryToolRegistry.get_tool_strict": {"executed_lines": [86, 87, 89, 90, 91, 93, 99], "summary": {"covered_lines": 7, "num_statements": 7, "percent_covered": 100.0, "percent_covered_display": "100.00", "missing_lines": 0, "excluded_lines": 0}, "missing_lines": [], "excluded_lines": []}, "InMemoryToolRegistry.get_metadata": {"executed_lines": [103], "summary": {"covered_lines": 1, "num_statements": 1, "percent_covered": 100.0, "percent_covered_display": "100.00", "missing_lines": 0, "excluded_lines": 0}, "missing_lines": [], "excluded_lines": []}, "InMemoryToolRegistry.list_tools": {"executed_lines": [119, 120, 122, 123, 124, 125], "summary": {"covered_lines": 6, "num_statements": 6, "percent_covered": 100.0, "percent_covered_display": "100.00", "missing_lines": 0, "excluded_lines": 0}, "missing_lines": [], "excluded_lines": []}, "InMemoryToolRegistry.list_namespaces": {"executed_lines": [129], "summary": {"covered_lines": 1, "num_statements": 1, "percent_covered": 100.0, "percent_covered_display": "100.00", "missing_lines": 0, "excluded_lines": 0}, "missing_lines": [], "excluded_lines": []}, "InMemoryToolRegistry.list_metadata": {"executed_lines": [143, 144, 147, 148, 149, 150], "summary": {"covered_lines": 6, "num_statements": 6, "percent_covered": 100.0, "percent_covered_display": "100.00", "missing_lines": 0, "excluded_lines": 0}, "missing_lines": [], "excluded_lines": []}, "": {"executed_lines": [2, 6, 8, 9, 10, 12, 13, 14, 17, 18, 29, 41, 79, 84, 101, 109, 127, 131], "summary": {"covered_lines": 16, "num_statements": 16, "percent_covered": 100.0, "percent_covered_display": "100.00", "missing_lines": 0, "excluded_lines": 0}, "missing_lines": [], "excluded_lines": []}}, "classes": {"InMemoryToolRegistry": {"executed_lines": [31, 33, 35, 49, 51, 52, 54, 55, 58, 61, 63, 68, 69, 70, 71, 73, 82, 86, 87, 89, 90, 91, 93, 99, 103, 119, 120, 122, 123, 124, 125, 129, 143, 144, 147, 148, 149, 150], "summary": {"covered_lines": 38, "num_statements": 38, "percent_covered": 100.0, "percent_covered_display": "100.00", "missing_lines": 0, "excluded_lines": 0}, "missing_lines": [], "excluded_lines": []}, "": {"executed_lines": [2, 6, 8, 9, 10, 12, 13, 14, 17, 18, 29, 41, 79, 84, 101, 109, 127, 131], "summary": {"covered_lines": 16, "num_statements": 16, "percent_covered": 100.0, "percent_covered_display": "100.00", "missing_lines": 0, "excluded_lines": 0}, "missing_lines": [], "excluded_lines": []}}}, "src/chuk_tool_processor/registry/tool_export.py": {"executed_lines": [2, 7, 9, 10, 13, 18, 19, 22, 32, 33, 34, 37, 40, 43, 45, 47, 48, 49, 52, 55, 58, 59, 60, 61, 62, 64, 70, 83, 84, 87, 89, 91, 92, 93, 95, 97, 99, 100, 101, 103, 106, 107, 110, 124, 127, 128, 129, 131, 132, 133, 136, 143, 144, 147, 164, 167, 168, 171, 173, 175, 176, 178, 179, 182, 185, 186, 188, 189, 190, 192, 193, 194, 197, 228], "summary": {"covered_lines": 73, "num_statements": 73, "percent_covered": 100.0, "percent_covered_display": "100.00", "missing_lines": 0, "excluded_lines": 0}, "missing_lines": [], "excluded_lines": [], "functions": {"_build_openai_name_cache": {"executed_lines": [32, 33, 34, 37, 40, 43, 45, 47, 48, 49, 52, 55, 58, 59, 60, 61, 62, 64], "summary": {"covered_lines": 18, "num_statements": 18, "percent_covered": 100.0, "percent_covered_display": "100.00", "missing_lines": 0, "excluded_lines": 0}, "missing_lines": [], "excluded_lines": []}, "openai_functions": {"executed_lines": [83, 84, 87, 89, 91, 92, 93, 95, 97, 99, 100, 101, 103, 106, 107], "summary": {"covered_lines": 15, "num_statements": 15, "percent_covered": 100.0, "percent_covered_display": "100.00", "missing_lines": 0, "excluded_lines": 0}, "missing_lines": [], "excluded_lines": []}, "tool_by_openai_name": {"executed_lines": [124, 127, 128, 129, 131, 132, 133], "summary": {"covered_lines": 7, "num_statements": 7, "percent_covered": 100.0, "percent_covered_display": "100.00", "missing_lines": 0, "excluded_lines": 0}, "missing_lines": [], "excluded_lines": []}, "clear_name_cache": {"executed_lines": [143, 144], "summary": {"covered_lines": 2, "num_statements": 2, "percent_covered": 100.0, "percent_covered_display": "100.00", "missing_lines": 0, "excluded_lines": 0}, "missing_lines": [], "excluded_lines": []}, "export_tools_as_openapi": {"executed_lines": [164, 167, 168, 171, 173, 175, 176, 178, 179, 182, 185, 186, 188, 189, 190, 192, 193, 194, 197, 228], "summary": {"covered_lines": 20, "num_statements": 20, "percent_covered": 100.0, "percent_covered_display": "100.00", "missing_lines": 0, "excluded_lines": 0}, "missing_lines": [], "excluded_lines": []}, "": {"executed_lines": [2, 7, 9, 10, 13, 18, 19, 22, 70, 110, 136, 147], "summary": {"covered_lines": 11, "num_statements": 11, "percent_covered": 100.0, "percent_covered_display": "100.00", "missing_lines": 0, "excluded_lines": 0}, "missing_lines": [], "excluded_lines": []}}, "classes": {"": {"executed_lines": [2, 7, 9, 10, 13, 18, 19, 22, 32, 33, 34, 37, 40, 43, 45, 47, 48, 49, 52, 55, 58, 59, 60, 61, 62, 64, 70, 83, 84, 87, 89, 91, 92, 93, 95, 97, 99, 100, 101, 103, 106, 107, 110, 124, 127, 128, 129, 131, 132, 133, 136, 143, 144, 147, 164, 167, 168, 171, 173, 175, 176, 178, 179, 182, 185, 186, 188, 189, 190, 192, 193, 194, 197, 228], "summary": {"covered_lines": 73, "num_statements": 73, "percent_covered": 100.0, "percent_covered_display": "100.00", "missing_lines": 0, "excluded_lines": 0}, "missing_lines": [], "excluded_lines": []}}}, "src/chuk_tool_processor/utils/__init__.py": {"executed_lines": [0], "summary": {"covered_lines": 0, "num_statements": 0, "percent_covered": 100.0, "percent_covered_display": "100.00", "missing_lines": 0, "excluded_lines": 0}, "missing_lines": [], "excluded_lines": [], "functions": {"": {"executed_lines": [], "summary": {"covered_lines": 0, "num_statements": 0, "percent_covered": 100.0, "percent_covered_display": "100.00", "missing_lines": 0, "excluded_lines": 0}, "missing_lines": [], "excluded_lines": []}}, "classes": {"": {"executed_lines": [], "summary": {"covered_lines": 0, "num_statements": 0, "percent_covered": 100.0, "percent_covered_display": "100.00", "missing_lines": 0, "excluded_lines": 0}, "missing_lines": [], "excluded_lines": []}}}, "src/chuk_tool_processor/utils/fast_json.py": {"executed_lines": [2, 11, 12, 13, 15, 18, 19, 21, 22, 28, 44, 47, 50, 51, 52, 54, 55, 57, 58, 61, 64, 76, 78, 79, 80, 82, 83, 84, 85, 88, 89, 90, 93, 104, 106, 107, 108, 109, 111, 112, 113, 114, 115, 117, 120, 132, 133, 134, 135, 136, 137, 139, 140, 141, 142, 143, 144, 146, 150, 152, 157], "summary": {"covered_lines": 60, "num_statements": 64, "percent_covered": 93.75, "percent_covered_display": "93.75", "missing_lines": 4, "excluded_lines": 0}, "missing_lines": [23, 24, 25, 154], "excluded_lines": [], "functions": {"dumps": {"executed_lines": [44, 47, 50, 51, 52, 54, 55, 57, 58, 61], "summary": {"covered_lines": 10, "num_statements": 10, "percent_covered": 100.0, "percent_covered_display": "100.00", "missing_lines": 0, "excluded_lines": 0}, "missing_lines": [], "excluded_lines": []}, "loads": {"executed_lines": [76, 78, 79, 80, 82, 83, 84, 85, 88, 89, 90], "summary": {"covered_lines": 11, "num_statements": 11, "percent_covered": 100.0, "percent_covered_display": "100.00", "missing_lines": 0, "excluded_lines": 0}, "missing_lines": [], "excluded_lines": []}, "dump": {"executed_lines": [104, 106, 107, 108, 109, 111, 112, 113, 114, 115, 117], "summary": {"covered_lines": 11, "num_statements": 11, "percent_covered": 100.0, "percent_covered_display": "100.00", "missing_lines": 0, "excluded_lines": 0}, "missing_lines": [], "excluded_lines": []}, "load": {"executed_lines": [132, 133, 134, 135, 136, 137, 139, 140, 141, 142, 143, 144, 146], "summary": {"covered_lines": 13, "num_statements": 13, "percent_covered": 100.0, "percent_covered_display": "100.00", "missing_lines": 0, "excluded_lines": 0}, "missing_lines": [], "excluded_lines": []}, "": {"executed_lines": [2, 11, 12, 13, 15, 18, 19, 21, 22, 28, 64, 93, 120, 150, 152, 157], "summary": {"covered_lines": 15, "num_statements": 19, "percent_covered": 78.94736842105263, "percent_covered_display": "78.95", "missing_lines": 4, "excluded_lines": 0}, "missing_lines": [23, 24, 25, 154], "excluded_lines": []}}, "classes": {"": {"executed_lines": [2, 11, 12, 13, 15, 18, 19, 21, 22, 28, 44, 47, 50, 51, 52, 54, 55, 57, 58, 61, 64, 76, 78, 79, 80, 82, 83, 84, 85, 88, 89, 90, 93, 104, 106, 107, 108, 109, 111, 112, 113, 114, 115, 117, 120, 132, 133, 134, 135, 136, 137, 139, 140, 141, 142, 143, 144, 146, 150, 152, 157], "summary": {"covered_lines": 60, "num_statements": 64, "percent_covered": 93.75, "percent_covered_display": "93.75", "missing_lines": 4, "excluded_lines": 0}, "missing_lines": [23, 24, 25, 154], "excluded_lines": []}}}, "src/chuk_tool_processor/utils/validation.py": {"executed_lines": [2, 12, 14, 15, 16, 17, 19, 22, 24, 35, 36, 38, 39, 41, 42, 43, 44, 45, 46, 48, 55, 56, 58, 59, 60, 62, 73, 75, 76, 77, 78, 79, 82, 84, 85, 86, 87, 88, 89, 90, 98, 110, 111, 114, 115, 117, 118, 119, 120, 121, 122, 124, 125], "summary": {"covered_lines": 52, "num_statements": 52, "percent_covered": 100.0, "percent_covered_display": "100.00", "missing_lines": 0, "excluded_lines": 0}, "missing_lines": [], "excluded_lines": [], "functions": {"_arg_model": {"executed_lines": [38, 39, 41, 42, 43, 44, 45, 46, 48], "summary": {"covered_lines": 9, "num_statements": 9, "percent_covered": 100.0, "percent_covered_display": "100.00", "missing_lines": 0, "excluded_lines": 0}, "missing_lines": [], "excluded_lines": []}, "_result_model": {"executed_lines": [58, 59, 60, 62], "summary": {"covered_lines": 4, "num_statements": 4, "percent_covered": 100.0, "percent_covered_display": "100.00", "missing_lines": 0, "excluded_lines": 0}, "missing_lines": [], "excluded_lines": []}, "validate_arguments": {"executed_lines": [75, 76, 77, 78, 79], "summary": {"covered_lines": 5, "num_statements": 5, "percent_covered": 100.0, "percent_covered_display": "100.00", "missing_lines": 0, "excluded_lines": 0}, "missing_lines": [], "excluded_lines": []}, "validate_result": {"executed_lines": [84, 85, 86, 87, 88, 89, 90], "summary": {"covered_lines": 7, "num_statements": 7, "percent_covered": 100.0, "percent_covered_display": "100.00", "missing_lines": 0, "excluded_lines": 0}, "missing_lines": [], "excluded_lines": []}, "with_validation": {"executed_lines": [110, 111, 114, 115, 117, 118, 124, 125], "summary": {"covered_lines": 8, "num_statements": 8, "percent_covered": 100.0, "percent_covered_display": "100.00", "missing_lines": 0, "excluded_lines": 0}, "missing_lines": [], "excluded_lines": []}, "with_validation._validated": {"executed_lines": [119, 120, 121, 122], "summary": {"covered_lines": 4, "num_statements": 4, "percent_covered": 100.0, "percent_covered_display": "100.00", "missing_lines": 0, "excluded_lines": 0}, "missing_lines": [], "excluded_lines": []}, "": {"executed_lines": [2, 12, 14, 15, 16, 17, 19, 22, 24, 35, 36, 55, 56, 73, 82, 98], "summary": {"covered_lines": 15, "num_statements": 15, "percent_covered": 100.0, "percent_covered_display": "100.00", "missing_lines": 0, "excluded_lines": 0}, "missing_lines": [], "excluded_lines": []}}, "classes": {"": {"executed_lines": [2, 12, 14, 15, 16, 17, 19, 22, 24, 35, 36, 38, 39, 41, 42, 43, 44, 45, 46, 48, 55, 56, 58, 59, 60, 62, 73, 75, 76, 77, 78, 79, 82, 84, 85, 86, 87, 88, 89, 90, 98, 110, 111, 114, 115, 117, 118, 119, 120, 121, 122, 124, 125], "summary": {"covered_lines": 52, "num_statements": 52, "percent_covered": 100.0, "percent_covered_display": "100.00", "missing_lines": 0, "excluded_lines": 0}, "missing_lines": [], "excluded_lines": []}}}}, "totals": {"covered_lines": 5426, "num_statements": 5661, "percent_covered": 95.84878996643702, "percent_covered_display": "95.85", "missing_lines": 235, "excluded_lines": 69}}