{"meta": {"format": 3, "version": "7.13.0", "timestamp": "2025-12-14T14:09:45.364215", "branch_coverage": false, "show_contexts": false}, "files": {"src/chuk_tool_processor/__init__.py": {"executed_lines": [1, 23, 26, 30, 37, 45, 48, 55, 56, 57, 60, 67, 70, 71, 72, 75, 82, 85, 88, 98, 114, 171], "summary": {"covered_lines": 19, "num_statements": 19, "percent_covered": 100.0, "percent_covered_display": "100.00", "missing_lines": 0, "excluded_lines": 10, "percent_statements_covered": 100.0, "percent_statements_covered_display": "100.00"}, "missing_lines": [], "excluded_lines": [98, 101, 102, 105, 106, 107, 108, 111, 171, 172], "functions": {"": {"executed_lines": [1, 23, 26, 30, 37, 45, 48, 55, 56, 57, 60, 67, 70, 71, 72, 75, 82, 85, 88, 98, 114, 171], "summary": {"covered_lines": 19, "num_statements": 19, "percent_covered": 100.0, "percent_covered_display": "100.00", "missing_lines": 0, "excluded_lines": 10, "percent_statements_covered": 100.0, "percent_statements_covered_display": "100.00"}, "missing_lines": [], "excluded_lines": [98, 101, 102, 105, 106, 107, 108, 111, 171, 172]}}, "classes": {"": {"executed_lines": [1, 23, 26, 30, 37, 45, 48, 55, 56, 57, 60, 67, 70, 71, 72, 75, 82, 85, 88, 98, 114, 171], "summary": {"covered_lines": 19, "num_statements": 19, "percent_covered": 100.0, "percent_covered_display": "100.00", "missing_lines": 0, "excluded_lines": 10, "percent_statements_covered": 100.0, "percent_statements_covered_display": "100.00"}, "missing_lines": [], "excluded_lines": [98, 101, 102, 105, 106, 107, 108, 111, 171, 172]}}}, "src/chuk_tool_processor/config.py": {"executed_lines": [2, 66, 68, 69, 70, 71, 74, 75, 77, 78, 79, 83, 86, 96, 107, 118, 119, 120, 122, 123, 124, 125, 126, 127, 129, 130, 142, 143, 144, 146, 147, 148, 149, 151, 152, 175, 176, 177, 179, 180, 182, 183, 191, 192, 193, 195, 196, 197, 198, 199, 201, 202, 213, 214, 215, 217, 218, 219, 220, 222, 223, 239, 240, 241, 269, 272, 275, 276, 279, 280, 283, 284, 285, 286, 289, 290, 294, 295, 329, 356, 369, 373, 395, 453, 563], "summary": {"covered_lines": 77, "num_statements": 174, "percent_covered": 44.252873563218394, "percent_covered_display": "44.25", "missing_lines": 97, "excluded_lines": 0, "percent_statements_covered": 44.252873563218394, "percent_statements_covered_display": "44.25"}, "missing_lines": [88, 89, 90, 91, 92, 93, 98, 99, 100, 101, 102, 103, 104, 109, 110, 111, 112, 113, 114, 115, 132, 155, 156, 157, 158, 160, 161, 162, 163, 164, 165, 167, 185, 204, 225, 226, 227, 228, 229, 231, 292, 302, 303, 304, 305, 306, 308, 309, 312, 313, 314, 316, 341, 358, 359, 360, 361, 362, 364, 365, 366, 367, 371, 384, 386, 387, 393, 411, 412, 417, 420, 422, 429, 433, 447, 487, 488, 491, 492, 499, 500, 501, 509, 510, 511, 517, 529, 532, 535, 540, 542, 543, 549, 551, 552, 557, 559], "excluded_lines": [], "functions": {"_get_bool": {"executed_lines": [], "summary": {"covered_lines": 0, "num_statements": 6, "percent_covered": 0.0, "percent_covered_display": "0.00", "missing_lines": 6, "excluded_lines": 0, "percent_statements_covered": 0.0, "percent_statements_covered_display": "0.00"}, "missing_lines": [88, 89, 90, 91, 92, 93], "excluded_lines": []}, "_get_int": {"executed_lines": [], "summary": {"covered_lines": 0, "num_statements": 7, "percent_covered": 0.0, "percent_covered_display": "0.00", "missing_lines": 7, "excluded_lines": 0, "percent_statements_covered": 0.0, "percent_statements_covered_display": "0.00"}, "missing_lines": [98, 99, 100, 101, 102, 103, 104], "excluded_lines": []}, "_get_float": {"executed_lines": [], "summary": {"covered_lines": 0, "num_statements": 7, "percent_covered": 0.0, "percent_covered_display": "0.00", "missing_lines": 7, "excluded_lines": 0, "percent_statements_covered": 0.0, "percent_statements_covered_display": "0.00"}, "missing_lines": [109, 110, 111, 112, 113, 114, 115], "excluded_lines": []}, "CircuitBreakerConfig.from_env": {"executed_lines": [], "summary": {"covered_lines": 0, "num_statements": 1, "percent_covered": 0.0, "percent_covered_display": "0.00", "missing_lines": 1, "excluded_lines": 0, "percent_statements_covered": 0.0, "percent_statements_covered_display": "0.00"}, "missing_lines": [132], "excluded_lines": []}, "RateLimitConfig.from_env": {"executed_lines": [], "summary": {"covered_lines": 0, "num_statements": 11, "percent_covered": 0.0, "percent_covered_display": "0.00", "missing_lines": 11, "excluded_lines": 0, "percent_statements_covered": 0.0, "percent_statements_covered_display": "0.00"}, "missing_lines": [155, 156, 157, 158, 160, 161, 162, 163, 164, 165, 167], "excluded_lines": []}, "CacheConfig.from_env": {"executed_lines": [], "summary": {"covered_lines": 0, "num_statements": 1, "percent_covered": 0.0, "percent_covered_display": "0.00", "missing_lines": 1, "excluded_lines": 0, "percent_statements_covered": 0.0, "percent_statements_covered_display": "0.00"}, "missing_lines": [185], "excluded_lines": []}, "RetryConfig.from_env": {"executed_lines": [], "summary": {"covered_lines": 0, "num_statements": 1, "percent_covered": 0.0, "percent_covered_display": "0.00", "missing_lines": 1, "excluded_lines": 0, "percent_statements_covered": 0.0, "percent_statements_covered_display": "0.00"}, "missing_lines": [204], "excluded_lines": []}, "RegistryConfig.from_env": {"executed_lines": [], "summary": {"covered_lines": 0, "num_statements": 6, "percent_covered": 0.0, "percent_covered_display": "0.00", "missing_lines": 6, "excluded_lines": 0, "percent_statements_covered": 0.0, "percent_statements_covered_display": "0.00"}, "missing_lines": [225, 226, 227, 228, 229, 231], "excluded_lines": []}, "ProcessorConfig.backend": {"executed_lines": [], "summary": {"covered_lines": 0, "num_statements": 1, "percent_covered": 0.0, "percent_covered_display": "0.00", "missing_lines": 1, "excluded_lines": 0, "percent_statements_covered": 0.0, "percent_statements_covered_display": "0.00"}, "missing_lines": [292], "excluded_lines": []}, "ProcessorConfig.from_env": {"executed_lines": [], "summary": {"covered_lines": 0, "num_statements": 11, "percent_covered": 0.0, "percent_covered_display": "0.00", "missing_lines": 11, "excluded_lines": 0, "percent_statements_covered": 0.0, "percent_statements_covered_display": "0.00"}, "missing_lines": [302, 303, 304, 305, 306, 308, 309, 312, 313, 314, 316], "excluded_lines": []}, "ProcessorConfig.to_processor_kwargs": {"executed_lines": [], "summary": {"covered_lines": 0, "num_statements": 1, "percent_covered": 0.0, "percent_covered_display": "0.00", "missing_lines": 1, "excluded_lines": 0, "percent_statements_covered": 0.0, "percent_statements_covered_display": "0.00"}, "missing_lines": [341], "excluded_lines": []}, "ProcessorConfig.uses_redis": {"executed_lines": [], "summary": {"covered_lines": 0, "num_statements": 9, "percent_covered": 0.0, "percent_covered_display": "0.00", "missing_lines": 9, "excluded_lines": 0, "percent_statements_covered": 0.0, "percent_statements_covered_display": "0.00"}, "missing_lines": [358, 359, 360, 361, 362, 364, 365, 366, 367], "excluded_lines": []}, "ProcessorConfig.registry_uses_redis": {"executed_lines": [], "summary": {"covered_lines": 0, "num_statements": 1, "percent_covered": 0.0, "percent_covered_display": "0.00", "missing_lines": 1, "excluded_lines": 0, "percent_statements_covered": 0.0, "percent_statements_covered_display": "0.00"}, "missing_lines": [371], "excluded_lines": []}, "ProcessorConfig.create_registry": {"executed_lines": [], "summary": {"covered_lines": 0, "num_statements": 4, "percent_covered": 0.0, "percent_covered_display": "0.00", "missing_lines": 4, "excluded_lines": 0, "percent_statements_covered": 0.0, "percent_statements_covered_display": "0.00"}, "missing_lines": [384, 386, 387, 393], "excluded_lines": []}, "ProcessorConfig.create_processor": {"executed_lines": [], "summary": {"covered_lines": 0, "num_statements": 8, "percent_covered": 0.0, "percent_covered_display": "0.00", "missing_lines": 8, "excluded_lines": 0, "percent_statements_covered": 0.0, "percent_statements_covered_display": "0.00"}, "missing_lines": [411, 412, 417, 420, 422, 429, 433, 447], "excluded_lines": []}, "create_executor": {"executed_lines": [], "summary": {"covered_lines": 0, "num_statements": 22, "percent_covered": 0.0, "percent_covered_display": "0.00", "missing_lines": 22, "excluded_lines": 0, "percent_statements_covered": 0.0, "percent_statements_covered_display": "0.00"}, "missing_lines": [487, 488, 491, 492, 499, 500, 501, 509, 510, 511, 517, 529, 532, 535, 540, 542, 543, 549, 551, 552, 557, 559], "excluded_lines": []}, "": {"executed_lines": [2, 66, 68, 69, 70, 71, 74, 75, 77, 78, 79, 83, 86, 96, 107, 118, 119, 120, 122, 123, 124, 125, 126, 127, 129, 130, 142, 143, 144, 146, 147, 148, 149, 151, 152, 175, 176, 177, 179, 180, 182, 183, 191, 192, 193, 195, 196, 197, 198, 199, 201, 202, 213, 214, 215, 217, 218, 219, 220, 222, 223, 239, 240, 241, 269, 272, 275, 276, 279, 280, 283, 284, 285, 286, 289, 290, 294, 295, 329, 356, 369, 373, 395, 453, 563], "summary": {"covered_lines": 77, "num_statements": 77, "percent_covered": 100.0, "percent_covered_display": "100.00", "missing_lines": 0, "excluded_lines": 0, "percent_statements_covered": 100.0, "percent_statements_covered_display": "100.00"}, "missing_lines": [], "excluded_lines": []}}, "classes": {"BackendType": {"executed_lines": [], "summary": {"covered_lines": 0, "num_statements": 0, "percent_covered": 100.0, "percent_covered_display": "100.00", "missing_lines": 0, "excluded_lines": 0, "percent_statements_covered": 100.0, "percent_statements_covered_display": "100.00"}, "missing_lines": [], "excluded_lines": []}, "CircuitBreakerConfig": {"executed_lines": [], "summary": {"covered_lines": 0, "num_statements": 1, "percent_covered": 0.0, "percent_covered_display": "0.00", "missing_lines": 1, "excluded_lines": 0, "percent_statements_covered": 0.0, "percent_statements_covered_display": "0.00"}, "missing_lines": [132], "excluded_lines": []}, "RateLimitConfig": {"executed_lines": [], "summary": {"covered_lines": 0, "num_statements": 11, "percent_covered": 0.0, "percent_covered_display": "0.00", "missing_lines": 11, "excluded_lines": 0, "percent_statements_covered": 0.0, "percent_statements_covered_display": "0.00"}, "missing_lines": [155, 156, 157, 158, 160, 161, 162, 163, 164, 165, 167], "excluded_lines": []}, "CacheConfig": {"executed_lines": [], "summary": {"covered_lines": 0, "num_statements": 1, "percent_covered": 0.0, "percent_covered_display": "0.00", "missing_lines": 1, "excluded_lines": 0, "percent_statements_covered": 0.0, "percent_statements_covered_display": "0.00"}, "missing_lines": [185], "excluded_lines": []}, "RetryConfig": {"executed_lines": [], "summary": {"covered_lines": 0, "num_statements": 1, "percent_covered": 0.0, "percent_covered_display": "0.00", "missing_lines": 1, "excluded_lines": 0, "percent_statements_covered": 0.0, "percent_statements_covered_display": "0.00"}, "missing_lines": [204], "excluded_lines": []}, "RegistryConfig": {"executed_lines": [], "summary": {"covered_lines": 0, "num_statements": 6, "percent_covered": 0.0, "percent_covered_display": "0.00", "missing_lines": 6, "excluded_lines": 0, "percent_statements_covered": 0.0, "percent_statements_covered_display": "0.00"}, "missing_lines": [225, 226, 227, 228, 229, 231], "excluded_lines": []}, "ProcessorConfig": {"executed_lines": [], "summary": {"covered_lines": 0, "num_statements": 35, "percent_covered": 0.0, "percent_covered_display": "0.00", "missing_lines": 35, "excluded_lines": 0, "percent_statements_covered": 0.0, "percent_statements_covered_display": "0.00"}, "missing_lines": [292, 302, 303, 304, 305, 306, 308, 309, 312, 313, 314, 316, 341, 358, 359, 360, 361, 362, 364, 365, 366, 367, 371, 384, 386, 387, 393, 411, 412, 417, 420, 422, 429, 433, 447], "excluded_lines": []}, "": {"executed_lines": [2, 66, 68, 69, 70, 71, 74, 75, 77, 78, 79, 83, 86, 96, 107, 118, 119, 120, 122, 123, 124, 125, 126, 127, 129, 130, 142, 143, 144, 146, 147, 148, 149, 151, 152, 175, 176, 177, 179, 180, 182, 183, 191, 192, 193, 195, 196, 197, 198, 199, 201, 202, 213, 214, 215, 217, 218, 219, 220, 222, 223, 239, 240, 241, 269, 272, 275, 276, 279, 280, 283, 284, 285, 286, 289, 290, 294, 295, 329, 356, 369, 373, 395, 453, 563], "summary": {"covered_lines": 77, "num_statements": 119, "percent_covered": 64.70588235294117, "percent_covered_display": "64.71", "missing_lines": 42, "excluded_lines": 0, "percent_statements_covered": 64.70588235294117, "percent_statements_covered_display": "64.71"}, "missing_lines": [88, 89, 90, 91, 92, 93, 98, 99, 100, 101, 102, 103, 104, 109, 110, 111, 112, 113, 114, 115, 487, 488, 491, 492, 499, 500, 501, 509, 510, 511, 517, 529, 532, 535, 540, 542, 543, 549, 551, 552, 557, 559], "excluded_lines": []}}}, "src/chuk_tool_processor/core/__init__.py": {"executed_lines": [2, 4, 12, 35], "summary": {"covered_lines": 3, "num_statements": 3, "percent_covered": 100.0, "percent_covered_display": "100.00", "missing_lines": 0, "excluded_lines": 0, "percent_statements_covered": 100.0, "percent_statements_covered_display": "100.00"}, "missing_lines": [], "excluded_lines": [], "functions": {"": {"executed_lines": [2, 4, 12, 35], "summary": {"covered_lines": 3, "num_statements": 3, "percent_covered": 100.0, "percent_covered_display": "100.00", "missing_lines": 0, "excluded_lines": 0, "percent_statements_covered": 100.0, "percent_statements_covered_display": "100.00"}, "missing_lines": [], "excluded_lines": []}}, "classes": {"": {"executed_lines": [2, 4, 12, 35], "summary": {"covered_lines": 3, "num_statements": 3, "percent_covered": 100.0, "percent_covered_display": "100.00", "missing_lines": 0, "excluded_lines": 0, "percent_statements_covered": 100.0, "percent_statements_covered_display": "100.00"}, "missing_lines": [], "excluded_lines": []}}}, "src/chuk_tool_processor/core/context.py": {"executed_lines": [2, 20, 22, 23, 24, 25, 26, 27, 29, 32, 33, 35, 36, 37, 38, 39, 40, 41, 42, 45, 46, 48, 49, 50, 51, 52, 53, 54, 55, 56, 57, 58, 61, 62, 105, 112, 116, 122, 126, 132, 136, 140, 146, 150, 157, 163, 168, 169, 170, 180, 181, 203, 204, 212, 213, 251, 252, 265, 266, 272, 273, 277, 289, 302, 314, 345, 380, 386, 396, 409, 410, 421, 425, 429, 433, 437], "summary": {"covered_lines": 71, "num_statements": 165, "percent_covered": 43.03030303030303, "percent_covered_display": "43.03", "missing_lines": 94, "excluded_lines": 0, "percent_statements_covered": 43.03030303030303, "percent_statements_covered_display": "43.03"}, "missing_lines": [172, 173, 175, 176, 177, 178, 200, 201, 210, 224, 226, 227, 228, 229, 230, 231, 232, 233, 234, 235, 236, 237, 238, 239, 240, 241, 242, 243, 244, 247, 249, 260, 261, 262, 263, 268, 269, 270, 275, 287, 299, 300, 312, 321, 323, 324, 325, 326, 327, 328, 329, 330, 331, 332, 333, 334, 335, 336, 337, 338, 339, 340, 341, 343, 352, 356, 357, 358, 359, 360, 361, 362, 363, 364, 365, 366, 367, 368, 369, 370, 371, 373, 393, 406, 422, 423, 426, 427, 430, 431, 434, 435, 438, 439], "excluded_lines": [], "functions": {"ExecutionContext.validate_traceparent": {"executed_lines": [], "summary": {"covered_lines": 0, "num_statements": 6, "percent_covered": 0.0, "percent_covered_display": "0.00", "missing_lines": 6, "excluded_lines": 0, "percent_statements_covered": 0.0, "percent_statements_covered_display": "0.00"}, "missing_lines": [172, 173, 175, 176, 177, 178], "excluded_lines": []}, "ExecutionContext.with_deadline": {"executed_lines": [], "summary": {"covered_lines": 0, "num_statements": 2, "percent_covered": 0.0, "percent_covered_display": "0.00", "missing_lines": 2, "excluded_lines": 0, "percent_statements_covered": 0.0, "percent_statements_covered_display": "0.00"}, "missing_lines": [200, 201], "excluded_lines": []}, "ExecutionContext.with_timeout": {"executed_lines": [], "summary": {"covered_lines": 0, "num_statements": 1, "percent_covered": 0.0, "percent_covered_display": "0.00", "missing_lines": 1, "excluded_lines": 0, "percent_statements_covered": 0.0, "percent_statements_covered_display": "0.00"}, "missing_lines": [210], "excluded_lines": []}, "ExecutionContext.from_headers": {"executed_lines": [], "summary": {"covered_lines": 0, "num_statements": 22, "percent_covered": 0.0, "percent_covered_display": "0.00", "missing_lines": 22, "excluded_lines": 0, "percent_statements_covered": 0.0, "percent_statements_covered_display": "0.00"}, "missing_lines": [224, 226, 227, 228, 229, 230, 231, 232, 233, 234, 235, 236, 237, 238, 239, 240, 241, 242, 243, 244, 247, 249], "excluded_lines": []}, "ExecutionContext.remaining_time": {"executed_lines": [], "summary": {"covered_lines": 0, "num_statements": 4, "percent_covered": 0.0, "percent_covered_display": "0.00", "missing_lines": 4, "excluded_lines": 0, "percent_statements_covered": 0.0, "percent_statements_covered_display": "0.00"}, "missing_lines": [260, 261, 262, 263], "excluded_lines": []}, "ExecutionContext.is_expired": {"executed_lines": [], "summary": {"covered_lines": 0, "num_statements": 3, "percent_covered": 0.0, "percent_covered_display": "0.00", "missing_lines": 3, "excluded_lines": 0, "percent_statements_covered": 0.0, "percent_statements_covered_display": "0.00"}, "missing_lines": [268, 269, 270], "excluded_lines": []}, "ExecutionContext.elapsed_time": {"executed_lines": [], "summary": {"covered_lines": 0, "num_statements": 1, "percent_covered": 0.0, "percent_covered_display": "0.00", "missing_lines": 1, "excluded_lines": 0, "percent_statements_covered": 0.0, "percent_statements_covered_display": "0.00"}, "missing_lines": [275], "excluded_lines": []}, "ExecutionContext.with_span": {"executed_lines": [], "summary": {"covered_lines": 0, "num_statements": 1, "percent_covered": 0.0, "percent_covered_display": "0.00", "missing_lines": 1, "excluded_lines": 0, "percent_statements_covered": 0.0, "percent_statements_covered_display": "0.00"}, "missing_lines": [287], "excluded_lines": []}, "ExecutionContext.with_metadata": {"executed_lines": [], "summary": {"covered_lines": 0, "num_statements": 2, "percent_covered": 0.0, "percent_covered_display": "0.00", "missing_lines": 2, "excluded_lines": 0, "percent_statements_covered": 0.0, "percent_statements_covered_display": "0.00"}, "missing_lines": [299, 300], "excluded_lines": []}, "ExecutionContext.with_budget": {"executed_lines": [], "summary": {"covered_lines": 0, "num_statements": 1, "percent_covered": 0.0, "percent_covered_display": "0.00", "missing_lines": 1, "excluded_lines": 0, "percent_statements_covered": 0.0, "percent_statements_covered_display": "0.00"}, "missing_lines": [312], "excluded_lines": []}, "ExecutionContext.to_dict": {"executed_lines": [], "summary": {"covered_lines": 0, "num_statements": 21, "percent_covered": 0.0, "percent_covered_display": "0.00", "missing_lines": 21, "excluded_lines": 0, "percent_statements_covered": 0.0, "percent_statements_covered_display": "0.00"}, "missing_lines": [321, 323, 324, 325, 326, 327, 328, 329, 330, 331, 332, 333, 334, 335, 336, 337, 338, 339, 340, 341, 343], "excluded_lines": []}, "ExecutionContext.to_headers": {"executed_lines": [], "summary": {"covered_lines": 0, "num_statements": 18, "percent_covered": 0.0, "percent_covered_display": "0.00", "missing_lines": 18, "excluded_lines": 0, "percent_statements_covered": 0.0, "percent_statements_covered_display": "0.00"}, "missing_lines": [352, 356, 357, 358, 359, 360, 361, 362, 363, 364, 365, 366, 367, 368, 369, 370, 371, 373], "excluded_lines": []}, "get_current_context": {"executed_lines": [], "summary": {"covered_lines": 0, "num_statements": 1, "percent_covered": 0.0, "percent_covered_display": "0.00", "missing_lines": 1, "excluded_lines": 0, "percent_statements_covered": 0.0, "percent_statements_covered_display": "0.00"}, "missing_lines": [393], "excluded_lines": []}, "set_current_context": {"executed_lines": [], "summary": {"covered_lines": 0, "num_statements": 1, "percent_covered": 0.0, "percent_covered_display": "0.00", "missing_lines": 1, "excluded_lines": 0, "percent_statements_covered": 0.0, "percent_statements_covered_display": "0.00"}, "missing_lines": [406], "excluded_lines": []}, "execution_scope.__init__": {"executed_lines": [], "summary": {"covered_lines": 0, "num_statements": 2, "percent_covered": 0.0, "percent_covered_display": "0.00", "missing_lines": 2, "excluded_lines": 0, "percent_statements_covered": 0.0, "percent_statements_covered_display": "0.00"}, "missing_lines": [422, 423], "excluded_lines": []}, "execution_scope.__aenter__": {"executed_lines": [], "summary": {"covered_lines": 0, "num_statements": 2, "percent_covered": 0.0, "percent_covered_display": "0.00", "missing_lines": 2, "excluded_lines": 0, "percent_statements_covered": 0.0, "percent_statements_covered_display": "0.00"}, "missing_lines": [426, 427], "excluded_lines": []}, "execution_scope.__aexit__": {"executed_lines": [], "summary": {"covered_lines": 0, "num_statements": 2, "percent_covered": 0.0, "percent_covered_display": "0.00", "missing_lines": 2, "excluded_lines": 0, "percent_statements_covered": 0.0, "percent_statements_covered_display": "0.00"}, "missing_lines": [430, 431], "excluded_lines": []}, "execution_scope.__enter__": {"executed_lines": [], "summary": {"covered_lines": 0, "num_statements": 2, "percent_covered": 0.0, "percent_covered_display": "0.00", "missing_lines": 2, "excluded_lines": 0, "percent_statements_covered": 0.0, "percent_statements_covered_display": "0.00"}, "missing_lines": [434, 435], "excluded_lines": []}, "execution_scope.__exit__": {"executed_lines": [], "summary": {"covered_lines": 0, "num_statements": 2, "percent_covered": 0.0, "percent_covered_display": "0.00", "missing_lines": 2, "excluded_lines": 0, "percent_statements_covered": 0.0, "percent_statements_covered_display": "0.00"}, "missing_lines": [438, 439], "excluded_lines": []}, "": {"executed_lines": [2, 20, 22, 23, 24, 25, 26, 27, 29, 32, 33, 35, 36, 37, 38, 39, 40, 41, 42, 45, 46, 48, 49, 50, 51, 52, 53, 54, 55, 56, 57, 58, 61, 62, 105, 112, 116, 122, 126, 132, 136, 140, 146, 150, 157, 163, 168, 169, 170, 180, 181, 203, 204, 212, 213, 251, 252, 265, 266, 272, 273, 277, 289, 302, 314, 345, 380, 386, 396, 409, 410, 421, 425, 429, 433, 437], "summary": {"covered_lines": 71, "num_statements": 71, "percent_covered": 100.0, "percent_covered_display": "100.00", "missing_lines": 0, "excluded_lines": 0, "percent_statements_covered": 100.0, "percent_statements_covered_display": "100.00"}, "missing_lines": [], "excluded_lines": []}}, "classes": {"ContextHeader": {"executed_lines": [], "summary": {"covered_lines": 0, "num_statements": 0, "percent_covered": 100.0, "percent_covered_display": "100.00", "missing_lines": 0, "excluded_lines": 0, "percent_statements_covered": 100.0, "percent_statements_covered_display": "100.00"}, "missing_lines": [], "excluded_lines": []}, "ContextKey": {"executed_lines": [], "summary": {"covered_lines": 0, "num_statements": 0, "percent_covered": 100.0, "percent_covered_display": "100.00", "missing_lines": 0, "excluded_lines": 0, "percent_statements_covered": 100.0, "percent_statements_covered_display": "100.00"}, "missing_lines": [], "excluded_lines": []}, "ExecutionContext": {"executed_lines": [], "summary": {"covered_lines": 0, "num_statements": 82, "percent_covered": 0.0, "percent_covered_display": "0.00", "missing_lines": 82, "excluded_lines": 0, "percent_statements_covered": 0.0, "percent_statements_covered_display": "0.00"}, "missing_lines": [172, 173, 175, 176, 177, 178, 200, 201, 210, 224, 226, 227, 228, 229, 230, 231, 232, 233, 234, 235, 236, 237, 238, 239, 240, 241, 242, 243, 244, 247, 249, 260, 261, 262, 263, 268, 269, 270, 275, 287, 299, 300, 312, 321, 323, 324, 325, 326, 327, 328, 329, 330, 331, 332, 333, 334, 335, 336, 337, 338, 339, 340, 341, 343, 352, 356, 357, 358, 359, 360, 361, 362, 363, 364, 365, 366, 367, 368, 369, 370, 371, 373], "excluded_lines": []}, "execution_scope": {"executed_lines": [], "summary": {"covered_lines": 0, "num_statements": 10, "percent_covered": 0.0, "percent_covered_display": "0.00", "missing_lines": 10, "excluded_lines": 0, "percent_statements_covered": 0.0, "percent_statements_covered_display": "0.00"}, "missing_lines": [422, 423, 426, 427, 430, 431, 434, 435, 438, 439], "excluded_lines": []}, "": {"executed_lines": [2, 20, 22, 23, 24, 25, 26, 27, 29, 32, 33, 35, 36, 37, 38, 39, 40, 41, 42, 45, 46, 48, 49, 50, 51, 52, 53, 54, 55, 56, 57, 58, 61, 62, 105, 112, 116, 122, 126, 132, 136, 140, 146, 150, 157, 163, 168, 169, 170, 180, 181, 203, 204, 212, 213, 251, 252, 265, 266, 272, 273, 277, 289, 302, 314, 345, 380, 386, 396, 409, 410, 421, 425, 429, 433, 437], "summary": {"covered_lines": 71, "num_statements": 73, "percent_covered": 97.26027397260275, "percent_covered_display": "97.26", "missing_lines": 2, "excluded_lines": 0, "percent_statements_covered": 97.26027397260275, "percent_statements_covered_display": "97.26"}, "missing_lines": [393, 406], "excluded_lines": []}}}, "src/chuk_tool_processor/core/exceptions.py": {"executed_lines": [2, 9, 11, 12, 13, 15, 17, 21, 22, 25, 26, 29, 30, 31, 34, 35, 36, 39, 40, 43, 46, 47, 50, 51, 52, 53, 56, 57, 60, 61, 80, 81, 82, 83, 84, 85, 86, 87, 88, 89, 93, 117, 129, 139, 141, 144, 146, 149, 150, 152, 160, 161, 162, 163, 164, 166, 167, 169, 171, 172, 174, 176, 177, 185, 187, 205, 212, 222, 223, 225, 287, 288, 290, 313, 314, 316, 329, 330, 332, 348, 349, 351, 372, 373, 375, 407, 408, 410, 416, 417, 418, 419, 420, 421, 424, 426, 439, 440, 442, 455, 456, 458, 470, 471, 473, 482, 483, 490, 526, 527, 556, 562, 566, 570, 574, 578, 583, 588, 589, 596, 600, 608, 609, 616, 619, 627, 635, 643, 644, 651, 659, 660, 667, 675, 685], "summary": {"covered_lines": 118, "num_statements": 208, "percent_covered": 56.73076923076923, "percent_covered_display": "56.73", "missing_lines": 90, "excluded_lines": 2, "percent_statements_covered": 56.73076923076923, "percent_statements_covered_display": "56.73"}, "missing_lines": [189, 198, 199, 203, 232, 233, 236, 239, 240, 242, 244, 245, 247, 248, 249, 250, 253, 254, 256, 257, 260, 261, 264, 269, 272, 273, 274, 275, 276, 277, 278, 280, 296, 297, 298, 299, 301, 302, 303, 305, 317, 318, 320, 326, 338, 339, 340, 341, 357, 358, 359, 360, 361, 362, 364, 365, 382, 383, 384, 385, 386, 387, 388, 391, 393, 449, 450, 451, 452, 459, 460, 461, 462, 474, 498, 499, 500, 501, 502, 504, 505, 506, 508, 597, 620, 628, 636, 652, 668, 676], "excluded_lines": [17, 18], "functions": {"is_retryable_category": {"executed_lines": [141], "summary": {"covered_lines": 1, "num_statements": 1, "percent_covered": 100.0, "percent_covered_display": "100.00", "missing_lines": 0, "excluded_lines": 0, "percent_statements_covered": 100.0, "percent_statements_covered_display": "100.00"}, "missing_lines": [], "excluded_lines": []}, "get_category_for_code": {"executed_lines": [146], "summary": {"covered_lines": 1, "num_statements": 1, "percent_covered": 100.0, "percent_covered_display": "100.00", "missing_lines": 0, "excluded_lines": 0, "percent_statements_covered": 100.0, "percent_statements_covered_display": "100.00"}, "missing_lines": [], "excluded_lines": []}, "ToolProcessorError.__init__": {"executed_lines": [160, 161, 162, 163, 164], "summary": {"covered_lines": 5, "num_statements": 5, "percent_covered": 100.0, "percent_covered_display": "100.00", "missing_lines": 0, "excluded_lines": 0, "percent_statements_covered": 100.0, "percent_statements_covered_display": "100.00"}, "missing_lines": [], "excluded_lines": []}, "ToolProcessorError.category": {"executed_lines": [169], "summary": {"covered_lines": 1, "num_statements": 1, "percent_covered": 100.0, "percent_covered_display": "100.00", "missing_lines": 0, "excluded_lines": 0, "percent_statements_covered": 100.0, "percent_statements_covered_display": "100.00"}, "missing_lines": [], "excluded_lines": []}, "ToolProcessorError.retryable": {"executed_lines": [174], "summary": {"covered_lines": 1, "num_statements": 1, "percent_covered": 100.0, "percent_covered_display": "100.00", "missing_lines": 0, "excluded_lines": 0, "percent_statements_covered": 100.0, "percent_statements_covered_display": "100.00"}, "missing_lines": [], "excluded_lines": []}, "ToolProcessorError.retry_after_ms": {"executed_lines": [185], "summary": {"covered_lines": 1, "num_statements": 1, "percent_covered": 100.0, "percent_covered_display": "100.00", "missing_lines": 0, "excluded_lines": 0, "percent_statements_covered": 100.0, "percent_statements_covered_display": "100.00"}, "missing_lines": [], "excluded_lines": []}, "ToolProcessorError.to_dict": {"executed_lines": [], "summary": {"covered_lines": 0, "num_statements": 4, "percent_covered": 0.0, "percent_covered_display": "0.00", "missing_lines": 4, "excluded_lines": 0, "percent_statements_covered": 0.0, "percent_statements_covered_display": "0.00"}, "missing_lines": [189, 198, 199, 203], "excluded_lines": []}, "ToolProcessorError.to_error_info": {"executed_lines": [212], "summary": {"covered_lines": 1, "num_statements": 1, "percent_covered": 100.0, "percent_covered_display": "100.00", "missing_lines": 0, "excluded_lines": 0, "percent_statements_covered": 100.0, "percent_statements_covered_display": "100.00"}, "missing_lines": [], "excluded_lines": []}, "ToolNotFoundError.__init__": {"executed_lines": [], "summary": {"covered_lines": 0, "num_statements": 28, "percent_covered": 0.0, "percent_covered_display": "0.00", "missing_lines": 28, "excluded_lines": 0, "percent_statements_covered": 0.0, "percent_statements_covered_display": "0.00"}, "missing_lines": [232, 233, 236, 239, 240, 242, 244, 245, 247, 248, 249, 250, 253, 254, 256, 257, 260, 261, 264, 269, 272, 273, 274, 275, 276, 277, 278, 280], "excluded_lines": []}, "ToolExecutionError.__init__": {"executed_lines": [], "summary": {"covered_lines": 0, "num_statements": 8, "percent_covered": 0.0, "percent_covered_display": "0.00", "missing_lines": 8, "excluded_lines": 0, "percent_statements_covered": 0.0, "percent_statements_covered_display": "0.00"}, "missing_lines": [296, 297, 298, 299, 301, 302, 303, 305], "excluded_lines": []}, "ToolTimeoutError.__init__": {"executed_lines": [], "summary": {"covered_lines": 0, "num_statements": 4, "percent_covered": 0.0, "percent_covered_display": "0.00", "missing_lines": 4, "excluded_lines": 0, "percent_statements_covered": 0.0, "percent_statements_covered_display": "0.00"}, "missing_lines": [317, 318, 320, 326], "excluded_lines": []}, "ToolValidationError.__init__": {"executed_lines": [], "summary": {"covered_lines": 0, "num_statements": 4, "percent_covered": 0.0, "percent_covered_display": "0.00", "missing_lines": 4, "excluded_lines": 0, "percent_statements_covered": 0.0, "percent_statements_covered_display": "0.00"}, "missing_lines": [338, 339, 340, 341], "excluded_lines": []}, "ParserError.__init__": {"executed_lines": [], "summary": {"covered_lines": 0, "num_statements": 8, "percent_covered": 0.0, "percent_covered_display": "0.00", "missing_lines": 8, "excluded_lines": 0, "percent_statements_covered": 0.0, "percent_statements_covered_display": "0.00"}, "missing_lines": [357, 358, 359, 360, 361, 362, 364, 365], "excluded_lines": []}, "ToolRateLimitedError.__init__": {"executed_lines": [], "summary": {"covered_lines": 0, "num_statements": 9, "percent_covered": 0.0, "percent_covered_display": "0.00", "missing_lines": 9, "excluded_lines": 0, "percent_statements_covered": 0.0, "percent_statements_covered_display": "0.00"}, "missing_lines": [382, 383, 384, 385, 386, 387, 388, 391, 393], "excluded_lines": []}, "ToolCircuitOpenError.__init__": {"executed_lines": [416, 417, 418, 419, 420, 421, 424, 426], "summary": {"covered_lines": 8, "num_statements": 8, "percent_covered": 100.0, "percent_covered_display": "100.00", "missing_lines": 0, "excluded_lines": 0, "percent_statements_covered": 100.0, "percent_statements_covered_display": "100.00"}, "missing_lines": [], "excluded_lines": []}, "MCPError.__init__": {"executed_lines": [], "summary": {"covered_lines": 0, "num_statements": 4, "percent_covered": 0.0, "percent_covered_display": "0.00", "missing_lines": 4, "excluded_lines": 0, "percent_statements_covered": 0.0, "percent_statements_covered_display": "0.00"}, "missing_lines": [449, 450, 451, 452], "excluded_lines": []}, "MCPConnectionError.__init__": {"executed_lines": [], "summary": {"covered_lines": 0, "num_statements": 4, "percent_covered": 0.0, "percent_covered_display": "0.00", "missing_lines": 4, "excluded_lines": 0, "percent_statements_covered": 0.0, "percent_statements_covered_display": "0.00"}, "missing_lines": [459, 460, 461, 462], "excluded_lines": []}, "MCPTimeoutError.__init__": {"executed_lines": [], "summary": {"covered_lines": 0, "num_statements": 1, "percent_covered": 0.0, "percent_covered_display": "0.00", "missing_lines": 1, "excluded_lines": 0, "percent_statements_covered": 0.0, "percent_statements_covered_display": "0.00"}, "missing_lines": [474], "excluded_lines": []}, "BulkheadFullError.__init__": {"executed_lines": [], "summary": {"covered_lines": 0, "num_statements": 9, "percent_covered": 0.0, "percent_covered_display": "0.00", "missing_lines": 9, "excluded_lines": 0, "percent_statements_covered": 0.0, "percent_statements_covered_display": "0.00"}, "missing_lines": [498, 499, 500, 501, 502, 504, 505, 506, 508], "excluded_lines": []}, "ErrorInfo.from_exception": {"executed_lines": [596, 600], "summary": {"covered_lines": 2, "num_statements": 3, "percent_covered": 66.66666666666667, "percent_covered_display": "66.67", "missing_lines": 1, "excluded_lines": 0, "percent_statements_covered": 66.66666666666667, "percent_statements_covered_display": "66.67"}, "missing_lines": [597], "excluded_lines": []}, "ErrorInfo.from_error_string": {"executed_lines": [616, 619, 627, 635, 643, 644, 651, 659, 660, 667, 675, 685], "summary": {"covered_lines": 12, "num_statements": 18, "percent_covered": 66.66666666666667, "percent_covered_display": "66.67", "missing_lines": 6, "excluded_lines": 0, "percent_statements_covered": 66.66666666666667, "percent_statements_covered_display": "66.67"}, "missing_lines": [620, 628, 636, 652, 668, 676], "excluded_lines": []}, "": {"executed_lines": [2, 9, 11, 12, 13, 15, 17, 21, 22, 25, 26, 29, 30, 31, 34, 35, 36, 39, 40, 43, 46, 47, 50, 51, 52, 53, 56, 57, 60, 61, 80, 81, 82, 83, 84, 85, 86, 87, 88, 89, 93, 117, 129, 139, 144, 149, 150, 152, 166, 167, 171, 172, 176, 177, 187, 205, 222, 223, 225, 287, 288, 290, 313, 314, 316, 329, 330, 332, 348, 349, 351, 372, 373, 375, 407, 408, 410, 439, 440, 442, 455, 456, 458, 470, 471, 473, 482, 483, 490, 526, 527, 556, 562, 566, 570, 574, 578, 583, 588, 589, 608, 609], "summary": {"covered_lines": 85, "num_statements": 85, "percent_covered": 100.0, "percent_covered_display": "100.00", "missing_lines": 0, "excluded_lines": 2, "percent_statements_covered": 100.0, "percent_statements_covered_display": "100.00"}, "missing_lines": [], "excluded_lines": [17, 18]}}, "classes": {"ErrorCode": {"executed_lines": [], "summary": {"covered_lines": 0, "num_statements": 0, "percent_covered": 100.0, "percent_covered_display": "100.00", "missing_lines": 0, "excluded_lines": 0, "percent_statements_covered": 100.0, "percent_statements_covered_display": "100.00"}, "missing_lines": [], "excluded_lines": []}, "ErrorCategory": {"executed_lines": [], "summary": {"covered_lines": 0, "num_statements": 0, "percent_covered": 100.0, "percent_covered_display": "100.00", "missing_lines": 0, "excluded_lines": 0, "percent_statements_covered": 100.0, "percent_statements_covered_display": "100.00"}, "missing_lines": [], "excluded_lines": []}, "ToolProcessorError": {"executed_lines": [160, 161, 162, 163, 164, 169, 174, 185, 212], "summary": {"covered_lines": 9, "num_statements": 13, "percent_covered": 69.23076923076923, "percent_covered_display": "69.23", "missing_lines": 4, "excluded_lines": 0, "percent_statements_covered": 69.23076923076923, "percent_statements_covered_display": "69.23"}, "missing_lines": [189, 198, 199, 203], "excluded_lines": []}, "ToolNotFoundError": {"executed_lines": [], "summary": {"covered_lines": 0, "num_statements": 28, "percent_covered": 0.0, "percent_covered_display": "0.00", "missing_lines": 28, "excluded_lines": 0, "percent_statements_covered": 0.0, "percent_statements_covered_display": "0.00"}, "missing_lines": [232, 233, 236, 239, 240, 242, 244, 245, 247, 248, 249, 250, 253, 254, 256, 257, 260, 261, 264, 269, 272, 273, 274, 275, 276, 277, 278, 280], "excluded_lines": []}, "ToolExecutionError": {"executed_lines": [], "summary": {"covered_lines": 0, "num_statements": 8, "percent_covered": 0.0, "percent_covered_display": "0.00", "missing_lines": 8, "excluded_lines": 0, "percent_statements_covered": 0.0, "percent_statements_covered_display": "0.00"}, "missing_lines": [296, 297, 298, 299, 301, 302, 303, 305], "excluded_lines": []}, "ToolTimeoutError": {"executed_lines": [], "summary": {"covered_lines": 0, "num_statements": 4, "percent_covered": 0.0, "percent_covered_display": "0.00", "missing_lines": 4, "excluded_lines": 0, "percent_statements_covered": 0.0, "percent_statements_covered_display": "0.00"}, "missing_lines": [317, 318, 320, 326], "excluded_lines": []}, "ToolValidationError": {"executed_lines": [], "summary": {"covered_lines": 0, "num_statements": 4, "percent_covered": 0.0, "percent_covered_display": "0.00", "missing_lines": 4, "excluded_lines": 0, "percent_statements_covered": 0.0, "percent_statements_covered_display": "0.00"}, "missing_lines": [338, 339, 340, 341], "excluded_lines": []}, "ParserError": {"executed_lines": [], "summary": {"covered_lines": 0, "num_statements": 8, "percent_covered": 0.0, "percent_covered_display": "0.00", "missing_lines": 8, "excluded_lines": 0, "percent_statements_covered": 0.0, "percent_statements_covered_display": "0.00"}, "missing_lines": [357, 358, 359, 360, 361, 362, 364, 365], "excluded_lines": []}, "ToolRateLimitedError": {"executed_lines": [], "summary": {"covered_lines": 0, "num_statements": 9, "percent_covered": 0.0, "percent_covered_display": "0.00", "missing_lines": 9, "excluded_lines": 0, "percent_statements_covered": 0.0, "percent_statements_covered_display": "0.00"}, "missing_lines": [382, 383, 384, 385, 386, 387, 388, 391, 393], "excluded_lines": []}, "ToolCircuitOpenError": {"executed_lines": [416, 417, 418, 419, 420, 421, 424, 426], "summary": {"covered_lines": 8, "num_statements": 8, "percent_covered": 100.0, "percent_covered_display": "100.00", "missing_lines": 0, "excluded_lines": 0, "percent_statements_covered": 100.0, "percent_statements_covered_display": "100.00"}, "missing_lines": [], "excluded_lines": []}, "MCPError": {"executed_lines": [], "summary": {"covered_lines": 0, "num_statements": 4, "percent_covered": 0.0, "percent_covered_display": "0.00", "missing_lines": 4, "excluded_lines": 0, "percent_statements_covered": 0.0, "percent_statements_covered_display": "0.00"}, "missing_lines": [449, 450, 451, 452], "excluded_lines": []}, "MCPConnectionError": {"executed_lines": [], "summary": {"covered_lines": 0, "num_statements": 4, "percent_covered": 0.0, "percent_covered_display": "0.00", "missing_lines": 4, "excluded_lines": 0, "percent_statements_covered": 0.0, "percent_statements_covered_display": "0.00"}, "missing_lines": [459, 460, 461, 462], "excluded_lines": []}, "MCPTimeoutError": {"executed_lines": [], "summary": {"covered_lines": 0, "num_statements": 1, "percent_covered": 0.0, "percent_covered_display": "0.00", "missing_lines": 1, "excluded_lines": 0, "percent_statements_covered": 0.0, "percent_statements_covered_display": "0.00"}, "missing_lines": [474], "excluded_lines": []}, "BulkheadFullError": {"executed_lines": [], "summary": {"covered_lines": 0, "num_statements": 9, "percent_covered": 0.0, "percent_covered_display": "0.00", "missing_lines": 9, "excluded_lines": 0, "percent_statements_covered": 0.0, "percent_statements_covered_display": "0.00"}, "missing_lines": [498, 499, 500, 501, 502, 504, 505, 506, 508], "excluded_lines": []}, "ErrorInfo": {"executed_lines": [596, 600, 616, 619, 627, 635, 643, 644, 651, 659, 660, 667, 675, 685], "summary": {"covered_lines": 14, "num_statements": 21, "percent_covered": 66.66666666666667, "percent_covered_display": "66.67", "missing_lines": 7, "excluded_lines": 0, "percent_statements_covered": 66.66666666666667, "percent_statements_covered_display": "66.67"}, "missing_lines": [597, 620, 628, 636, 652, 668, 676], "excluded_lines": []}, "": {"executed_lines": [2, 9, 11, 12, 13, 15, 17, 21, 22, 25, 26, 29, 30, 31, 34, 35, 36, 39, 40, 43, 46, 47, 50, 51, 52, 53, 56, 57, 60, 61, 80, 81, 82, 83, 84, 85, 86, 87, 88, 89, 93, 117, 129, 139, 141, 144, 146, 149, 150, 152, 166, 167, 171, 172, 176, 177, 187, 205, 222, 223, 225, 287, 288, 290, 313, 314, 316, 329, 330, 332, 348, 349, 351, 372, 373, 375, 407, 408, 410, 439, 440, 442, 455, 456, 458, 470, 471, 473, 482, 483, 490, 526, 527, 556, 562, 566, 570, 574, 578, 583, 588, 589, 608, 609], "summary": {"covered_lines": 87, "num_statements": 87, "percent_covered": 100.0, "percent_covered_display": "100.00", "missing_lines": 0, "excluded_lines": 2, "percent_statements_covered": 100.0, "percent_statements_covered_display": "100.00"}, "missing_lines": [], "excluded_lines": [17, 18]}}}, "src/chuk_tool_processor/core/processor.py": {"executed_lines": [2, 11, 13, 14, 15, 16, 17, 19, 23, 24, 27, 31, 35, 39, 43, 50, 51, 52, 56, 57, 60, 61, 115, 233, 335, 554, 582, 653, 722, 755, 792, 820, 843, 848, 853, 906, 907, 910, 923, 950], "summary": {"covered_lines": 38, "num_statements": 280, "percent_covered": 13.571428571428571, "percent_covered_display": "13.57", "missing_lines": 242, "excluded_lines": 0, "percent_statements_covered": 13.571428571428571, "percent_statements_covered_display": "13.57"}, "missing_lines": [200, 203, 204, 205, 206, 207, 208, 209, 210, 211, 212, 213, 214, 215, 216, 217, 218, 219, 220, 223, 224, 225, 226, 227, 230, 231, 241, 242, 243, 245, 248, 249, 251, 254, 255, 257, 264, 268, 269, 270, 274, 279, 280, 282, 283, 288, 289, 290, 294, 299, 300, 301, 302, 308, 311, 312, 313, 317, 318, 319, 320, 323, 324, 330, 332, 333, 434, 437, 440, 441, 442, 443, 445, 448, 451, 453, 455, 456, 457, 459, 460, 461, 462, 463, 464, 465, 468, 469, 470, 471, 473, 475, 479, 480, 481, 484, 485, 487, 491, 492, 494, 495, 496, 498, 501, 503, 504, 507, 508, 509, 511, 512, 513, 515, 516, 519, 520, 523, 524, 528, 529, 531, 532, 533, 535, 538, 539, 542, 543, 552, 575, 637, 640, 641, 644, 651, 666, 669, 672, 675, 677, 678, 680, 681, 683, 686, 687, 688, 689, 691, 693, 695, 697, 698, 700, 703, 706, 707, 710, 713, 715, 717, 720, 735, 736, 742, 745, 746, 748, 749, 750, 751, 753, 757, 759, 760, 762, 764, 767, 768, 775, 777, 779, 780, 786, 787, 811, 813, 814, 817, 818, 832, 834, 835, 837, 838, 845, 846, 850, 851, 860, 862, 864, 865, 866, 867, 868, 869, 872, 873, 874, 875, 876, 877, 879, 880, 883, 885, 886, 887, 888, 889, 890, 891, 893, 894, 895, 896, 897, 899, 901, 902, 914, 915, 916, 917, 918, 920, 941, 942, 970, 971], "excluded_lines": [], "functions": {"ToolProcessor.__init__": {"executed_lines": [], "summary": {"covered_lines": 0, "num_statements": 26, "percent_covered": 0.0, "percent_covered_display": "0.00", "missing_lines": 26, "excluded_lines": 0, "percent_statements_covered": 0.0, "percent_statements_covered_display": "0.00"}, "missing_lines": [200, 203, 204, 205, 206, 207, 208, 209, 210, 211, 212, 213, 214, 215, 216, 217, 218, 219, 220, 223, 224, 225, 226, 227, 230, 231], "excluded_lines": []}, "ToolProcessor.initialize": {"executed_lines": [], "summary": {"covered_lines": 0, "num_statements": 40, "percent_covered": 0.0, "percent_covered_display": "0.00", "missing_lines": 40, "excluded_lines": 0, "percent_statements_covered": 0.0, "percent_statements_covered_display": "0.00"}, "missing_lines": [241, 242, 243, 245, 248, 249, 251, 254, 255, 257, 264, 268, 269, 270, 274, 279, 280, 282, 283, 288, 289, 290, 294, 299, 300, 301, 302, 308, 311, 312, 313, 317, 318, 319, 320, 323, 324, 330, 332, 333], "excluded_lines": []}, "ToolProcessor.process": {"executed_lines": [], "summary": {"covered_lines": 0, "num_statements": 59, "percent_covered": 0.0, "percent_covered_display": "0.00", "missing_lines": 59, "excluded_lines": 0, "percent_statements_covered": 0.0, "percent_statements_covered_display": "0.00"}, "missing_lines": [434, 437, 440, 441, 442, 443, 445, 448, 451, 453, 455, 456, 457, 459, 460, 461, 462, 463, 464, 465, 468, 469, 470, 471, 473, 475, 479, 480, 481, 484, 485, 487, 491, 492, 494, 495, 496, 498, 501, 503, 504, 507, 508, 509, 511, 512, 513, 515, 516, 519, 531, 532, 533, 535, 538, 539, 542, 543, 552], "excluded_lines": []}, "ToolProcessor.process._execute_with_context": {"executed_lines": [], "summary": {"covered_lines": 0, "num_statements": 5, "percent_covered": 0.0, "percent_covered_display": "0.00", "missing_lines": 5, "excluded_lines": 0, "percent_statements_covered": 0.0, "percent_statements_covered_display": "0.00"}, "missing_lines": [520, 523, 524, 528, 529], "excluded_lines": []}, "ToolProcessor.process_text": {"executed_lines": [], "summary": {"covered_lines": 0, "num_statements": 1, "percent_covered": 0.0, "percent_covered_display": "0.00", "missing_lines": 1, "excluded_lines": 0, "percent_statements_covered": 0.0, "percent_statements_covered_display": "0.00"}, "missing_lines": [575], "excluded_lines": []}, "ToolProcessor.execute": {"executed_lines": [], "summary": {"covered_lines": 0, "num_statements": 5, "percent_covered": 0.0, "percent_covered_display": "0.00", "missing_lines": 5, "excluded_lines": 0, "percent_statements_covered": 0.0, "percent_statements_covered_display": "0.00"}, "missing_lines": [637, 640, 641, 644, 651], "excluded_lines": []}, "ToolProcessor._extract_tool_calls": {"executed_lines": [], "summary": {"covered_lines": 0, "num_statements": 27, "percent_covered": 0.0, "percent_covered_display": "0.00", "missing_lines": 27, "excluded_lines": 0, "percent_statements_covered": 0.0, "percent_statements_covered_display": "0.00"}, "missing_lines": [666, 669, 672, 675, 677, 678, 680, 681, 683, 686, 687, 688, 689, 691, 693, 695, 697, 698, 700, 703, 706, 707, 710, 713, 715, 717, 720], "excluded_lines": []}, "ToolProcessor._deduplicate_calls": {"executed_lines": [], "summary": {"covered_lines": 0, "num_statements": 8, "percent_covered": 0.0, "percent_covered_display": "0.00", "missing_lines": 8, "excluded_lines": 0, "percent_statements_covered": 0.0, "percent_statements_covered_display": "0.00"}, "missing_lines": [735, 736, 742, 748, 749, 750, 751, 753], "excluded_lines": []}, "ToolProcessor._deduplicate_calls._args_digest": {"executed_lines": [], "summary": {"covered_lines": 0, "num_statements": 2, "percent_covered": 0.0, "percent_covered_display": "0.00", "missing_lines": 2, "excluded_lines": 0, "percent_statements_covered": 0.0, "percent_statements_covered_display": "0.00"}, "missing_lines": [745, 746], "excluded_lines": []}, "ToolProcessor._try_parser": {"executed_lines": [], "summary": {"covered_lines": 0, "num_statements": 13, "percent_covered": 0.0, "percent_covered_display": "0.00", "missing_lines": 13, "excluded_lines": 0, "percent_statements_covered": 0.0, "percent_statements_covered_display": "0.00"}, "missing_lines": [757, 759, 760, 762, 764, 767, 768, 775, 777, 779, 780, 786, 787], "excluded_lines": []}, "ToolProcessor.list_tools": {"executed_lines": [], "summary": {"covered_lines": 0, "num_statements": 5, "percent_covered": 0.0, "percent_covered_display": "0.00", "missing_lines": 5, "excluded_lines": 0, "percent_statements_covered": 0.0, "percent_statements_covered_display": "0.00"}, "missing_lines": [811, 813, 814, 817, 818], "excluded_lines": []}, "ToolProcessor.get_tool_count": {"executed_lines": [], "summary": {"covered_lines": 0, "num_statements": 5, "percent_covered": 0.0, "percent_covered_display": "0.00", "missing_lines": 5, "excluded_lines": 0, "percent_statements_covered": 0.0, "percent_statements_covered_display": "0.00"}, "missing_lines": [832, 834, 835, 837, 838], "excluded_lines": []}, "ToolProcessor.__aenter__": {"executed_lines": [], "summary": {"covered_lines": 0, "num_statements": 2, "percent_covered": 0.0, "percent_covered_display": "0.00", "missing_lines": 2, "excluded_lines": 0, "percent_statements_covered": 0.0, "percent_statements_covered_display": "0.00"}, "missing_lines": [845, 846], "excluded_lines": []}, "ToolProcessor.__aexit__": {"executed_lines": [], "summary": {"covered_lines": 0, "num_statements": 2, "percent_covered": 0.0, "percent_covered_display": "0.00", "missing_lines": 2, "excluded_lines": 0, "percent_statements_covered": 0.0, "percent_statements_covered_display": "0.00"}, "missing_lines": [850, 851], "excluded_lines": []}, "ToolProcessor.close": {"executed_lines": [], "summary": {"covered_lines": 0, "num_statements": 32, "percent_covered": 0.0, "percent_covered_display": "0.00", "missing_lines": 32, "excluded_lines": 0, "percent_statements_covered": 0.0, "percent_statements_covered_display": "0.00"}, "missing_lines": [860, 862, 864, 865, 866, 867, 868, 869, 872, 873, 874, 875, 876, 877, 879, 880, 883, 885, 886, 887, 888, 889, 890, 891, 893, 894, 895, 896, 897, 899, 901, 902], "excluded_lines": []}, "get_default_processor": {"executed_lines": [], "summary": {"covered_lines": 0, "num_statements": 6, "percent_covered": 0.0, "percent_covered_display": "0.00", "missing_lines": 6, "excluded_lines": 0, "percent_statements_covered": 0.0, "percent_statements_covered_display": "0.00"}, "missing_lines": [914, 915, 916, 917, 918, 920], "excluded_lines": []}, "process": {"executed_lines": [], "summary": {"covered_lines": 0, "num_statements": 2, "percent_covered": 0.0, "percent_covered_display": "0.00", "missing_lines": 2, "excluded_lines": 0, "percent_statements_covered": 0.0, "percent_statements_covered_display": "0.00"}, "missing_lines": [941, 942], "excluded_lines": []}, "process_text": {"executed_lines": [], "summary": {"covered_lines": 0, "num_statements": 2, "percent_covered": 0.0, "percent_covered_display": "0.00", "missing_lines": 2, "excluded_lines": 0, "percent_statements_covered": 0.0, "percent_statements_covered_display": "0.00"}, "missing_lines": [970, 971], "excluded_lines": []}, "": {"executed_lines": [2, 11, 13, 14, 15, 16, 17, 19, 23, 24, 27, 31, 35, 39, 43, 50, 51, 52, 56, 57, 60, 61, 115, 233, 335, 554, 582, 653, 722, 755, 792, 820, 843, 848, 853, 906, 907, 910, 923, 950], "summary": {"covered_lines": 38, "num_statements": 38, "percent_covered": 100.0, "percent_covered_display": "100.00", "missing_lines": 0, "excluded_lines": 0, "percent_statements_covered": 100.0, "percent_statements_covered_display": "100.00"}, "missing_lines": [], "excluded_lines": []}}, "classes": {"ToolProcessor": {"executed_lines": [], "summary": {"covered_lines": 0, "num_statements": 232, "percent_covered": 0.0, "percent_covered_display": "0.00", "missing_lines": 232, "excluded_lines": 0, "percent_statements_covered": 0.0, "percent_statements_covered_display": "0.00"}, "missing_lines": [200, 203, 204, 205, 206, 207, 208, 209, 210, 211, 212, 213, 214, 215, 216, 217, 218, 219, 220, 223, 224, 225, 226, 227, 230, 231, 241, 242, 243, 245, 248, 249, 251, 254, 255, 257, 264, 268, 269, 270, 274, 279, 280, 282, 283, 288, 289, 290, 294, 299, 300, 301, 302, 308, 311, 312, 313, 317, 318, 319, 320, 323, 324, 330, 332, 333, 434, 437, 440, 441, 442, 443, 445, 448, 451, 453, 455, 456, 457, 459, 460, 461, 462, 463, 464, 465, 468, 469, 470, 471, 473, 475, 479, 480, 481, 484, 485, 487, 491, 492, 494, 495, 496, 498, 501, 503, 504, 507, 508, 509, 511, 512, 513, 515, 516, 519, 520, 523, 524, 528, 529, 531, 532, 533, 535, 538, 539, 542, 543, 552, 575, 637, 640, 641, 644, 651, 666, 669, 672, 675, 677, 678, 680, 681, 683, 686, 687, 688, 689, 691, 693, 695, 697, 698, 700, 703, 706, 707, 710, 713, 715, 717, 720, 735, 736, 742, 745, 746, 748, 749, 750, 751, 753, 757, 759, 760, 762, 764, 767, 768, 775, 777, 779, 780, 786, 787, 811, 813, 814, 817, 818, 832, 834, 835, 837, 838, 845, 846, 850, 851, 860, 862, 864, 865, 866, 867, 868, 869, 872, 873, 874, 875, 876, 877, 879, 880, 883, 885, 886, 887, 888, 889, 890, 891, 893, 894, 895, 896, 897, 899, 901, 902], "excluded_lines": []}, "": {"executed_lines": [2, 11, 13, 14, 15, 16, 17, 19, 23, 24, 27, 31, 35, 39, 43, 50, 51, 52, 56, 57, 60, 61, 115, 233, 335, 554, 582, 653, 722, 755, 792, 820, 843, 848, 853, 906, 907, 910, 923, 950], "summary": {"covered_lines": 38, "num_statements": 48, "percent_covered": 79.16666666666667, "percent_covered_display": "79.17", "missing_lines": 10, "excluded_lines": 0, "percent_statements_covered": 79.16666666666667, "percent_statements_covered_display": "79.17"}, "missing_lines": [914, 915, 916, 917, 918, 920, 941, 942, 970, 971], "excluded_lines": []}}}, "src/chuk_tool_processor/execution/__init__.py": {"executed_lines": [2, 4, 11, 13], "summary": {"covered_lines": 3, "num_statements": 3, "percent_covered": 100.0, "percent_covered_display": "100.00", "missing_lines": 0, "excluded_lines": 0, "percent_statements_covered": 100.0, "percent_statements_covered_display": "100.00"}, "missing_lines": [], "excluded_lines": [], "functions": {"": {"executed_lines": [2, 4, 11, 13], "summary": {"covered_lines": 3, "num_statements": 3, "percent_covered": 100.0, "percent_covered_display": "100.00", "missing_lines": 0, "excluded_lines": 0, "percent_statements_covered": 100.0, "percent_statements_covered_display": "100.00"}, "missing_lines": [], "excluded_lines": []}}, "classes": {"": {"executed_lines": [2, 4, 11, 13], "summary": {"covered_lines": 3, "num_statements": 3, "percent_covered": 100.0, "percent_covered_display": "100.00", "missing_lines": 0, "excluded_lines": 0, "percent_statements_covered": 100.0, "percent_statements_covered_display": "100.00"}, "missing_lines": [], "excluded_lines": []}}}, "src/chuk_tool_processor/execution/bulkhead.py": {"executed_lines": [2, 30, 32, 33, 34, 35, 36, 37, 38, 40, 42, 44, 47, 48, 50, 51, 52, 55, 56, 83, 88, 93, 97, 101, 105, 110, 115, 121, 122, 124, 126, 127, 128, 129, 130, 131, 132, 133, 134, 137, 138, 140, 160, 161, 173, 207, 232, 233, 234, 253, 263, 276, 280, 299, 300, 445, 449, 453, 461, 465, 489, 508], "summary": {"covered_lines": 56, "num_statements": 183, "percent_covered": 30.601092896174862, "percent_covered_display": "30.60", "missing_lines": 127, "excluded_lines": 0, "percent_statements_covered": 30.601092896174862, "percent_statements_covered_display": "30.60"}, "missing_lines": [148, 149, 150, 151, 152, 154, 155, 156, 157, 180, 183, 184, 187, 188, 191, 192, 193, 196, 197, 199, 221, 222, 225, 226, 227, 230, 251, 255, 256, 257, 258, 259, 260, 261, 265, 266, 268, 269, 270, 271, 272, 273, 274, 278, 282, 283, 284, 285, 286, 297, 327, 330, 331, 334, 335, 338, 340, 342, 343, 344, 345, 350, 351, 352, 353, 354, 363, 364, 365, 366, 367, 369, 370, 371, 376, 377, 378, 379, 380, 389, 390, 391, 392, 394, 395, 396, 401, 402, 403, 404, 405, 414, 415, 416, 417, 418, 420, 428, 432, 433, 435, 436, 437, 438, 447, 451, 455, 456, 457, 458, 459, 463, 478, 479, 481, 482, 487, 501, 502, 503, 505, 506, 516, 517, 518, 519, 520], "excluded_lines": [], "functions": {"BulkheadFullError.__init__": {"executed_lines": [], "summary": {"covered_lines": 0, "num_statements": 9, "percent_covered": 0.0, "percent_covered_display": "0.00", "missing_lines": 9, "excluded_lines": 0, "percent_statements_covered": 0.0, "percent_statements_covered_display": "0.00"}, "missing_lines": [148, 149, 150, 151, 152, 154, 155, 156, 157], "excluded_lines": []}, "Bulkhead.__init__": {"executed_lines": [], "summary": {"covered_lines": 0, "num_statements": 11, "percent_covered": 0.0, "percent_covered_display": "0.00", "missing_lines": 11, "excluded_lines": 0, "percent_statements_covered": 0.0, "percent_statements_covered_display": "0.00"}, "missing_lines": [180, 183, 184, 187, 188, 191, 192, 193, 196, 197, 199], "excluded_lines": []}, "Bulkhead._get_limit_for_tool": {"executed_lines": [], "summary": {"covered_lines": 0, "num_statements": 6, "percent_covered": 0.0, "percent_covered_display": "0.00", "missing_lines": 6, "excluded_lines": 0, "percent_statements_covered": 0.0, "percent_statements_covered_display": "0.00"}, "missing_lines": [221, 222, 225, 226, 227, 230], "excluded_lines": []}, "Bulkhead._match_pattern": {"executed_lines": [], "summary": {"covered_lines": 0, "num_statements": 1, "percent_covered": 0.0, "percent_covered_display": "0.00", "missing_lines": 1, "excluded_lines": 0, "percent_statements_covered": 0.0, "percent_statements_covered_display": "0.00"}, "missing_lines": [251], "excluded_lines": []}, "Bulkhead._get_tool_semaphore": {"executed_lines": [], "summary": {"covered_lines": 0, "num_statements": 7, "percent_covered": 0.0, "percent_covered_display": "0.00", "missing_lines": 7, "excluded_lines": 0, "percent_statements_covered": 0.0, "percent_statements_covered_display": "0.00"}, "missing_lines": [255, 256, 257, 258, 259, 260, 261], "excluded_lines": []}, "Bulkhead._get_namespace_semaphore": {"executed_lines": [], "summary": {"covered_lines": 0, "num_statements": 9, "percent_covered": 0.0, "percent_covered_display": "0.00", "missing_lines": 9, "excluded_lines": 0, "percent_statements_covered": 0.0, "percent_statements_covered_display": "0.00"}, "missing_lines": [265, 266, 268, 269, 270, 271, 272, 273, 274], "excluded_lines": []}, "Bulkhead._stats_key": {"executed_lines": [], "summary": {"covered_lines": 0, "num_statements": 1, "percent_covered": 0.0, "percent_covered_display": "0.00", "missing_lines": 1, "excluded_lines": 0, "percent_statements_covered": 0.0, "percent_statements_covered_display": "0.00"}, "missing_lines": [278], "excluded_lines": []}, "Bulkhead._get_stats_dict": {"executed_lines": [], "summary": {"covered_lines": 0, "num_statements": 6, "percent_covered": 0.0, "percent_covered_display": "0.00", "missing_lines": 6, "excluded_lines": 0, "percent_statements_covered": 0.0, "percent_statements_covered_display": "0.00"}, "missing_lines": [282, 283, 284, 285, 286, 297], "excluded_lines": []}, "Bulkhead.acquire": {"executed_lines": [], "summary": {"covered_lines": 0, "num_statements": 54, "percent_covered": 0.0, "percent_covered_display": "0.00", "missing_lines": 54, "excluded_lines": 0, "percent_statements_covered": 0.0, "percent_statements_covered_display": "0.00"}, "missing_lines": [327, 330, 331, 334, 335, 338, 340, 342, 343, 344, 345, 350, 351, 352, 353, 354, 363, 364, 365, 366, 367, 369, 370, 371, 376, 377, 378, 379, 380, 389, 390, 391, 392, 394, 395, 396, 401, 402, 403, 404, 405, 414, 415, 416, 417, 418, 420, 428, 432, 433, 435, 436, 437, 438], "excluded_lines": []}, "Bulkhead.get_tool_limit": {"executed_lines": [], "summary": {"covered_lines": 0, "num_statements": 1, "percent_covered": 0.0, "percent_covered_display": "0.00", "missing_lines": 1, "excluded_lines": 0, "percent_statements_covered": 0.0, "percent_statements_covered_display": "0.00"}, "missing_lines": [447], "excluded_lines": []}, "Bulkhead.get_namespace_limit": {"executed_lines": [], "summary": {"covered_lines": 0, "num_statements": 1, "percent_covered": 0.0, "percent_covered_display": "0.00", "missing_lines": 1, "excluded_lines": 0, "percent_statements_covered": 0.0, "percent_statements_covered_display": "0.00"}, "missing_lines": [451], "excluded_lines": []}, "Bulkhead.get_stats": {"executed_lines": [], "summary": {"covered_lines": 0, "num_statements": 5, "percent_covered": 0.0, "percent_covered_display": "0.00", "missing_lines": 5, "excluded_lines": 0, "percent_statements_covered": 0.0, "percent_statements_covered_display": "0.00"}, "missing_lines": [455, 456, 457, 458, 459], "excluded_lines": []}, "Bulkhead.get_all_stats": {"executed_lines": [], "summary": {"covered_lines": 0, "num_statements": 1, "percent_covered": 0.0, "percent_covered_display": "0.00", "missing_lines": 1, "excluded_lines": 0, "percent_statements_covered": 0.0, "percent_statements_covered_display": "0.00"}, "missing_lines": [463], "excluded_lines": []}, "Bulkhead.get_queue_depth": {"executed_lines": [], "summary": {"covered_lines": 0, "num_statements": 5, "percent_covered": 0.0, "percent_covered_display": "0.00", "missing_lines": 5, "excluded_lines": 0, "percent_statements_covered": 0.0, "percent_statements_covered_display": "0.00"}, "missing_lines": [478, 479, 481, 482, 487], "excluded_lines": []}, "Bulkhead.configure_tool": {"executed_lines": [], "summary": {"covered_lines": 0, "num_statements": 5, "percent_covered": 0.0, "percent_covered_display": "0.00", "missing_lines": 5, "excluded_lines": 0, "percent_statements_covered": 0.0, "percent_statements_covered_display": "0.00"}, "missing_lines": [501, 502, 503, 505, 506], "excluded_lines": []}, "Bulkhead.configure_namespace": {"executed_lines": [], "summary": {"covered_lines": 0, "num_statements": 5, "percent_covered": 0.0, "percent_covered_display": "0.00", "missing_lines": 5, "excluded_lines": 0, "percent_statements_covered": 0.0, "percent_statements_covered_display": "0.00"}, "missing_lines": [516, 517, 518, 519, 520], "excluded_lines": []}, "": {"executed_lines": [2, 30, 32, 33, 34, 35, 36, 37, 38, 40, 42, 44, 47, 48, 50, 51, 52, 55, 56, 83, 88, 93, 97, 101, 105, 110, 115, 121, 122, 124, 126, 127, 128, 129, 130, 131, 132, 133, 134, 137, 138, 140, 160, 161, 173, 207, 232, 233, 234, 253, 263, 276, 280, 299, 300, 445, 449, 453, 461, 465, 489, 508], "summary": {"covered_lines": 56, "num_statements": 56, "percent_covered": 100.0, "percent_covered_display": "100.00", "missing_lines": 0, "excluded_lines": 0, "percent_statements_covered": 100.0, "percent_statements_covered_display": "100.00"}, "missing_lines": [], "excluded_lines": []}}, "classes": {"BulkheadLimitType": {"executed_lines": [], "summary": {"covered_lines": 0, "num_statements": 0, "percent_covered": 100.0, "percent_covered_display": "100.00", "missing_lines": 0, "excluded_lines": 0, "percent_statements_covered": 100.0, "percent_statements_covered_display": "100.00"}, "missing_lines": [], "excluded_lines": []}, "BulkheadConfig": {"executed_lines": [], "summary": {"covered_lines": 0, "num_statements": 0, "percent_covered": 100.0, "percent_covered_display": "100.00", "missing_lines": 0, "excluded_lines": 0, "percent_statements_covered": 100.0, "percent_statements_covered_display": "100.00"}, "missing_lines": [], "excluded_lines": []}, "BulkheadStats": {"executed_lines": [], "summary": {"covered_lines": 0, "num_statements": 0, "percent_covered": 100.0, "percent_covered_display": "100.00", "missing_lines": 0, "excluded_lines": 0, "percent_statements_covered": 100.0, "percent_statements_covered_display": "100.00"}, "missing_lines": [], "excluded_lines": []}, "BulkheadFullError": {"executed_lines": [], "summary": {"covered_lines": 0, "num_statements": 9, "percent_covered": 0.0, "percent_covered_display": "0.00", "missing_lines": 9, "excluded_lines": 0, "percent_statements_covered": 0.0, "percent_statements_covered_display": "0.00"}, "missing_lines": [148, 149, 150, 151, 152, 154, 155, 156, 157], "excluded_lines": []}, "Bulkhead": {"executed_lines": [], "summary": {"covered_lines": 0, "num_statements": 118, "percent_covered": 0.0, "percent_covered_display": "0.00", "missing_lines": 118, "excluded_lines": 0, "percent_statements_covered": 0.0, "percent_statements_covered_display": "0.00"}, "missing_lines": [180, 183, 184, 187, 188, 191, 192, 193, 196, 197, 199, 221, 222, 225, 226, 227, 230, 251, 255, 256, 257, 258, 259, 260, 261, 265, 266, 268, 269, 270, 271, 272, 273, 274, 278, 282, 283, 284, 285, 286, 297, 327, 330, 331, 334, 335, 338, 340, 342, 343, 344, 345, 350, 351, 352, 353, 354, 363, 364, 365, 366, 367, 369, 370, 371, 376, 377, 378, 379, 380, 389, 390, 391, 392, 394, 395, 396, 401, 402, 403, 404, 405, 414, 415, 416, 417, 418, 420, 428, 432, 433, 435, 436, 437, 438, 447, 451, 455, 456, 457, 458, 459, 463, 478, 479, 481, 482, 487, 501, 502, 503, 505, 506, 516, 517, 518, 519, 520], "excluded_lines": []}, "": {"executed_lines": [2, 30, 32, 33, 34, 35, 36, 37, 38, 40, 42, 44, 47, 48, 50, 51, 52, 55, 56, 83, 88, 93, 97, 101, 105, 110, 115, 121, 122, 124, 126, 127, 128, 129, 130, 131, 132, 133, 134, 137, 138, 140, 160, 161, 173, 207, 232, 233, 234, 253, 263, 276, 280, 299, 300, 445, 449, 453, 461, 465, 489, 508], "summary": {"covered_lines": 56, "num_statements": 56, "percent_covered": 100.0, "percent_covered_display": "100.00", "missing_lines": 0, "excluded_lines": 0, "percent_statements_covered": 100.0, "percent_statements_covered_display": "100.00"}, "missing_lines": [], "excluded_lines": []}}}, "src/chuk_tool_processor/execution/code_sandbox.py": {"executed_lines": [2, 9, 11, 12, 13, 14, 16, 17, 20, 21, 23, 26, 27, 60, 118, 208], "summary": {"covered_lines": 13, "num_statements": 78, "percent_covered": 16.666666666666668, "percent_covered_display": "16.67", "missing_lines": 65, "excluded_lines": 0, "percent_statements_covered": 16.666666666666668, "percent_statements_covered_display": "16.67"}, "missing_lines": [74, 75, 76, 139, 140, 143, 146, 147, 148, 150, 152, 154, 157, 159, 161, 162, 164, 166, 167, 170, 171, 172, 173, 176, 177, 179, 180, 183, 184, 185, 186, 187, 190, 192, 193, 194, 195, 196, 197, 199, 203, 204, 205, 206, 220, 223, 224, 225, 226, 228, 233, 236, 237, 239, 241, 243, 244, 247, 248, 249, 251, 254, 255, 256, 258], "excluded_lines": [], "functions": {"CodeSandbox.__init__": {"executed_lines": [], "summary": {"covered_lines": 0, "num_statements": 3, "percent_covered": 0.0, "percent_covered_display": "0.00", "missing_lines": 3, "excluded_lines": 0, "percent_statements_covered": 0.0, "percent_statements_covered_display": "0.00"}, "missing_lines": [74, 75, 76], "excluded_lines": []}, "CodeSandbox.execute": {"executed_lines": [], "summary": {"covered_lines": 0, "num_statements": 19, "percent_covered": 0.0, "percent_covered_display": "0.00", "missing_lines": 19, "excluded_lines": 0, "percent_statements_covered": 0.0, "percent_statements_covered_display": "0.00"}, "missing_lines": [139, 140, 143, 146, 147, 148, 150, 152, 192, 193, 194, 195, 196, 197, 199, 203, 204, 205, 206], "excluded_lines": []}, "CodeSandbox.execute._run_code": {"executed_lines": [], "summary": {"covered_lines": 0, "num_statements": 22, "percent_covered": 0.0, "percent_covered_display": "0.00", "missing_lines": 22, "excluded_lines": 0, "percent_statements_covered": 0.0, "percent_statements_covered_display": "0.00"}, "missing_lines": [154, 157, 159, 161, 162, 164, 166, 167, 170, 171, 172, 173, 176, 177, 179, 180, 183, 184, 185, 186, 187, 190], "excluded_lines": []}, "CodeSandbox._build_safe_globals": {"executed_lines": [], "summary": {"covered_lines": 0, "num_statements": 18, "percent_covered": 0.0, "percent_covered_display": "0.00", "missing_lines": 18, "excluded_lines": 0, "percent_statements_covered": 0.0, "percent_statements_covered_display": "0.00"}, "missing_lines": [220, 223, 224, 225, 226, 228, 233, 236, 237, 239, 241, 243, 244, 247, 254, 255, 256, 258], "excluded_lines": []}, "CodeSandbox._build_safe_globals.make_tool_wrapper": {"executed_lines": [], "summary": {"covered_lines": 0, "num_statements": 2, "percent_covered": 0.0, "percent_covered_display": "0.00", "missing_lines": 2, "excluded_lines": 0, "percent_statements_covered": 0.0, "percent_statements_covered_display": "0.00"}, "missing_lines": [248, 251], "excluded_lines": []}, "CodeSandbox._build_safe_globals.make_tool_wrapper.wrapper": {"executed_lines": [], "summary": {"covered_lines": 0, "num_statements": 1, "percent_covered": 0.0, "percent_covered_display": "0.00", "missing_lines": 1, "excluded_lines": 0, "percent_statements_covered": 0.0, "percent_statements_covered_display": "0.00"}, "missing_lines": [249], "excluded_lines": []}, "": {"executed_lines": [2, 9, 11, 12, 13, 14, 16, 17, 20, 21, 23, 26, 27, 60, 118, 208], "summary": {"covered_lines": 13, "num_statements": 13, "percent_covered": 100.0, "percent_covered_display": "100.00", "missing_lines": 0, "excluded_lines": 0, "percent_statements_covered": 100.0, "percent_statements_covered_display": "100.00"}, "missing_lines": [], "excluded_lines": []}}, "classes": {"CodeExecutionError": {"executed_lines": [], "summary": {"covered_lines": 0, "num_statements": 0, "percent_covered": 100.0, "percent_covered_display": "100.00", "missing_lines": 0, "excluded_lines": 0, "percent_statements_covered": 100.0, "percent_statements_covered_display": "100.00"}, "missing_lines": [], "excluded_lines": []}, "CodeSandbox": {"executed_lines": [], "summary": {"covered_lines": 0, "num_statements": 65, "percent_covered": 0.0, "percent_covered_display": "0.00", "missing_lines": 65, "excluded_lines": 0, "percent_statements_covered": 0.0, "percent_statements_covered_display": "0.00"}, "missing_lines": [74, 75, 76, 139, 140, 143, 146, 147, 148, 150, 152, 154, 157, 159, 161, 162, 164, 166, 167, 170, 171, 172, 173, 176, 177, 179, 180, 183, 184, 185, 186, 187, 190, 192, 193, 194, 195, 196, 197, 199, 203, 204, 205, 206, 220, 223, 224, 225, 226, 228, 233, 236, 237, 239, 241, 243, 244, 247, 248, 249, 251, 254, 255, 256, 258], "excluded_lines": []}, "": {"executed_lines": [2, 9, 11, 12, 13, 14, 16, 17, 20, 21, 23, 26, 27, 60, 118, 208], "summary": {"covered_lines": 13, "num_statements": 13, "percent_covered": 100.0, "percent_covered_display": "100.00", "missing_lines": 0, "excluded_lines": 0, "percent_statements_covered": 100.0, "percent_statements_covered_display": "100.00"}, "missing_lines": [], "excluded_lines": []}}}, "src/chuk_tool_processor/execution/strategies/__init__.py": {"executed_lines": [1, 3, 4, 6], "summary": {"covered_lines": 3, "num_statements": 3, "percent_covered": 100.0, "percent_covered_display": "100.00", "missing_lines": 0, "excluded_lines": 0, "percent_statements_covered": 100.0, "percent_statements_covered_display": "100.00"}, "missing_lines": [], "excluded_lines": [], "functions": {"": {"executed_lines": [1, 3, 4, 6], "summary": {"covered_lines": 3, "num_statements": 3, "percent_covered": 100.0, "percent_covered_display": "100.00", "missing_lines": 0, "excluded_lines": 0, "percent_statements_covered": 100.0, "percent_statements_covered_display": "100.00"}, "missing_lines": [], "excluded_lines": []}}, "classes": {"": {"executed_lines": [1, 3, 4, 6], "summary": {"covered_lines": 3, "num_statements": 3, "percent_covered": 100.0, "percent_covered_display": "100.00", "missing_lines": 0, "excluded_lines": 0, "percent_statements_covered": 100.0, "percent_statements_covered_display": "100.00"}, "missing_lines": [], "excluded_lines": []}}}, "src/chuk_tool_processor/execution/strategies/inprocess_strategy.py": {"executed_lines": [3, 31, 33, 34, 35, 36, 37, 38, 39, 40, 41, 43, 44, 45, 46, 47, 48, 50, 56, 57, 62, 63, 65, 99, 109, 116, 132, 193, 242, 355, 452, 467, 567, 676, 768, 769, 773], "summary": {"covered_lines": 35, "num_statements": 271, "percent_covered": 12.915129151291513, "percent_covered_display": "12.92", "missing_lines": 236, "excluded_lines": 0, "percent_statements_covered": 12.915129151291513, "percent_statements_covered_display": "12.92"}, "missing_lines": [58, 79, 80, 81, 84, 85, 86, 90, 92, 107, 111, 129, 151, 152, 155, 156, 159, 160, 169, 170, 171, 172, 173, 174, 175, 176, 178, 179, 181, 182, 183, 184, 185, 188, 190, 215, 216, 219, 221, 222, 230, 231, 232, 233, 234, 235, 238, 239, 240, 262, 263, 265, 267, 268, 278, 279, 282, 283, 284, 285, 286, 288, 290, 291, 293, 294, 304, 305, 307, 310, 313, 315, 317, 319, 322, 323, 325, 327, 328, 338, 340, 342, 343, 353, 374, 375, 376, 378, 381, 382, 383, 385, 386, 396, 397, 399, 400, 410, 412, 414, 415, 417, 419, 420, 421, 423, 433, 435, 437, 438, 440, 450, 460, 461, 463, 464, 485, 486, 487, 489, 492, 493, 504, 506, 507, 508, 519, 522, 525, 527, 528, 529, 530, 531, 532, 542, 544, 554, 555, 556, 590, 591, 592, 593, 595, 608, 610, 612, 613, 615, 616, 617, 619, 629, 631, 632, 633, 635, 646, 648, 649, 659, 660, 661, 662, 663, 665, 694, 697, 698, 699, 700, 702, 704, 705, 706, 707, 709, 710, 713, 714, 715, 716, 717, 718, 721, 722, 723, 724, 725, 726, 729, 731, 733, 734, 737, 738, 739, 741, 742, 743, 744, 745, 748, 749, 752, 753, 754, 755, 756, 757, 760, 762, 763, 765, 766, 771, 781, 782, 784, 785, 788, 789, 790, 793, 794, 795, 796, 797, 798, 800, 801, 804, 805, 806, 808], "excluded_lines": [], "functions": {"_noop_cm": {"executed_lines": [], "summary": {"covered_lines": 0, "num_statements": 1, "percent_covered": 0.0, "percent_covered_display": "0.00", "missing_lines": 1, "excluded_lines": 0, "percent_statements_covered": 0.0, "percent_statements_covered_display": "0.00"}, "missing_lines": [58], "excluded_lines": []}, "InProcessStrategy.__init__": {"executed_lines": [], "summary": {"covered_lines": 0, "num_statements": 8, "percent_covered": 0.0, "percent_covered_display": "0.00", "missing_lines": 8, "excluded_lines": 0, "percent_statements_covered": 0.0, "percent_statements_covered_display": "0.00"}, "missing_lines": [79, 80, 81, 84, 85, 86, 90, 92], "excluded_lines": []}, "InProcessStrategy.mark_direct_streaming": {"executed_lines": [], "summary": {"covered_lines": 0, "num_statements": 1, "percent_covered": 0.0, "percent_covered_display": "0.00", "missing_lines": 1, "excluded_lines": 0, "percent_statements_covered": 0.0, "percent_statements_covered_display": "0.00"}, "missing_lines": [107], "excluded_lines": []}, "InProcessStrategy.clear_direct_streaming": {"executed_lines": [], "summary": {"covered_lines": 0, "num_statements": 1, "percent_covered": 0.0, "percent_covered_display": "0.00", "missing_lines": 1, "excluded_lines": 0, "percent_statements_covered": 0.0, "percent_statements_covered_display": "0.00"}, "missing_lines": [111], "excluded_lines": []}, "InProcessStrategy.execute": {"executed_lines": [], "summary": {"covered_lines": 0, "num_statements": 1, "percent_covered": 0.0, "percent_covered_display": "0.00", "missing_lines": 1, "excluded_lines": 0, "percent_statements_covered": 0.0, "percent_statements_covered_display": "0.00"}, "missing_lines": [129], "excluded_lines": []}, "InProcessStrategy.run": {"executed_lines": [], "summary": {"covered_lines": 0, "num_statements": 23, "percent_covered": 0.0, "percent_covered_display": "0.00", "missing_lines": 23, "excluded_lines": 0, "percent_statements_covered": 0.0, "percent_statements_covered_display": "0.00"}, "missing_lines": [151, 152, 155, 156, 159, 160, 169, 170, 171, 172, 173, 174, 175, 176, 178, 179, 181, 182, 183, 184, 185, 188, 190], "excluded_lines": []}, "InProcessStrategy.stream_run": {"executed_lines": [], "summary": {"covered_lines": 0, "num_statements": 14, "percent_covered": 0.0, "percent_covered_display": "0.00", "missing_lines": 14, "excluded_lines": 0, "percent_statements_covered": 0.0, "percent_statements_covered_display": "0.00"}, "missing_lines": [215, 216, 219, 221, 222, 230, 231, 232, 233, 234, 235, 238, 239, 240], "excluded_lines": []}, "InProcessStrategy._stream_tool_call": {"executed_lines": [], "summary": {"covered_lines": 0, "num_statements": 35, "percent_covered": 0.0, "percent_covered_display": "0.00", "missing_lines": 35, "excluded_lines": 0, "percent_statements_covered": 0.0, "percent_statements_covered_display": "0.00"}, "missing_lines": [262, 263, 265, 267, 268, 278, 279, 282, 283, 284, 285, 286, 288, 290, 291, 293, 294, 304, 305, 307, 310, 313, 315, 317, 319, 322, 323, 325, 327, 328, 338, 340, 342, 343, 353], "excluded_lines": []}, "InProcessStrategy._stream_with_timeout": {"executed_lines": [], "summary": {"covered_lines": 0, "num_statements": 19, "percent_covered": 0.0, "percent_covered_display": "0.00", "missing_lines": 19, "excluded_lines": 0, "percent_statements_covered": 0.0, "percent_statements_covered_display": "0.00"}, "missing_lines": [374, 375, 376, 378, 381, 412, 414, 415, 417, 419, 420, 421, 423, 433, 435, 437, 438, 440, 450], "excluded_lines": []}, "InProcessStrategy._stream_with_timeout.streamer": {"executed_lines": [], "summary": {"covered_lines": 0, "num_statements": 9, "percent_covered": 0.0, "percent_covered_display": "0.00", "missing_lines": 9, "excluded_lines": 0, "percent_statements_covered": 0.0, "percent_statements_covered_display": "0.00"}, "missing_lines": [382, 383, 385, 386, 396, 397, 399, 400, 410], "excluded_lines": []}, "InProcessStrategy._execute_to_queue": {"executed_lines": [], "summary": {"covered_lines": 0, "num_statements": 4, "percent_covered": 0.0, "percent_covered_display": "0.00", "missing_lines": 4, "excluded_lines": 0, "percent_statements_covered": 0.0, "percent_statements_covered_display": "0.00"}, "missing_lines": [460, 461, 463, 464], "excluded_lines": []}, "InProcessStrategy._execute_single_call": {"executed_lines": [], "summary": {"covered_lines": 0, "num_statements": 24, "percent_covered": 0.0, "percent_covered_display": "0.00", "missing_lines": 24, "excluded_lines": 0, "percent_statements_covered": 0.0, "percent_statements_covered_display": "0.00"}, "missing_lines": [485, 486, 487, 489, 492, 493, 504, 506, 507, 508, 519, 522, 525, 527, 528, 529, 530, 531, 532, 542, 544, 554, 555, 556], "excluded_lines": []}, "InProcessStrategy._run_with_timeout": {"executed_lines": [], "summary": {"covered_lines": 0, "num_statements": 27, "percent_covered": 0.0, "percent_covered_display": "0.00", "missing_lines": 27, "excluded_lines": 0, "percent_statements_covered": 0.0, "percent_statements_covered_display": "0.00"}, "missing_lines": [590, 591, 592, 593, 595, 608, 610, 612, 613, 615, 616, 617, 619, 629, 631, 632, 633, 635, 646, 648, 649, 659, 660, 661, 662, 663, 665], "excluded_lines": []}, "InProcessStrategy._resolve_tool_info": {"executed_lines": [], "summary": {"covered_lines": 0, "num_statements": 49, "percent_covered": 0.0, "percent_covered_display": "0.00", "missing_lines": 49, "excluded_lines": 0, "percent_statements_covered": 0.0, "percent_statements_covered_display": "0.00"}, "missing_lines": [694, 697, 698, 699, 700, 702, 704, 705, 706, 707, 709, 710, 713, 714, 715, 716, 717, 718, 721, 722, 723, 724, 725, 726, 729, 731, 733, 734, 737, 738, 739, 741, 742, 743, 744, 745, 748, 749, 752, 753, 754, 755, 756, 757, 760, 762, 763, 765, 766], "excluded_lines": []}, "InProcessStrategy.supports_streaming": {"executed_lines": [], "summary": {"covered_lines": 0, "num_statements": 1, "percent_covered": 0.0, "percent_covered_display": "0.00", "missing_lines": 1, "excluded_lines": 0, "percent_statements_covered": 0.0, "percent_statements_covered_display": "0.00"}, "missing_lines": [771], "excluded_lines": []}, "InProcessStrategy.shutdown": {"executed_lines": [], "summary": {"covered_lines": 0, "num_statements": 19, "percent_covered": 0.0, "percent_covered_display": "0.00", "missing_lines": 19, "excluded_lines": 0, "percent_statements_covered": 0.0, "percent_statements_covered_display": "0.00"}, "missing_lines": [781, 782, 784, 785, 788, 789, 790, 793, 794, 795, 796, 797, 798, 800, 801, 804, 805, 806, 808], "excluded_lines": []}, "": {"executed_lines": [3, 31, 33, 34, 35, 36, 37, 38, 39, 40, 41, 43, 44, 45, 46, 47, 48, 50, 56, 57, 62, 63, 65, 99, 109, 116, 132, 193, 242, 355, 452, 467, 567, 676, 768, 769, 773], "summary": {"covered_lines": 35, "num_statements": 35, "percent_covered": 100.0, "percent_covered_display": "100.00", "missing_lines": 0, "excluded_lines": 0, "percent_statements_covered": 100.0, "percent_statements_covered_display": "100.00"}, "missing_lines": [], "excluded_lines": []}}, "classes": {"InProcessStrategy": {"executed_lines": [], "summary": {"covered_lines": 0, "num_statements": 235, "percent_covered": 0.0, "percent_covered_display": "0.00", "missing_lines": 235, "excluded_lines": 0, "percent_statements_covered": 0.0, "percent_statements_covered_display": "0.00"}, "missing_lines": [79, 80, 81, 84, 85, 86, 90, 92, 107, 111, 129, 151, 152, 155, 156, 159, 160, 169, 170, 171, 172, 173, 174, 175, 176, 178, 179, 181, 182, 183, 184, 185, 188, 190, 215, 216, 219, 221, 222, 230, 231, 232, 233, 234, 235, 238, 239, 240, 262, 263, 265, 267, 268, 278, 279, 282, 283, 284, 285, 286, 288, 290, 291, 293, 294, 304, 305, 307, 310, 313, 315, 317, 319, 322, 323, 325, 327, 328, 338, 340, 342, 343, 353, 374, 375, 376, 378, 381, 382, 383, 385, 386, 396, 397, 399, 400, 410, 412, 414, 415, 417, 419, 420, 421, 423, 433, 435, 437, 438, 440, 450, 460, 461, 463, 464, 485, 486, 487, 489, 492, 493, 504, 506, 507, 508, 519, 522, 525, 527, 528, 529, 530, 531, 53
[...]
31, 159, 160, 162, 163, 164, 165, 166, 167, 170, 173, 174, 175, 176, 177, 179, 181, 182, 184, 185, 188, 189, 190, 191, 192, 195, 196, 198, 220, 221, 223, 224, 227, 228, 231, 232, 233, 235, 236, 237, 238, 241, 242, 243, 244, 245, 252, 255, 260, 267, 268, 275, 278, 283, 290, 291, 298, 301, 302, 304, 327, 328, 331, 332, 334, 336, 338, 340, 342, 343, 346, 347, 349, 350, 351, 352, 354, 355, 356, 358, 361, 363, 364, 365, 367, 389, 390, 392, 393, 395, 397, 398, 401, 404, 406, 407, 409, 410, 412, 414, 416, 436, 437, 439, 440, 441, 442, 443, 445, 462, 464, 465, 466, 467, 468, 470, 471, 473], "excluded_lines": [], "functions": {"GreedyDagScheduler.__init__": {"executed_lines": [], "summary": {"covered_lines": 0, "num_statements": 2, "percent_covered": 0.0, "percent_covered_display": "0.00", "missing_lines": 2, "excluded_lines": 0, "percent_statements_covered": 0.0, "percent_statements_covered_display": "0.00"}, "missing_lines": [66, 67], "excluded_lines": []}, "GreedyDagScheduler.plan": {"executed_lines": [], "summary": {"covered_lines": 0, "num_statements": 19, "percent_covered": 0.0, "percent_covered_display": "0.00", "missing_lines": 19, "excluded_lines": 0, "percent_statements_covered": 0.0, "percent_statements_covered_display": "0.00"}, "missing_lines": [86, 87, 90, 91, 93, 101, 102, 104, 105, 108, 109, 112, 115, 116, 117, 120, 121, 123, 131], "excluded_lines": []}, "GreedyDagScheduler._topological_sort": {"executed_lines": [], "summary": {"covered_lines": 0, "num_statements": 23, "percent_covered": 0.0, "percent_covered_display": "0.00", "missing_lines": 23, "excluded_lines": 0, "percent_statements_covered": 0.0, "percent_statements_covered_display": "0.00"}, "missing_lines": [159, 160, 162, 163, 164, 165, 166, 167, 170, 173, 179, 181, 182, 184, 185, 188, 189, 190, 191, 192, 195, 196, 198], "excluded_lines": []}, "GreedyDagScheduler._topological_sort.sort_key": {"executed_lines": [], "summary": {"covered_lines": 0, "num_statements": 4, "percent_covered": 0.0, "percent_covered_display": "0.00", "missing_lines": 4, "excluded_lines": 0, "percent_statements_covered": 0.0, "percent_statements_covered_display": "0.00"}, "missing_lines": [174, 175, 176, 177], "excluded_lines": []}, "GreedyDagScheduler._determine_skips": {"executed_lines": [], "summary": {"covered_lines": 0, "num_statements": 32, "percent_covered": 0.0, "percent_covered_display": "0.00", "missing_lines": 32, "excluded_lines": 0, "percent_statements_covered": 0.0, "percent_statements_covered_display": "0.00"}, "missing_lines": [220, 221, 223, 224, 227, 228, 231, 232, 233, 235, 236, 237, 238, 241, 242, 243, 244, 245, 252, 255, 260, 267, 268, 275, 278, 283, 290, 291, 298, 301, 302, 304], "excluded_lines": []}, "GreedyDagScheduler._build_stages": {"executed_lines": [], "summary": {"covered_lines": 0, "num_statements": 25, "percent_covered": 0.0, "percent_covered_display": "0.00", "missing_lines": 25, "excluded_lines": 0, "percent_statements_covered": 0.0, "percent_statements_covered_display": "0.00"}, "missing_lines": [327, 328, 331, 332, 334, 336, 338, 340, 342, 343, 346, 347, 349, 350, 351, 352, 354, 355, 356, 358, 361, 363, 364, 365, 367], "excluded_lines": []}, "GreedyDagScheduler._calculate_timeouts": {"executed_lines": [], "summary": {"covered_lines": 0, "num_statements": 16, "percent_covered": 0.0, "percent_covered_display": "0.00", "missing_lines": 16, "excluded_lines": 0, "percent_statements_covered": 0.0, "percent_statements_covered_display": "0.00"}, "missing_lines": [389, 390, 392, 393, 395, 397, 398, 401, 404, 406, 407, 409, 410, 412, 414, 416], "excluded_lines": []}, "GreedyDagScheduler._calculate_critical_path": {"executed_lines": [], "summary": {"covered_lines": 0, "num_statements": 8, "percent_covered": 0.0, "percent_covered_display": "0.00", "missing_lines": 8, "excluded_lines": 0, "percent_statements_covered": 0.0, "percent_statements_covered_display": "0.00"}, "missing_lines": [436, 437, 439, 440, 441, 442, 443, 445], "excluded_lines": []}, "GreedyDagScheduler._calculate_pool_utilization": {"executed_lines": [], "summary": {"covered_lines": 0, "num_statements": 9, "percent_covered": 0.0, "percent_covered_display": "0.00", "missing_lines": 9, "excluded_lines": 0, "percent_statements_covered": 0.0, "percent_statements_covered_display": "0.00"}, "missing_lines": [462, 464, 465, 466, 467, 468, 470, 471, 473], "excluded_lines": []}, "": {"executed_lines": [2, 15, 17, 18, 20, 21, 28, 31, 32, 53, 69, 141, 200, 306, 369, 418, 447], "summary": {"covered_lines": 15, "num_statements": 15, "percent_covered": 100.0, "percent_covered_display": "100.00", "missing_lines": 0, "excluded_lines": 0, "percent_statements_covered": 100.0, "percent_statements_covered_display": "100.00"}, "missing_lines": [], "excluded_lines": []}}, "classes": {"GreedyDagScheduler": {"executed_lines": [], "summary": {"covered_lines": 0, "num_statements": 138, "percent_covered": 0.0, "percent_covered_display": "0.00", "missing_lines": 138, "excluded_lines": 0, "percent_statements_covered": 0.0, "percent_statements_covered_display": "0.00"}, "missing_lines": [66, 67, 86, 87, 90, 91, 93, 101, 102, 104, 105, 108, 109, 112, 115, 116, 117, 120, 121, 123, 131, 159, 160, 162, 163, 164, 165, 166, 167, 170, 173, 174, 175, 176, 177, 179, 181, 182, 184, 185, 188, 189, 190, 191, 192, 195, 196, 198, 220, 221, 223, 224, 227, 228, 231, 232, 233, 235, 236, 237, 238, 241, 242, 243, 244, 245, 252, 255, 260, 267, 268, 275, 278, 283, 290, 291, 298, 301, 302, 304, 327, 328, 331, 332, 334, 336, 338, 340, 342, 343, 346, 347, 349, 350, 351, 352, 354, 355, 356, 358, 361, 363, 364, 365, 367, 389, 390, 392, 393, 395, 397, 398, 401, 404, 406, 407, 409, 410, 412, 414, 416, 436, 437, 439, 440, 441, 442, 443, 445, 462, 464, 465, 466, 467, 468, 470, 471, 473], "excluded_lines": []}, "": {"executed_lines": [2, 15, 17, 18, 20, 21, 28, 31, 32, 53, 69, 141, 200, 306, 369, 418, 447], "summary": {"covered_lines": 15, "num_statements": 15, "percent_covered": 100.0, "percent_covered_display": "100.00", "missing_lines": 0, "excluded_lines": 0, "percent_statements_covered": 100.0, "percent_statements_covered_display": "100.00"}, "missing_lines": [], "excluded_lines": []}}}, "src/chuk_tool_processor/scheduling/policy.py": {"executed_lines": [2, 12, 14, 15, 17, 25, 26, 49], "summary": {"covered_lines": 5, "num_statements": 5, "percent_covered": 100.0, "percent_covered_display": "100.00", "missing_lines": 0, "excluded_lines": 3, "percent_statements_covered": 100.0, "percent_statements_covered_display": "100.00"}, "missing_lines": [], "excluded_lines": [17, 18, 66], "functions": {"SchedulerPolicy.plan": {"executed_lines": [], "summary": {"covered_lines": 0, "num_statements": 0, "percent_covered": 100.0, "percent_covered_display": "100.00", "missing_lines": 0, "excluded_lines": 1, "percent_statements_covered": 100.0, "percent_statements_covered_display": "100.00"}, "missing_lines": [], "excluded_lines": [66]}, "": {"executed_lines": [2, 12, 14, 15, 17, 25, 26, 49], "summary": {"covered_lines": 5, "num_statements": 5, "percent_covered": 100.0, "percent_covered_display": "100.00", "missing_lines": 0, "excluded_lines": 2, "percent_statements_covered": 100.0, "percent_statements_covered_display": "100.00"}, "missing_lines": [], "excluded_lines": [17, 18]}}, "classes": {"SchedulerPolicy": {"executed_lines": [], "summary": {"covered_lines": 0, "num_statements": 0, "percent_covered": 100.0, "percent_covered_display": "100.00", "missing_lines": 0, "excluded_lines": 1, "percent_statements_covered": 100.0, "percent_statements_covered_display": "100.00"}, "missing_lines": [], "excluded_lines": [66]}, "": {"executed_lines": [2, 12, 14, 15, 17, 25, 26, 49], "summary": {"covered_lines": 5, "num_statements": 5, "percent_covered": 100.0, "percent_covered_display": "100.00", "missing_lines": 0, "excluded_lines": 2, "percent_statements_covered": 100.0, "percent_statements_covered_display": "100.00"}, "missing_lines": [], "excluded_lines": [17, 18]}}}, "src/chuk_tool_processor/scheduling/types.py": {"executed_lines": [2, 9, 11, 13, 16, 17, 34, 36, 40, 45, 50, 55, 61, 62, 78, 80, 81, 82, 86, 90, 94, 99, 106, 107, 120, 122, 127, 132, 136, 143, 144, 146, 148, 149, 150, 153, 154, 174, 176, 180, 184, 188, 193, 197, 202, 207, 212, 213, 217, 218], "summary": {"covered_lines": 44, "num_statements": 46, "percent_covered": 95.65217391304348, "percent_covered_display": "95.65", "missing_lines": 2, "excluded_lines": 0, "percent_statements_covered": 95.65217391304348, "percent_statements_covered_display": "95.65"}, "missing_lines": [215, 220], "excluded_lines": [], "functions": {"ExecutionPlan.all_scheduled_calls": {"executed_lines": [], "summary": {"covered_lines": 0, "num_statements": 1, "percent_covered": 0.0, "percent_covered_display": "0.00", "missing_lines": 1, "excluded_lines": 0, "percent_statements_covered": 0.0, "percent_statements_covered_display": "0.00"}, "missing_lines": [215], "excluded_lines": []}, "ExecutionPlan.total_stages": {"executed_lines": [], "summary": {"covered_lines": 0, "num_statements": 1, "percent_covered": 0.0, "percent_covered_display": "0.00", "missing_lines": 1, "excluded_lines": 0, "percent_statements_covered": 0.0, "percent_statements_covered_display": "0.00"}, "missing_lines": [220], "excluded_lines": []}, "": {"executed_lines": [2, 9, 11, 13, 16, 17, 34, 36, 40, 45, 50, 55, 61, 62, 78, 80, 81, 82, 86, 90, 94, 99, 106, 107, 120, 122, 127, 132, 136, 143, 144, 146, 148, 149, 150, 153, 154, 174, 176, 180, 184, 188, 193, 197, 202, 207, 212, 213, 217, 218], "summary": {"covered_lines": 44, "num_statements": 44, "percent_covered": 100.0, "percent_covered_display": "100.00", "missing_lines": 0, "excluded_lines": 0, "percent_statements_covered": 100.0, "percent_statements_covered_display": "100.00"}, "missing_lines": [], "excluded_lines": []}}, "classes": {"ToolMetadata": {"executed_lines": [], "summary": {"covered_lines": 0, "num_statements": 0, "percent_covered": 100.0, "percent_covered_display": "100.00", "missing_lines": 0, "excluded_lines": 0, "percent_statements_covered": 100.0, "percent_statements_covered_display": "100.00"}, "missing_lines": [], "excluded_lines": []}, "ToolCallSpec": {"executed_lines": [], "summary": {"covered_lines": 0, "num_statements": 0, "percent_covered": 100.0, "percent_covered_display": "100.00", "missing_lines": 0, "excluded_lines": 0, "percent_statements_covered": 100.0, "percent_statements_covered_display": "100.00"}, "missing_lines": [], "excluded_lines": []}, "SchedulingConstraints": {"executed_lines": [], "summary": {"covered_lines": 0, "num_statements": 0, "percent_covered": 100.0, "percent_covered_display": "100.00", "missing_lines": 0, "excluded_lines": 0, "percent_statements_covered": 100.0, "percent_statements_covered_display": "100.00"}, "missing_lines": [], "excluded_lines": []}, "SkipReason": {"executed_lines": [], "summary": {"covered_lines": 0, "num_statements": 0, "percent_covered": 100.0, "percent_covered_display": "100.00", "missing_lines": 0, "excluded_lines": 0, "percent_statements_covered": 100.0, "percent_statements_covered_display": "100.00"}, "missing_lines": [], "excluded_lines": []}, "ExecutionPlan": {"executed_lines": [], "summary": {"covered_lines": 0, "num_statements": 2, "percent_covered": 0.0, "percent_covered_display": "0.00", "missing_lines": 2, "excluded_lines": 0, "percent_statements_covered": 0.0, "percent_statements_covered_display": "0.00"}, "missing_lines": [215, 220], "excluded_lines": []}, "": {"executed_lines": [2, 9, 11, 13, 16, 17, 34, 36, 40, 45, 50, 55, 61, 62, 78, 80, 81, 82, 86, 90, 94, 99, 106, 107, 120, 122, 127, 132, 136, 143, 144, 146, 148, 149, 150, 153, 154, 174, 176, 180, 184, 188, 193, 197, 202, 207, 212, 213, 217, 218], "summary": {"covered_lines": 44, "num_statements": 44, "percent_covered": 100.0, "percent_covered_display": "100.00", "missing_lines": 0, "excluded_lines": 0, "percent_statements_covered": 100.0, "percent_statements_covered_display": "100.00"}, "missing_lines": [], "excluded_lines": []}}}, "src/chuk_tool_processor/utils/__init__.py": {"executed_lines": [0], "summary": {"covered_lines": 0, "num_statements": 0, "percent_covered": 100.0, "percent_covered_display": "100.00", "missing_lines": 0, "excluded_lines": 0, "percent_statements_covered": 100.0, "percent_statements_covered_display": "100.00"}, "missing_lines": [], "excluded_lines": [], "functions": {"": {"executed_lines": [], "summary": {"covered_lines": 0, "num_statements": 0, "percent_covered": 100.0, "percent_covered_display": "100.00", "missing_lines": 0, "excluded_lines": 0, "percent_statements_covered": 100.0, "percent_statements_covered_display": "100.00"}, "missing_lines": [], "excluded_lines": []}}, "classes": {"": {"executed_lines": [], "summary": {"covered_lines": 0, "num_statements": 0, "percent_covered": 100.0, "percent_covered_display": "100.00", "missing_lines": 0, "excluded_lines": 0, "percent_statements_covered": 100.0, "percent_statements_covered_display": "100.00"}, "missing_lines": [], "excluded_lines": []}}}, "src/chuk_tool_processor/utils/fast_json.py": {"executed_lines": [2, 11, 12, 13, 15, 18, 19, 21, 22, 28, 64, 93, 120, 150, 152, 157], "summary": {"covered_lines": 15, "num_statements": 64, "percent_covered": 23.4375, "percent_covered_display": "23.44", "missing_lines": 49, "excluded_lines": 0, "percent_statements_covered": 23.4375, "percent_statements_covered_display": "23.44"}, "missing_lines": [23, 24, 25, 44, 47, 50, 51, 52, 54, 55, 57, 58, 61, 76, 78, 79, 80, 82, 83, 84, 85, 88, 89, 90, 104, 106, 107, 108, 109, 111, 112, 113, 114, 115, 117, 132, 133, 134, 135, 136, 137, 139, 140, 141, 142, 143, 144, 146, 154], "excluded_lines": [], "functions": {"dumps": {"executed_lines": [], "summary": {"covered_lines": 0, "num_statements": 10, "percent_covered": 0.0, "percent_covered_display": "0.00", "missing_lines": 10, "excluded_lines": 0, "percent_statements_covered": 0.0, "percent_statements_covered_display": "0.00"}, "missing_lines": [44, 47, 50, 51, 52, 54, 55, 57, 58, 61], "excluded_lines": []}, "loads": {"executed_lines": [], "summary": {"covered_lines": 0, "num_statements": 11, "percent_covered": 0.0, "percent_covered_display": "0.00", "missing_lines": 11, "excluded_lines": 0, "percent_statements_covered": 0.0, "percent_statements_covered_display": "0.00"}, "missing_lines": [76, 78, 79, 80, 82, 83, 84, 85, 88, 89, 90], "excluded_lines": []}, "dump": {"executed_lines": [], "summary": {"covered_lines": 0, "num_statements": 11, "percent_covered": 0.0, "percent_covered_display": "0.00", "missing_lines": 11, "excluded_lines": 0, "percent_statements_covered": 0.0, "percent_statements_covered_display": "0.00"}, "missing_lines": [104, 106, 107, 108, 109, 111, 112, 113, 114, 115, 117], "excluded_lines": []}, "load": {"executed_lines": [], "summary": {"covered_lines": 0, "num_statements": 13, "percent_covered": 0.0, "percent_covered_display": "0.00", "missing_lines": 13, "excluded_lines": 0, "percent_statements_covered": 0.0, "percent_statements_covered_display": "0.00"}, "missing_lines": [132, 133, 134, 135, 136, 137, 139, 140, 141, 142, 143, 144, 146], "excluded_lines": []}, "": {"executed_lines": [2, 11, 12, 13, 15, 18, 19, 21, 22, 28, 64, 93, 120, 150, 152, 157], "summary": {"covered_lines": 15, "num_statements": 19, "percent_covered": 78.94736842105263, "percent_covered_display": "78.95", "missing_lines": 4, "excluded_lines": 0, "percent_statements_covered": 78.94736842105263, "percent_statements_covered_display": "78.95"}, "missing_lines": [23, 24, 25, 154], "excluded_lines": []}}, "classes": {"": {"executed_lines": [2, 11, 12, 13, 15, 18, 19, 21, 22, 28, 64, 93, 120, 150, 152, 157], "summary": {"covered_lines": 15, "num_statements": 64, "percent_covered": 23.4375, "percent_covered_display": "23.44", "missing_lines": 49, "excluded_lines": 0, "percent_statements_covered": 23.4375, "percent_statements_covered_display": "23.44"}, "missing_lines": [23, 24, 25, 44, 47, 50, 51, 52, 54, 55, 57, 58, 61, 76, 78, 79, 80, 82, 83, 84, 85, 88, 89, 90, 104, 106, 107, 108, 109, 111, 112, 113, 114, 115, 117, 132, 133, 134, 135, 136, 137, 139, 140, 141, 142, 143, 144, 146, 154], "excluded_lines": []}}}, "src/chuk_tool_processor/utils/validation.py": {"executed_lines": [], "summary": {"covered_lines": 0, "num_statements": 52, "percent_covered": 0.0, "percent_covered_display": "0.00", "missing_lines": 52, "excluded_lines": 0, "percent_statements_covered": 0.0, "percent_statements_covered_display": "0.00"}, "missing_lines": [12, 14, 15, 16, 17, 19, 22, 24, 35, 36, 38, 39, 41, 42, 43, 44, 45, 46, 48, 55, 56, 58, 59, 60, 62, 73, 75, 76, 77, 78, 79, 82, 84, 85, 86, 87, 88, 89, 90, 98, 110, 111, 114, 115, 117, 118, 119, 120, 121, 122, 124, 125], "excluded_lines": [], "functions": {"_arg_model": {"executed_lines": [], "summary": {"covered_lines": 0, "num_statements": 9, "percent_covered": 0.0, "percent_covered_display": "0.00", "missing_lines": 9, "excluded_lines": 0, "percent_statements_covered": 0.0, "percent_statements_covered_display": "0.00"}, "missing_lines": [38, 39, 41, 42, 43, 44, 45, 46, 48], "excluded_lines": []}, "_result_model": {"executed_lines": [], "summary": {"covered_lines": 0, "num_statements": 4, "percent_covered": 0.0, "percent_covered_display": "0.00", "missing_lines": 4, "excluded_lines": 0, "percent_statements_covered": 0.0, "percent_statements_covered_display": "0.00"}, "missing_lines": [58, 59, 60, 62], "excluded_lines": []}, "validate_arguments": {"executed_lines": [], "summary": {"covered_lines": 0, "num_statements": 5, "percent_covered": 0.0, "percent_covered_display": "0.00", "missing_lines": 5, "excluded_lines": 0, "percent_statements_covered": 0.0, "percent_statements_covered_display": "0.00"}, "missing_lines": [75, 76, 77, 78, 79], "excluded_lines": []}, "validate_result": {"executed_lines": [], "summary": {"covered_lines": 0, "num_statements": 7, "percent_covered": 0.0, "percent_covered_display": "0.00", "missing_lines": 7, "excluded_lines": 0, "percent_statements_covered": 0.0, "percent_statements_covered_display": "0.00"}, "missing_lines": [84, 85, 86, 87, 88, 89, 90], "excluded_lines": []}, "with_validation": {"executed_lines": [], "summary": {"covered_lines": 0, "num_statements": 8, "percent_covered": 0.0, "percent_covered_display": "0.00", "missing_lines": 8, "excluded_lines": 0, "percent_statements_covered": 0.0, "percent_statements_covered_display": "0.00"}, "missing_lines": [110, 111, 114, 115, 117, 118, 124, 125], "excluded_lines": []}, "with_validation._validated": {"executed_lines": [], "summary": {"covered_lines": 0, "num_statements": 4, "percent_covered": 0.0, "percent_covered_display": "0.00", "missing_lines": 4, "excluded_lines": 0, "percent_statements_covered": 0.0, "percent_statements_covered_display": "0.00"}, "missing_lines": [119, 120, 121, 122], "excluded_lines": []}, "": {"executed_lines": [], "summary": {"covered_lines": 0, "num_statements": 15, "percent_covered": 0.0, "percent_covered_display": "0.00", "missing_lines": 15, "excluded_lines": 0, "percent_statements_covered": 0.0, "percent_statements_covered_display": "0.00"}, "missing_lines": [12, 14, 15, 16, 17, 19, 22, 24, 35, 36, 55, 56, 73, 82, 98], "excluded_lines": []}}, "classes": {"": {"executed_lines": [], "summary": {"covered_lines": 0, "num_statements": 52, "percent_covered": 0.0, "percent_covered_display": "0.00", "missing_lines": 52, "excluded_lines": 0, "percent_statements_covered": 0.0, "percent_statements_covered_display": "0.00"}, "missing_lines": [12, 14, 15, 16, 17, 19, 22, 24, 35, 36, 38, 39, 41, 42, 43, 44, 45, 46, 48, 55, 56, 58, 59, 60, 62, 73, 75, 76, 77, 78, 79, 82, 84, 85, 86, 87, 88, 89, 90, 98, 110, 111, 114, 115, 117, 118, 119, 120, 121, 122, 124, 125], "excluded_lines": []}}}}, "totals": {"covered_lines": 2527, "num_statements": 7780, "percent_covered": 32.48071979434447, "percent_covered_display": "32.48", "missing_lines": 5253, "excluded_lines": 89, "percent_statements_covered": 32.48071979434447, "percent_statements_covered_display": "32.48"}}